[1m============================= test session starts ==============================[0m
platform darwin -- Python 3.12.3, pytest-8.3.5, pluggy-1.5.0 -- /Users/niccavendish/Projects/DAWGitApp/daw-git-env/bin/python
cachedir: .pytest_cache
PyQt6 6.9.0 -- Qt runtime 6.9.0 -- Qt compiled 6.9.0
rootdir: /Users/niccavendish/Projects/DAWGitApp
configfile: pytest.ini
plugins: qt-4.4.0, rich-0.2.0
[1mcollecting ... [0mcollected 60 items

tests_dawgit/test_branch_info.py::test_create_new_branch_from_commit [DEBUG] Skipping QTimer.singleShot — parent not visible.
📌 No version locked in — staying on current HEAD
[WARN] Could not load take label for branch main: 'NoneType' object has no attribute 'head'
[WARN] Could not load take label for branch experiment: 'NoneType' object has no attribute 'head'
[WARN] Could not load take label for branch alt_mix: 'NoneType' object has no attribute 'head'
DEBUG COLUMN 3: None
[DEBUG] Skipping QTimer.singleShot — parent not visible.
[DEBUG] Loaded project path: /var/folders/yx/c_cp834d18v7ptq75l5x7twm0000gn/T/tmpmbn2wdea
[DEBUG] Initializing Git...
[DEBUG] Found DAW files: [PosixPath('/var/folders/yx/c_cp834d18v7ptq75l5x7twm0000gn/T/tmpmbn2wdea/project.als')]
[DEBUG] Found existing Git repo at /var/folders/yx/c_cp834d18v7ptq75l5x7twm0000gn/T/tmpmbn2wdea
🎯 Repo is in detached HEAD state — skipping bind_repo() to preserve HEAD.
[DEBUG] Repo is in detached HEAD state
[DEBUG] Tooltip set for row 0: e4b73144af48f90511986b2cad4d5ca6be607ea1
[DEBUG] Row 0: commit e4b7314 → branches: (HEAD detached at e4b7314), main
[DEBUG] Selected current commit row 0
[DEBUG] Tooltip set for row 1: 2c882234b78bf8c3490fcdd28a9a93cc60f97edf
[DEBUG] Row 1: commit 2c88223 → branches: (HEAD detached at e4b7314), main
[DEBUG] status label set: ℹ️ Detached snapshot — not on an active version line
[DEBUG] Version line commit: 🎼 Start New Version Line: test_branch
[DEBUG] Comparing None to 2c88223 (row 0)
[DEBUG] Comparing None to e4b7314 (row 1)
[DEBUG] Comparing None to 6ce92b0 (row 2)
[DEBUG] Selected row: -1
[DEBUG] Final selected row after update_log(): -1
🧹 Removing test branch...
[DEBUG] Full status --porcelain output:
[DEBUG] Raw Git status --porcelain:
[DEBUG] Recently modified .als detected: project.als
[32mPASSED[0m[CLEANUP] Removed file: /var/folders/yx/c_cp834d18v7ptq75l5x7twm0000gn/T/tmpmbn2wdea/project.als

tests_dawgit/test_branch_info.py::test_branch_creation_in_detached_head_creates_version_line [DEBUG] Skipping QTimer.singleShot — parent not visible.
📌 No version locked in — staying on current HEAD
[WARN] Could not load take label for branch main: 'NoneType' object has no attribute 'head'
[WARN] Could not load take label for branch experiment: 'NoneType' object has no attribute 'head'
[WARN] Could not load take label for branch alt_mix: 'NoneType' object has no attribute 'head'
DEBUG COLUMN 3: None
[DEBUG] Skipping QTimer.singleShot — parent not visible.
[WARNING] Stylesheet not loaded: [Errno 2] No such file or directory: 'styles/dawgit_styles.qss'
[DEBUG] Loaded project path: /var/folders/yx/c_cp834d18v7ptq75l5x7twm0000gn/T/tmpib4aylvx
[DEBUG] Initializing Git...
[DEBUG] Found DAW files: [PosixPath('/var/folders/yx/c_cp834d18v7ptq75l5x7twm0000gn/T/tmpib4aylvx/init_project.als')]
[DEBUG] Found existing Git repo at /var/folders/yx/c_cp834d18v7ptq75l5x7twm0000gn/T/tmpib4aylvx
🎯 Repo is in detached HEAD state — skipping bind_repo() to preserve HEAD.
[DEBUG] Repo is in detached HEAD state
[DEBUG] Tooltip set for row 0: 8c26763d61cca0f0b140036396bdacfc0eb0db27
[DEBUG] Row 0: commit 8c26763 → branches: (HEAD detached at 8c26763), main
[DEBUG] Selected current commit row 0
[DEBUG] Tooltip set for row 1: c0a0ad155045ef0db7d030df4947834f4ad2268d
[DEBUG] Row 1: commit c0a0ad1 → branches: (HEAD detached at 8c26763), main
[DEBUG] status label set: ℹ️ Detached snapshot — not on an active version line
[DEBUG] Version line commit: 🎼 Start New Version Line: version_line_test
[DEBUG] Comparing None to c0a0ad1 (row 0)
[DEBUG] Comparing None to 8c26763 (row 1)
[DEBUG] Comparing None to 1650c37 (row 2)
[DEBUG] Selected row: -1
[DEBUG] Final selected row after update_log(): -1
[DEBUG] Full status --porcelain output:
  →  D project.als
[DEBUG] Raw Git status --porcelain:
[DEBUG] Checking cleaned file path: project.als
[DEBUG] Unsaved change detected: project.als
[32mPASSED[0m[CLEANUP] Removed file: /var/folders/yx/c_cp834d18v7ptq75l5x7twm0000gn/T/tmpib4aylvx/init_project.als
[DEBUG] Full status --porcelain output:
  →  D init_project.als
[DEBUG] Raw Git status --porcelain:
[DEBUG] Checking cleaned file path: init_project.als
[DEBUG] Unsaved change detected: init_project.als

tests_dawgit/test_branch_switching_behavior.py::test_switching_to_same_branch_does_nothing No local changes to save
[WARNING] Stylesheet not loaded: [Errno 2] No such file or directory: 'styles/dawgit_styles.qss'
[DEBUG] Loaded project path: /private/var/folders/yx/c_cp834d18v7ptq75l5x7twm0000gn/T/pytest-of-niccavendish/pytest-0/test_switching_to_same_branch_0/BranchSwitchTest
[DEBUG] Initializing Git...
[DEBUG] Found DAW files: [PosixPath('/private/var/folders/yx/c_cp834d18v7ptq75l5x7twm0000gn/T/pytest-of-niccavendish/pytest-0/test_switching_to_same_branch_0/BranchSwitchTest/test.als')]
[DEBUG] No existing repo found. Initializing new repo at /private/var/folders/yx/c_cp834d18v7ptq75l5x7twm0000gn/T/pytest-of-niccavendish/pytest-0/test_switching_to_same_branch_0/BranchSwitchTest
✅ New Git repo initialized.
✅ Saved last project path: /private/var/folders/yx/c_cp834d18v7ptq75l5x7twm0000gn/T/pytest-of-niccavendish/pytest-0/test_switching_to_same_branch_0/BranchSwitchTest
⚠️ Skipping update_log(): history_table not initialized yet.
[DEBUG] Initializing Git...
[DEBUG] Found DAW files: [PosixPath('/private/var/folders/yx/c_cp834d18v7ptq75l5x7twm0000gn/T/pytest-of-niccavendish/pytest-0/test_switching_to_same_branch_0/BranchSwitchTest/test.als')]
[DEBUG] Found existing Git repo at /private/var/folders/yx/c_cp834d18v7ptq75l5x7twm0000gn/T/pytest-of-niccavendish/pytest-0/test_switching_to_same_branch_0/BranchSwitchTest
[DEBUG] Repo rebound: HEAD = e3b5f96
⚠️ Skipping update_log(): no history_table defined yet.
ℹ️ Existing Git repo found — checking status...
⚠️ Skipping update_log(): history_table not initialized yet.
[DEBUG] Full status --porcelain output:
[DEBUG] Raw Git status --porcelain:
[DEBUG] Recently modified .als detected: test.als
🔒 Unsaved changes backed up to: /private/var/folders/yx/c_cp834d18v7ptq75l5x7twm0000gn/T/pytest-of-niccavendish/pytest-0/test_switching_to_same_branch_0/Backup_BranchSwitchTest_20250520_114425
[DEBUG] Initializing Git...
[DEBUG] Found DAW files: [PosixPath('/private/var/folders/yx/c_cp834d18v7ptq75l5x7twm0000gn/T/pytest-of-niccavendish/pytest-0/test_switching_to_same_branch_0/BranchSwitchTest/test.als')]
[DEBUG] Found existing Git repo at /private/var/folders/yx/c_cp834d18v7ptq75l5x7twm0000gn/T/pytest-of-niccavendish/pytest-0/test_switching_to_same_branch_0/BranchSwitchTest
[DEBUG] Repo rebound: HEAD = e3b5f96
⚠️ Skipping update_log(): no history_table defined yet.
ℹ️ Existing Git repo found — checking status...
⚠️ Skipping update_log(): history_table not initialized yet.
⚠️ Skipping update_log(): no history_table defined yet.
[32mPASSED[0m
tests_dawgit/test_branching_logic.py::test_create_version_line_from_detached_head [DEBUG] Skipping QTimer.singleShot — parent not visible.
📌 No version locked in — staying on current HEAD
[WARN] Could not load take label for branch main: 'NoneType' object has no attribute 'head'
[WARN] Could not load take label for branch experiment: 'NoneType' object has no attribute 'head'
[WARN] Could not load take label for branch alt_mix: 'NoneType' object has no attribute 'head'
DEBUG COLUMN 3: None
[DEBUG] Skipping QTimer.singleShot — parent not visible.
[WARNING] Stylesheet not loaded: [Errno 2] No such file or directory: 'styles/dawgit_styles.qss'
[DEBUG] Loaded project path: /private/var/folders/yx/c_cp834d18v7ptq75l5x7twm0000gn/T/pytest-of-niccavendish/pytest-0/test_create_version_line_from_0/TestProject
[DEBUG] Initializing Git...
[DEBUG] Found DAW files: []
🧪 [Test Mode] No DAW files found — continuing with empty project.
[DEBUG] No existing repo found. Initializing new repo at /private/var/folders/yx/c_cp834d18v7ptq75l5x7twm0000gn/T/pytest-of-niccavendish/pytest-0/test_create_version_line_from_0/TestProject
✅ New Git repo initialized.
✅ Saved last project path: /private/var/folders/yx/c_cp834d18v7ptq75l5x7twm0000gn/T/pytest-of-niccavendish/pytest-0/test_create_version_line_from_0/TestProject
[DEBUG] status label set: ✅ 🎧 On version line — 🎵 Session branch: <span style="color:#00BCD4;">main</span> — Current take: <span style="color:#00BCD4;">version 1</span>
[DEBUG] self.current_commit_id before update_log: 7209d437ab1d81b271ff07546219d7341e517431
[DEBUG] Comparing 7209d43 to 7209d43 (row 0)
[DEBUG] Selected row: 0
[DEBUG] Final selected row after update_log(): 0
[DEBUG] Tooltip set for row 0: 7209d437ab1d81b271ff07546219d7341e517431
[DEBUG] Row 0: commit 7209d43 → branches: 🎯 main
[DEBUG] Selected current commit row 0
[DEBUG] status label set: ✅ 🎧 On version line — 🎵 Session branch: <span style="color:#00BCD4;">main</span> — Current take: <span style="color:#00BCD4;">version 1</span>
[DEBUG] Full status --porcelain output:
  →  D project.als
[DEBUG] Raw Git status --porcelain:
[DEBUG] Checking cleaned file path: project.als
[DEBUG] Unsaved change detected: project.als
[DEBUG] Version line commit: 🎼 Start New Version Line: new_take
[DEBUG] Comparing 7209d43 to 7209d43 (row 0)
[DEBUG] Comparing 7209d43 to ea4907f (row 1)
[DEBUG] Comparing 7209d43 to e387a2d (row 2)
[DEBUG] Selected row: 0
[DEBUG] Final selected row after update_log(): 0
[32mPASSED[0m
tests_dawgit/test_branching_logic.py::test_safe_switch_branch_creates_if_missing [DEBUG] Skipping QTimer.singleShot — parent not visible.
📌 No version locked in — staying on current HEAD
[WARN] Could not load take label for branch main: 'NoneType' object has no attribute 'head'
[WARN] Could not load take label for branch experiment: 'NoneType' object has no attribute 'head'
[WARN] Could not load take label for branch alt_mix: 'NoneType' object has no attribute 'head'
DEBUG COLUMN 3: None
[DEBUG] Skipping QTimer.singleShot — parent not visible.
[WARNING] Stylesheet not loaded: [Errno 2] No such file or directory: 'styles/dawgit_styles.qss'
[DEBUG] Loaded project path: /private/var/folders/yx/c_cp834d18v7ptq75l5x7twm0000gn/T/pytest-of-niccavendish/pytest-0/test_safe_switch_branch_create0/TestProject
[DEBUG] Initializing Git...
[DEBUG] Found DAW files: []
🧪 [Test Mode] No DAW files found — continuing with empty project.
[DEBUG] No existing repo found. Initializing new repo at /private/var/folders/yx/c_cp834d18v7ptq75l5x7twm0000gn/T/pytest-of-niccavendish/pytest-0/test_safe_switch_branch_create0/TestProject
✅ New Git repo initialized.
✅ Saved last project path: /private/var/folders/yx/c_cp834d18v7ptq75l5x7twm0000gn/T/pytest-of-niccavendish/pytest-0/test_safe_switch_branch_create0/TestProject
[DEBUG] status label set: ✅ 🎧 On version line — 🎵 Session branch: <span style="color:#00BCD4;">main</span> — Current take: <span style="color:#00BCD4;">version 1</span>
[DEBUG] self.current_commit_id before update_log: e385e25cb9168c8e00bca8ebc7a732e85482fdbd
[DEBUG] Comparing e385e25 to e385e25 (row 0)
[DEBUG] Selected row: 0
[DEBUG] Final selected row after update_log(): 0
[DEBUG] Tooltip set for row 0: e385e25cb9168c8e00bca8ebc7a732e85482fdbd
[DEBUG] Row 0: commit e385e25 → branches: 🎯 main
[DEBUG] Selected current commit row 0
[DEBUG] status label set: ✅ 🎧 On version line — 🎵 Session branch: <span style="color:#00BCD4;">main</span> — Current take: <span style="color:#00BCD4;">version 1</span>
[DEBUG] Full status --porcelain output:
[DEBUG] Raw Git status --porcelain:
[DEBUG] Recently modified .als detected: dummy.als
[DEBUG] Version line commit: 🎼 Start New Version Line: fresh_mix
[DEBUG] Comparing e385e25 to e385e25 (row 0)
[DEBUG] Comparing e385e25 to 4af4e5d (row 1)
[DEBUG] Comparing e385e25 to 059f56d (row 2)
[DEBUG] Comparing e385e25 to f772793 (row 3)
[DEBUG] Selected row: 0
[DEBUG] Final selected row after update_log(): 0
[TEST DEBUG] Branch switch result: {'status': 'ok', 'message': "Created and switched to new branch 'fresh_mix'."}
[DEBUG] Full status --porcelain output:
  →  D project.als
[DEBUG] Raw Git status --porcelain:
[DEBUG] Checking cleaned file path: project.als
[DEBUG] Unsaved change detected: project.als
[32mPASSED[0m
tests_dawgit/test_branching_logic.py::test_update_session_branch_display_reflects_branch_and_commit [DEBUG] Skipping QTimer.singleShot — parent not visible.
📌 No version locked in — staying on current HEAD
[WARN] Could not load take label for branch main: 'NoneType' object has no attribute 'head'
[WARN] Could not load take label for branch experiment: 'NoneType' object has no attribute 'head'
[WARN] Could not load take label for branch alt_mix: 'NoneType' object has no attribute 'head'
DEBUG COLUMN 3: None
[DEBUG] Skipping QTimer.singleShot — parent not visible.
[WARNING] Stylesheet not loaded: [Errno 2] No such file or directory: 'styles/dawgit_styles.qss'
[DEBUG] Loaded project path: /private/var/folders/yx/c_cp834d18v7ptq75l5x7twm0000gn/T/pytest-of-niccavendish/pytest-0/test_update_session_branch_dis0/TestProject
[DEBUG] Initializing Git...
[DEBUG] Found DAW files: []
🧪 [Test Mode] No DAW files found — continuing with empty project.
[DEBUG] No existing repo found. Initializing new repo at /private/var/folders/yx/c_cp834d18v7ptq75l5x7twm0000gn/T/pytest-of-niccavendish/pytest-0/test_update_session_branch_dis0/TestProject
✅ New Git repo initialized.
✅ Saved last project path: /private/var/folders/yx/c_cp834d18v7ptq75l5x7twm0000gn/T/pytest-of-niccavendish/pytest-0/test_update_session_branch_dis0/TestProject
[DEBUG] status label set: ✅ 🎧 On version line — 🎵 Session branch: <span style="color:#00BCD4;">main</span> — Current take: <span style="color:#00BCD4;">version 1</span>
[DEBUG] self.current_commit_id before update_log: 75ec5bdc54b8a92445fecee9ff44b6b152e06230
[DEBUG] Comparing 75ec5bd to 75ec5bd (row 0)
[DEBUG] Selected row: 0
[DEBUG] Final selected row after update_log(): 0
[DEBUG] Tooltip set for row 0: 75ec5bdc54b8a92445fecee9ff44b6b152e06230
[DEBUG] Row 0: commit 75ec5bd → branches: 🎯 main
[DEBUG] Selected current commit row 0
[DEBUG] status label set: ✅ 🎧 On version line — 🎵 Session branch: <span style="color:#00BCD4;">main</span> — Current take: <span style="color:#00BCD4;">version 1</span>
[DEBUG] Full status --porcelain output:
[DEBUG] Raw Git status --porcelain:
[DEBUG] Recently modified .als detected: dummy.als
[TEST DEBUG] Branch Label: 🎵 Branch: main
[TEST DEBUG] Commit Label: 🎶 Commit: a85a1b5
[32mPASSED[0m
tests_dawgit/test_branching_logic.py::test_switch_branch_with_unsaved_changes_prompts_backup [DEBUG] Skipping QTimer.singleShot — parent not visible.
📌 No version locked in — staying on current HEAD
[WARN] Could not load take label for branch main: 'NoneType' object has no attribute 'head'
[WARN] Could not load take label for branch experiment: 'NoneType' object has no attribute 'head'
[WARN] Could not load take label for branch alt_mix: 'NoneType' object has no attribute 'head'
DEBUG COLUMN 3: None
[DEBUG] Skipping QTimer.singleShot — parent not visible.
[WARNING] Stylesheet not loaded: [Errno 2] No such file or directory: 'styles/dawgit_styles.qss'
[DEBUG] Loaded project path: /private/var/folders/yx/c_cp834d18v7ptq75l5x7twm0000gn/T/pytest-of-niccavendish/pytest-0/test_switch_branch_with_unsave0/TestProject
[DEBUG] Initializing Git...
[DEBUG] Found DAW files: []
🧪 [Test Mode] No DAW files found — continuing with empty project.
[DEBUG] No existing repo found. Initializing new repo at /private/var/folders/yx/c_cp834d18v7ptq75l5x7twm0000gn/T/pytest-of-niccavendish/pytest-0/test_switch_branch_with_unsave0/TestProject
✅ New Git repo initialized.
✅ Saved last project path: /private/var/folders/yx/c_cp834d18v7ptq75l5x7twm0000gn/T/pytest-of-niccavendish/pytest-0/test_switch_branch_with_unsave0/TestProject
[DEBUG] status label set: ✅ 🎧 On version line — 🎵 Session branch: <span style="color:#00BCD4;">main</span> — Current take: <span style="color:#00BCD4;">version 1</span>
[DEBUG] self.current_commit_id before update_log: 75ec5bdc54b8a92445fecee9ff44b6b152e06230
[DEBUG] Comparing 75ec5bd to 75ec5bd (row 0)
[DEBUG] Selected row: 0
[DEBUG] Final selected row after update_log(): 0
[DEBUG] Tooltip set for row 0: 75ec5bdc54b8a92445fecee9ff44b6b152e06230
[DEBUG] Row 0: commit 75ec5bd → branches: 🎯 main
[DEBUG] Selected current commit row 0
[DEBUG] status label set: ✅ 🎧 On version line — 🎵 Session branch: <span style="color:#00BCD4;">main</span> — Current take: <span style="color:#00BCD4;">version 1</span>
[DEBUG] Full status --porcelain output:
[DEBUG] Raw Git status --porcelain:
[DEBUG] Recently modified .als detected: dummy.als
[DEBUG] Full status --porcelain output:
  →  D project.als
[DEBUG] Raw Git status --porcelain:
[DEBUG] Checking cleaned file path: project.als
[DEBUG] Unsaved change detected: project.als
[SAFE SWITCH] Uncommitted changes detected — triggering backup.
[TEST DEBUG] Backup called: True
[TEST DEBUG] Branch switch result: {'status': 'warning', 'message': 'Uncommitted changes present — backed up.'}
[DEBUG] Full status --porcelain output:
[DEBUG] Raw Git status --porcelain:
[DEBUG] Recently modified .als detected: dummy.als
[32mPASSED[0m
tests_dawgit/test_branching_logic.py::test_create_new_version_line_commits_version_marker_and_placeholder [DEBUG] Skipping QTimer.singleShot — parent not visible.
📌 No version locked in — staying on current HEAD
[WARN] Could not load take label for branch main: 'NoneType' object has no attribute 'head'
[WARN] Could not load take label for branch experiment: 'NoneType' object has no attribute 'head'
[WARN] Could not load take label for branch alt_mix: 'NoneType' object has no attribute 'head'
DEBUG COLUMN 3: None
[DEBUG] Skipping QTimer.singleShot — parent not visible.
[WARNING] Stylesheet not loaded: [Errno 2] No such file or directory: 'styles/dawgit_styles.qss'
[DEBUG] Loaded project path: /private/var/folders/yx/c_cp834d18v7ptq75l5x7twm0000gn/T/pytest-of-niccavendish/pytest-0/test_create_new_version_line_c0/TestProject
[DEBUG] Initializing Git...
[DEBUG] Found DAW files: []
🧪 [Test Mode] No DAW files found — continuing with empty project.
[DEBUG] No existing repo found. Initializing new repo at /private/var/folders/yx/c_cp834d18v7ptq75l5x7twm0000gn/T/pytest-of-niccavendish/pytest-0/test_create_new_version_line_c0/TestProject
✅ New Git repo initialized.
✅ Saved last project path: /private/var/folders/yx/c_cp834d18v7ptq75l5x7twm0000gn/T/pytest-of-niccavendish/pytest-0/test_create_new_version_line_c0/TestProject
[DEBUG] status label set: ✅ 🎧 On version line — 🎵 Session branch: <span style="color:#00BCD4;">main</span> — Current take: <span style="color:#00BCD4;">version 1</span>
[DEBUG] self.current_commit_id before update_log: 75ec5bdc54b8a92445fecee9ff44b6b152e06230
[DEBUG] Comparing 75ec5bd to 75ec5bd (row 0)
[DEBUG] Selected row: 0
[DEBUG] Final selected row after update_log(): 0
[DEBUG] Tooltip set for row 0: 75ec5bdc54b8a92445fecee9ff44b6b152e06230
[DEBUG] Row 0: commit 75ec5bd → branches: 🎯 main
[DEBUG] Selected current commit row 0
[DEBUG] status label set: ✅ 🎧 On version line — 🎵 Session branch: <span style="color:#00BCD4;">main</span> — Current take: <span style="color:#00BCD4;">version 1</span>
[DEBUG] Full status --porcelain output:
[DEBUG] Raw Git status --porcelain:
[DEBUG] Recently modified .als detected: dummy.als
[DEBUG] Full status --porcelain output:
  →  M dummy.als
[DEBUG] Raw Git status --porcelain:
[DEBUG] Checking cleaned file path: dummy.als
[DEBUG] Unsaved change detected: dummy.als
[DEBUG] Full status --porcelain output:
[DEBUG] Raw Git status --porcelain:
[DEBUG] Recently modified .als detected: dummy.als
[DEBUG] Version line commit: 🎼 Start New Version Line: autotest_branch
[DEBUG] Comparing 75ec5bd to 75ec5bd (row 0)
[DEBUG] Comparing 75ec5bd to 99faee1 (row 1)
[DEBUG] Comparing 75ec5bd to 26f0d3d (row 2)
[DEBUG] Comparing 75ec5bd to 9603efd (row 3)
[DEBUG] Selected row: 0
[DEBUG] Final selected row after update_log(): 0
[TEST DEBUG] Create version line result: {'status': 'success', 'commit_message': '🎼 Start New Version Line: autotest_branch'}
[TEST DEBUG] Files in commit: ['.version_marker', 'dummy.als']
[DEBUG] Full status --porcelain output:
  →  D project.als
[DEBUG] Raw Git status --porcelain:
[DEBUG] Checking cleaned file path: project.als
[DEBUG] Unsaved change detected: project.als
[32mPASSED[0m
tests_dawgit/test_checkout_safety.py::test_checkout_commit_from_other_branch[True] [DEBUG] Skipping QTimer.singleShot — parent not visible.
📌 No version locked in — staying on current HEAD
[WARN] Could not load take label for branch main: 'NoneType' object has no attribute 'head'
[WARN] Could not load take label for branch experiment: 'NoneType' object has no attribute 'head'
[WARN] Could not load take label for branch alt_mix: 'NoneType' object has no attribute 'head'
DEBUG COLUMN 3: None
[DEBUG] Skipping QTimer.singleShot — parent not visible.
[WARNING] Stylesheet not loaded: [Errno 2] No such file or directory: 'styles/dawgit_styles.qss'
[DEBUG] Loaded project path: /var/folders/yx/c_cp834d18v7ptq75l5x7twm0000gn/T/tmplwaewyr6
[DEBUG] Initializing Git...
[DEBUG] Found DAW files: [PosixPath('/var/folders/yx/c_cp834d18v7ptq75l5x7twm0000gn/T/tmplwaewyr6/track.als')]
[DEBUG] Found existing Git repo at /var/folders/yx/c_cp834d18v7ptq75l5x7twm0000gn/T/tmplwaewyr6
🎯 Repo is in detached HEAD state — skipping bind_repo() to preserve HEAD.
[DEBUG] Repo is in detached HEAD state
[DEBUG] Tooltip set for row 0: 9888f7aa21fe8210fe6e2b45ec64c9b4271d22fe
[DEBUG] Row 0: commit 9888f7a → branches: (HEAD detached at 9888f7a), branch-explore, main
[DEBUG] Selected current commit row 0
[DEBUG] Tooltip set for row 1: 5220046e615da59870814fed9a779b39cd55156f
[DEBUG] Row 1: commit 5220046 → branches: (HEAD detached at 9888f7a), branch-explore, main
[DEBUG] status label set: ℹ️ Detached snapshot — not on an active version line
[DEBUG] Full status --porcelain output:
[DEBUG] Raw Git status --porcelain:
[DEBUG] Recently modified .als detected: track.als
🔒 Unsaved changes backed up to: /var/folders/yx/c_cp834d18v7ptq75l5x7twm0000gn/T/Backup_tmplwaewyr6_20250520_114430
[DEBUG] Already on selected commit — skipping checkout.
[DEBUG] Full status --porcelain output:
[DEBUG] Raw Git status --porcelain:
[DEBUG] Recently modified .als detected: dummy.als
[DEBUG] Full status --porcelain output:
[DEBUG] Raw Git status --porcelain:
[DEBUG] Recently modified .als detected: dummy.als
[DEBUG] Full status --porcelain output:
[DEBUG] Raw Git status --porcelain:
[DEBUG] Recently modified .als detected: dummy.als
[DEBUG] Full status --porcelain output:
  →  M dummy.als
[DEBUG] Raw Git status --porcelain:
[DEBUG] Checking cleaned file path: dummy.als
[DEBUG] Unsaved change detected: dummy.als
[DEBUG] Full status --porcelain output:
[DEBUG] Raw Git status --porcelain:
[DEBUG] Recently modified .als detected: dummy.als
[DEBUG] Full status --porcelain output:
  →  D project.als
[DEBUG] Raw Git status --porcelain:
[DEBUG] Checking cleaned file path: project.als
[DEBUG] Unsaved change detected: project.als
[32mPASSED[0m[CLEANUP] Removed file: /var/folders/yx/c_cp834d18v7ptq75l5x7twm0000gn/T/tmplwaewyr6/track.als
[DEBUG] Full status --porcelain output:
  →  D track.als
[DEBUG] Raw Git status --porcelain:
[DEBUG] Checking cleaned file path: track.als
[DEBUG] Unsaved change detected: track.als

tests_dawgit/test_checkout_safety.py::test_open_latest_daw_project_launches_correct_file[True] [DEBUG] Skipping QTimer.singleShot — parent not visible.
📌 No version locked in — staying on current HEAD
[WARN] Could not load take label for branch main: 'NoneType' object has no attribute 'head'
[WARN] Could not load take label for branch experiment: 'NoneType' object has no attribute 'head'
[WARN] Could not load take label for branch alt_mix: 'NoneType' object has no attribute 'head'
DEBUG COLUMN 3: None
[DEBUG] Skipping QTimer.singleShot — parent not visible.
[WARNING] Stylesheet not loaded: [Errno 2] No such file or directory: 'styles/dawgit_styles.qss'
[DEBUG] Loaded project path: /var/folders/yx/c_cp834d18v7ptq75l5x7twm0000gn/T/tmprgdgdpt7
[DEBUG] Initializing Git...
[DEBUG] Found DAW files: [PosixPath('/var/folders/yx/c_cp834d18v7ptq75l5x7twm0000gn/T/tmprgdgdpt7/session.als'), PosixPath('/var/folders/yx/c_cp834d18v7ptq75l5x7twm0000gn/T/tmprgdgdpt7/dummy.als')]
[DEBUG] Found existing Git repo at /var/folders/yx/c_cp834d18v7ptq75l5x7twm0000gn/T/tmprgdgdpt7
🎯 Repo is in detached HEAD state — skipping bind_repo() to preserve HEAD.
[DEBUG] Repo is in detached HEAD state
[ERROR] get_tag_for_commit failed for 5e25f31dd130258a3fbd6ac7f19984bc5d509126: not enough values to unpack (expected 2, got 0)
[DEBUG] Tooltip set for row 0: 5e25f31dd130258a3fbd6ac7f19984bc5d509126
[ERROR] Failed to get branches for 5e25f31: not enough values to unpack (expected 2, got 0)
[DEBUG] Row 0: commit 5e25f31 → branches: –
[DEBUG] Selected current commit row 0
[ERROR] get_tag_for_commit failed for e9e888cea5502b673906bfd1f0eb87284de79203: not enough values to unpack (expected 2, got 0)
[DEBUG] Tooltip set for row 1: e9e888cea5502b673906bfd1f0eb87284de79203
[ERROR] Failed to get branches for e9e888c: not enough values to unpack (expected 2, got 0)
[DEBUG] Row 1: commit e9e888c → branches: –
[ERROR] get_tag_for_commit failed for 67ec89c062429bd14ddf13e530ad4461ef3a4831: not enough values to unpack (expected 2, got 0)
[DEBUG] Tooltip set for row 2: 67ec89c062429bd14ddf13e530ad4461ef3a4831
[ERROR] Failed to get branches for 67ec89c: not enough values to unpack (expected 2, got 0)
[DEBUG] Row 2: commit 67ec89c → branches: –
[DEBUG] status label set: ℹ️ Detached snapshot — not on an active version line
[DEBUG] Full status --porcelain output:
[DEBUG] Raw Git status --porcelain:
[DEBUG] Recently modified .als detected: session.als
🔒 Unsaved changes backed up to: /var/folders/yx/c_cp834d18v7ptq75l5x7twm0000gn/T/Backup_tmprgdgdpt7_20250520_114432
[DEBUG] Already on selected commit — skipping checkout.
✅ [TEST MODE] Skipping Popen check — verifying return instead.
[TEST MODE] Skipping snapshot confirmation.
[TEST MODE] Would open: /var/folders/yx/c_cp834d18v7ptq75l5x7twm0000gn/T/tmprgdgdpt7/dummy.als
[DEBUG] Full status --porcelain output:
[DEBUG] Raw Git status --porcelain:
[DEBUG] Recently modified .als detected: dummy.als
[DEBUG] Full status --porcelain output:
[DEBUG] Raw Git status --porcelain:
[DEBUG] Recently modified .als detected: dummy.als
[DEBUG] Full status --porcelain output:
[DEBUG] Raw Git status --porcelain:
[DEBUG] Recently modified .als detected: dummy.als
[DEBUG] Full status --porcelain output:
  →  M dummy.als
[DEBUG] Raw Git status --porcelain:
[DEBUG] Checking cleaned file path: dummy.als
[DEBUG] Unsaved change detected: dummy.als
[DEBUG] Full status --porcelain output:
[DEBUG] Raw Git status --porcelain:
[DEBUG] Recently modified .als detected: dummy.als
[DEBUG] Full status --porcelain output:
  →  D project.als
[DEBUG] Raw Git status --porcelain:
[DEBUG] Checking cleaned file path: project.als
[DEBUG] Unsaved change detected: project.als
[32mPASSED[0m[CLEANUP] Removed file: /var/folders/yx/c_cp834d18v7ptq75l5x7twm0000gn/T/tmprgdgdpt7/session.als
[CLEANUP] Removed file: /var/folders/yx/c_cp834d18v7ptq75l5x7twm0000gn/T/tmprgdgdpt7/dummy.als

tests_dawgit/test_checkout_safety.py::test_checkout_latest_from_old_commit [WARNING] Stylesheet not loaded: [Errno 2] No such file or directory: 'styles/dawgit_styles.qss'
[DEBUG] Loaded project path: /private/var/folders/yx/c_cp834d18v7ptq75l5x7twm0000gn/T/pytest-of-niccavendish/pytest-0/test_checkout_latest_from_old_0/TestProject
[DEBUG] Initializing Git...
[DEBUG] Found DAW files: [PosixPath('/private/var/folders/yx/c_cp834d18v7ptq75l5x7twm0000gn/T/pytest-of-niccavendish/pytest-0/test_checkout_latest_from_old_0/TestProject/dummy.als')]
[DEBUG] No existing repo found. Initializing new repo at /private/var/folders/yx/c_cp834d18v7ptq75l5x7twm0000gn/T/pytest-of-niccavendish/pytest-0/test_checkout_latest_from_old_0/TestProject
✅ New Git repo initialized.
✅ Saved last project path: /private/var/folders/yx/c_cp834d18v7ptq75l5x7twm0000gn/T/pytest-of-niccavendish/pytest-0/test_checkout_latest_from_old_0/TestProject
⚠️ Skipping update_log(): history_table not initialized yet.
[DEBUG] Full status --porcelain output:
  →  D dummy.als
  →  D session.als
[DEBUG] Raw Git status --porcelain:
[DEBUG] Checking cleaned file path: dummy.als
[DEBUG] Unsaved change detected: dummy.als
[DEBUG] Repo rebound: HEAD = 9da3e94
⚠️ Skipping update_log(): no history_table defined yet.
⚠️ Skipping update_log(): no history_table defined yet.
[DEBUG] Full status --porcelain output:
  →  D project.als
[DEBUG] Raw Git status --porcelain:
[DEBUG] Checking cleaned file path: project.als
[DEBUG] Unsaved change detected: project.als
[32mPASSED[0m
tests_dawgit/test_checkout_safety.py::test_checkout_selected_commit_enters_detached_head [TEST MODE] Forced project path via env var: /private/var/folders/yx/c_cp834d18v7ptq75l5x7twm0000gn/T/pytest-of-niccavendish/pytest-0/test_checkout_selected_commit_0/DetachedCheck
[DEBUG] Skipping QTimer.singleShot — parent not visible.
📌 No version locked in — staying on current HEAD
[WARN] Could not load take label for branch main: 'NoneType' object has no attribute 'head'
[WARN] Could not load take label for branch experiment: 'NoneType' object has no attribute 'head'
[WARN] Could not load take label for branch alt_mix: 'NoneType' object has no attribute 'head'
DEBUG COLUMN 3: None
[DEBUG] Skipping QTimer.singleShot — parent not visible.
[WARNING] Stylesheet not loaded: [Errno 2] No such file or directory: 'styles/dawgit_styles.qss'
[DEBUG] Loaded project path: /private/var/folders/yx/c_cp834d18v7ptq75l5x7twm0000gn/T/pytest-of-niccavendish/pytest-0/test_checkout_selected_commit_0/DetachedCheck
[DEBUG] Initializing Git...
[DEBUG] Found DAW files: [PosixPath('/private/var/folders/yx/c_cp834d18v7ptq75l5x7twm0000gn/T/pytest-of-niccavendish/pytest-0/test_checkout_selected_commit_0/DetachedCheck/track.als')]
[DEBUG] Found existing Git repo at /private/var/folders/yx/c_cp834d18v7ptq75l5x7twm0000gn/T/pytest-of-niccavendish/pytest-0/test_checkout_selected_commit_0/DetachedCheck
[DEBUG] Repo rebound: HEAD = 0341ae0
[DEBUG] Comparing 0341ae0 to 92f8cd6 (row 0)
[DEBUG] Comparing 0341ae0 to 0341ae0 (row 1)
[DEBUG] Selected row: 1
[DEBUG] Final selected row after update_log(): 1
[DEBUG] status label set: ✅ 🎧 On version line — 🎵 Session branch: <span style="color:#00BCD4;">main</span> — Current take: <span style="color:#00BCD4;">version 2</span>
[DEBUG] status label set: ✅ 🎧 On version line — 🎵 Session branch: <span style="color:#00BCD4;">main</span> — Current take: <span style="color:#00BCD4;">version 2</span>
ℹ️ Existing Git repo found — checking status...
[DEBUG] status label set: ✅ 🎧 On version line — 🎵 Session branch: <span style="color:#00BCD4;">main</span> — Current take: <span style="color:#00BCD4;">version 2</span>
[DEBUG] self.current_commit_id before update_log: 0341ae05fa9fe6d55bd491037fb422c6830a1bab
[DEBUG] Comparing 0341ae0 to 92f8cd6 (row 0)
[DEBUG] Comparing 0341ae0 to 0341ae0 (row 1)
[DEBUG] Selected row: 1
[DEBUG] Final selected row after update_log(): 1
[DEBUG] Tooltip set for row 0: 0341ae05fa9fe6d55bd491037fb422c6830a1bab
[DEBUG] Row 0: commit 0341ae0 → branches: 🎯 main
[DEBUG] Selected current commit row 0
[DEBUG] Tooltip set for row 1: 92f8cd66e7fa640cb461ccd8273a42f7c1146820
[DEBUG] Row 1: commit 92f8cd6 → branches: 🎯 main
[DEBUG] status label set: ✅ 🎧 On version line — 🎵 Session branch: <span style="color:#00BCD4;">main</span> — Current take: <span style="color:#00BCD4;">version 2</span>
[DEBUG] Full status --porcelain output:
[DEBUG] Raw Git status --porcelain:
[DEBUG] Recently modified .als detected: track.als
🔒 Unsaved changes backed up to: /private/var/folders/yx/c_cp834d18v7ptq75l5x7twm0000gn/T/pytest-of-niccavendish/pytest-0/test_checkout_selected_commit_0/Backup_DetachedCheck_20250520_114433
[DEBUG] Checking out commit: 92f8cd66e7fa640cb461ccd8273a42f7c1146820
[DEBUG] Repo rebound: HEAD = 92f8cd6
[DEBUG] Comparing 92f8cd6 to 92f8cd6 (row 0)
[DEBUG] Selected row: 0
[DEBUG] Final selected row after update_log(): 0
[DEBUG] status label set: ℹ️ Detached snapshot — not on an active version line
[DEBUG] Initializing Git...
[DEBUG] Found DAW files: [PosixPath('/private/var/folders/yx/c_cp834d18v7ptq75l5x7twm0000gn/T/pytest-of-niccavendish/pytest-0/test_checkout_selected_commit_0/DetachedCheck/track.als')]
[DEBUG] Found existing Git repo at /private/var/folders/yx/c_cp834d18v7ptq75l5x7twm0000gn/T/pytest-of-niccavendish/pytest-0/test_checkout_selected_commit_0/DetachedCheck
🎯 Repo is in detached HEAD state — skipping bind_repo() to preserve HEAD.
[DEBUG] Comparing 92f8cd6 to 92f8cd6 (row 0)
[DEBUG] Selected row: 0
[DEBUG] Final selected row after update_log(): 0
[DEBUG] Full status --porcelain output:
[DEBUG] Raw Git status --porcelain:
[DEBUG] Recently modified .als detected: track.als
[32mPASSED[0m
tests_dawgit/test_checkout_safety.py::test_checkout_latest_from_detached_state [TEST MODE] Forced project path via env var: /private/var/folders/yx/c_cp834d18v7ptq75l5x7twm0000gn/T/pytest-of-niccavendish/pytest-0/test_checkout_latest_from_deta0/ReturnTest
[DEBUG] Skipping QTimer.singleShot — parent not visible.
📌 No version locked in — staying on current HEAD
[WARN] Could not load take label for branch main: 'NoneType' object has no attribute 'head'
[WARN] Could not load take label for branch experiment: 'NoneType' object has no attribute 'head'
[WARN] Could not load take label for branch alt_mix: 'NoneType' object has no attribute 'head'
DEBUG COLUMN 3: None
[DEBUG] Skipping QTimer.singleShot — parent not visible.
[WARNING] Stylesheet not loaded: [Errno 2] No such file or directory: 'styles/dawgit_styles.qss'
[DEBUG] Loaded project path: /private/var/folders/yx/c_cp834d18v7ptq75l5x7twm0000gn/T/pytest-of-niccavendish/pytest-0/test_checkout_latest_from_deta0/ReturnTest
[DEBUG] Initializing Git...
[DEBUG] Found DAW files: [PosixPath('/private/var/folders/yx/c_cp834d18v7ptq75l5x7twm0000gn/T/pytest-of-niccavendish/pytest-0/test_checkout_latest_from_deta0/ReturnTest/music.als')]
[DEBUG] Found existing Git repo at /private/var/folders/yx/c_cp834d18v7ptq75l5x7twm0000gn/T/pytest-of-niccavendish/pytest-0/test_checkout_latest_from_deta0/ReturnTest
[DEBUG] Repo rebound: HEAD = 25ca55e
[DEBUG] Comparing 25ca55e to 25ca55e (row 0)
[DEBUG] Selected row: 0
[DEBUG] Final selected row after update_log(): 0
[DEBUG] status label set: ✅ 🎧 On version line — 🎵 Session branch: <span style="color:#00BCD4;">main</span> — Current take: <span style="color:#00BCD4;">version 1</span>
[DEBUG] status label set: ✅ 🎧 On version line — 🎵 Session branch: <span style="color:#00BCD4;">main</span> — Current take: <span style="color:#00BCD4;">version 1</span>
ℹ️ Existing Git repo found — checking status...
[DEBUG] status label set: ✅ 🎧 On version line — 🎵 Session branch: <span style="color:#00BCD4;">main</span> — Current take: <span style="color:#00BCD4;">version 1</span>
[DEBUG] self.current_commit_id before update_log: 25ca55eb5a638fcd4fa71d65e216f71ae949bd83
[DEBUG] Comparing 25ca55e to 25ca55e (row 0)
[DEBUG] Selected row: 0
[DEBUG] Final selected row after update_log(): 0
[DEBUG] Tooltip set for row 0: 25ca55eb5a638fcd4fa71d65e216f71ae949bd83
[DEBUG] Row 0: commit 25ca55e → branches: 🎯 main
[DEBUG] Selected current commit row 0
[DEBUG] status label set: ✅ 🎧 On version line — 🎵 Session branch: <span style="color:#00BCD4;">main</span> — Current take: <span style="color:#00BCD4;">version 1</span>
[DEBUG] Starting commit with message: 'Updated'
[DEBUG] Project path: /private/var/folders/yx/c_cp834d18v7ptq75l5x7twm0000gn/T/pytest-of-niccavendish/pytest-0/test_checkout_latest_from_deta0/ReturnTest
[DEBUG] Repo is None? False
[DEBUG] DAW files found: [PosixPath('/private/var/folders/yx/c_cp834d18v7ptq75l5x7twm0000gn/T/pytest-of-niccavendish/pytest-0/test_checkout_latest_from_deta0/ReturnTest/music.als')]
[DEBUG] Comparing 88b2ab9 to 25ca55e (row 0)
[DEBUG] Comparing 88b2ab9 to 88b2ab9 (row 1)
[DEBUG] Selected row: 1
[DEBUG] Final selected row after update_log(): 1
[DEBUG] status label set: ✅ 🎧 On version line — 🎵 Session branch: <span style="color:#00BCD4;">main</span> — Current take: <span style="color:#00BCD4;">version 2</span>
[DEBUG] Commit successful: Updated → 88b2ab9
[DEBUG] status label set: ✅ 🎧 On version line — 🎵 Session branch: <span style="color:#00BCD4;">main</span> — Current take: <span style="color:#00BCD4;">version 2</span>
[DEBUG] Full status --porcelain output:
[DEBUG] Raw Git status --porcelain:
[DEBUG] Recently modified .als detected: music.als
🔒 Unsaved changes backed up to: /private/var/folders/yx/c_cp834d18v7ptq75l5x7twm0000gn/T/pytest-of-niccavendish/pytest-0/test_checkout_latest_from_deta0/Backup_ReturnTest_20250520_114434
[DEBUG] Checking out commit: 25ca55eb5a638fcd4fa71d65e216f71ae949bd83
[DEBUG] Repo rebound: HEAD = 25ca55e
[DEBUG] Comparing 25ca55e to 25ca55e (row 0)
[DEBUG] Selected row: 0
[DEBUG] Final selected row after update_log(): 0
[DEBUG] status label set: ℹ️ Detached snapshot — not on an active version line
[DEBUG] Initializing Git...
[DEBUG] Found DAW files: [PosixPath('/private/var/folders/yx/c_cp834d18v7ptq75l5x7twm0000gn/T/pytest-of-niccavendish/pytest-0/test_checkout_latest_from_deta0/ReturnTest/music.als')]
[DEBUG] Found existing Git repo at /private/var/folders/yx/c_cp834d18v7ptq75l5x7twm0000gn/T/pytest-of-niccavendish/pytest-0/test_checkout_latest_from_deta0/ReturnTest
🎯 Repo is in detached HEAD state — skipping bind_repo() to preserve HEAD.
[DEBUG] Comparing 25ca55e to 25ca55e (row 0)
[DEBUG] Selected row: 0
[DEBUG] Final selected row after update_log(): 0
[DEBUG] Repo rebound: HEAD = 88b2ab9
[DEBUG] Comparing 88b2ab9 to 25ca55e (row 0)
[DEBUG] Comparing 88b2ab9 to 88b2ab9 (row 1)
[DEBUG] Selected row: 1
[DEBUG] Final selected row after update_log(): 1
[DEBUG] status label set: ✅ 🎧 On version line — 🎵 Session branch: <span style="color:#00BCD4;">main</span> — Current take: <span style="color:#00BCD4;">version 2</span>
[DEBUG] Comparing 88b2ab9 to 25ca55e (row 0)
[DEBUG] Comparing 88b2ab9 to 88b2ab9 (row 1)
[DEBUG] Selected row: 1
[DEBUG] Final selected row after update_log(): 1
[DEBUG] status label set: ✅ 🎧 On version line — 🎵 Session branch: <span style="color:#00BCD4;">main</span> — Current take: <span style="color:#00BCD4;">version 2</span>
[DEBUG] Full status --porcelain output:
[DEBUG] Raw Git status --porcelain:
[DEBUG] Recently modified .als detected: track.als
[DEBUG] Full status --porcelain output:
[DEBUG] Raw Git status --porcelain:
[DEBUG] Recently modified .als detected: music.als
[32mPASSED[0m
tests_dawgit/test_checkout_safety.py::test_backup_folder_created_on_checkout [TEST MODE] Forced project path via env var: /private/var/folders/yx/c_cp834d18v7ptq75l5x7twm0000gn/T/pytest-of-niccavendish/pytest-0/test_backup_folder_created_on_0/BackupTest
[DEBUG] Skipping QTimer.singleShot — parent not visible.
📌 No version locked in — staying on current HEAD
[WARN] Could not load take label for branch main: 'NoneType' object has no attribute 'head'
[WARN] Could not load take label for branch experiment: 'NoneType' object has no attribute 'head'
[WARN] Could not load take label for branch alt_mix: 'NoneType' object has no attribute 'head'
DEBUG COLUMN 3: None
[DEBUG] Skipping QTimer.singleShot — parent not visible.
[WARNING] Stylesheet not loaded: [Errno 2] No such file or directory: 'styles/dawgit_styles.qss'
[DEBUG] Loaded project path: /private/var/folders/yx/c_cp834d18v7ptq75l5x7twm0000gn/T/pytest-of-niccavendish/pytest-0/test_backup_folder_created_on_0/BackupTest
[DEBUG] Initializing Git...
[DEBUG] Found DAW files: [PosixPath('/private/var/folders/yx/c_cp834d18v7ptq75l5x7twm0000gn/T/pytest-of-niccavendish/pytest-0/test_backup_folder_created_on_0/BackupTest/temp.als')]
[DEBUG] Found existing Git repo at /private/var/folders/yx/c_cp834d18v7ptq75l5x7twm0000gn/T/pytest-of-niccavendish/pytest-0/test_backup_folder_created_on_0/BackupTest
[DEBUG] Repo rebound: HEAD = 913a3c7
[DEBUG] Comparing 913a3c7 to 8c5ea5d (row 0)
[DEBUG] Comparing 913a3c7 to 913a3c7 (row 1)
[DEBUG] Selected row: 1
[DEBUG] Final selected row after update_log(): 1
[DEBUG] status label set: ✅ 🎧 On version line — 🎵 Session branch: <span style="color:#00BCD4;">main</span> — Current take: <span style="color:#00BCD4;">version 2</span>
[DEBUG] status label set: ✅ 🎧 On version line — 🎵 Session branch: <span style="color:#00BCD4;">main</span> — Current take: <span style="color:#00BCD4;">version 2</span>
ℹ️ Existing Git repo found — checking status...
[DEBUG] status label set: ✅ 🎧 On version line — 🎵 Session branch: <span style="color:#00BCD4;">main</span> — Current take: <span style="color:#00BCD4;">version 2</span>
[DEBUG] self.current_commit_id before update_log: 913a3c769df856fe5c2b51470989dd82b1296382
[DEBUG] Comparing 913a3c7 to 8c5ea5d (row 0)
[DEBUG] Comparing 913a3c7 to 913a3c7 (row 1)
[DEBUG] Selected row: 1
[DEBUG] Final selected row after update_log(): 1
[DEBUG] Tooltip set for row 0: 913a3c769df856fe5c2b51470989dd82b1296382
[DEBUG] Row 0: commit 913a3c7 → branches: 🎯 main
[DEBUG] Selected current commit row 0
[DEBUG] Tooltip set for row 1: 8c5ea5de049cb21627608a74952242c21d3f66ed
[DEBUG] Row 1: commit 8c5ea5d → branches: 🎯 main
[DEBUG] status label set: ✅ 🎧 On version line — 🎵 Session branch: <span style="color:#00BCD4;">main</span> — Current take: <span style="color:#00BCD4;">version 2</span>
🔒 Unsaved changes backed up to: /private/var/folders/yx/c_cp834d18v7ptq75l5x7twm0000gn/T/pytest-of-niccavendish/pytest-0/test_backup_folder_created_on_0/Backup_BackupTest_20250520_114436
[DEBUG] Full status --porcelain output:
[DEBUG] Raw Git status --porcelain:
[DEBUG] Recently modified .als detected: track.als
[DEBUG] Full status --porcelain output:
[DEBUG] Raw Git status --porcelain:
[DEBUG] Recently modified .als detected: music.als
[32mPASSED[0m
tests_dawgit/test_checkout_safety.py::test_git_stash_created_on_return [TEST MODE] Forced project path via env var: /private/var/folders/yx/c_cp834d18v7ptq75l5x7twm0000gn/T/pytest-of-niccavendish/pytest-0/test_git_stash_created_on_retu0/StashTest
[DEBUG] Skipping QTimer.singleShot — parent not visible.
📌 No version locked in — staying on current HEAD
[WARN] Could not load take label for branch main: 'NoneType' object has no attribute 'head'
[WARN] Could not load take label for branch experiment: 'NoneType' object has no attribute 'head'
[WARN] Could not load take label for branch alt_mix: 'NoneType' object has no attribute 'head'
DEBUG COLUMN 3: None
[DEBUG] Skipping QTimer.singleShot — parent not visible.
[WARNING] Stylesheet not loaded: [Errno 2] No such file or directory: 'styles/dawgit_styles.qss'
[DEBUG] Loaded project path: /private/var/folders/yx/c_cp834d18v7ptq75l5x7twm0000gn/T/pytest-of-niccavendish/pytest-0/test_git_stash_created_on_retu0/StashTest
[DEBUG] Initializing Git...
[DEBUG] Found DAW files: [PosixPath('/private/var/folders/yx/c_cp834d18v7ptq75l5x7twm0000gn/T/pytest-of-niccavendish/pytest-0/test_git_stash_created_on_retu0/StashTest/demo.als')]
[DEBUG] Found existing Git repo at /private/var/folders/yx/c_cp834d18v7ptq75l5x7twm0000gn/T/pytest-of-niccavendish/pytest-0/test_git_stash_created_on_retu0/StashTest
[DEBUG] Repo rebound: HEAD = 2b407ad
[DEBUG] Comparing 2b407ad to 2b407ad (row 0)
[DEBUG] Selected row: 0
[DEBUG] Final selected row after update_log(): 0
[DEBUG] status label set: ✅ 🎧 On version line — 🎵 Session branch: <span style="color:#00BCD4;">main</span> — Current take: <span style="color:#00BCD4;">version 1</span>
[DEBUG] status label set: ✅ 🎧 On version line — 🎵 Session branch: <span style="color:#00BCD4;">main</span> — Current take: <span style="color:#00BCD4;">version 1</span>
ℹ️ Existing Git repo found — checking status...
[DEBUG] status label set: ✅ 🎧 On version line — 🎵 Session branch: <span style="color:#00BCD4;">main</span> — Current take: <span style="color:#00BCD4;">version 1</span>
[DEBUG] self.current_commit_id before update_log: 2b407ada2df3af8c8b2198d999126e666bc3fade
[DEBUG] Comparing 2b407ad to 2b407ad (row 0)
[DEBUG] Selected row: 0
[DEBUG] Final selected row after update_log(): 0
[DEBUG] Tooltip set for row 0: 2b407ada2df3af8c8b2198d999126e666bc3fade
[DEBUG] Row 0: commit 2b407ad → branches: 🎯 main
[DEBUG] Selected current commit row 0
[DEBUG] status label set: ✅ 🎧 On version line — 🎵 Session branch: <span style="color:#00BCD4;">main</span> — Current take: <span style="color:#00BCD4;">version 1</span>
[DEBUG] Starting commit with message: 'Second'
[DEBUG] Project path: /private/var/folders/yx/c_cp834d18v7ptq75l5x7twm0000gn/T/pytest-of-niccavendish/pytest-0/test_git_stash_created_on_retu0/StashTest
[DEBUG] Repo is None? False
[DEBUG] DAW files found: [PosixPath('/private/var/folders/yx/c_cp834d18v7ptq75l5x7twm0000gn/T/pytest-of-niccavendish/pytest-0/test_git_stash_created_on_retu0/StashTest/demo.als')]
[DEBUG] Comparing 5b88a88 to 2b407ad (row 0)
[DEBUG] Comparing 5b88a88 to 5b88a88 (row 1)
[DEBUG] Selected row: 1
[DEBUG] Final selected row after update_log(): 1
[DEBUG] status label set: ✅ 🎧 On version line — 🎵 Session branch: <span style="color:#00BCD4;">main</span> — Current take: <span style="color:#00BCD4;">version 2</span>
[DEBUG] Commit successful: Second → 5b88a88
[DEBUG] status label set: ✅ 🎧 On version line — 🎵 Session branch: <span style="color:#00BCD4;">main</span> — Current take: <span style="color:#00BCD4;">version 2</span>
[DEBUG] Full status --porcelain output:
[DEBUG] Raw Git status --porcelain:
[DEBUG] Recently modified .als detected: demo.als
🔒 Unsaved changes backed up to: /private/var/folders/yx/c_cp834d18v7ptq75l5x7twm0000gn/T/pytest-of-niccavendish/pytest-0/test_git_stash_created_on_retu0/Backup_StashTest_20250520_114436
[DEBUG] Checking out commit: 2b407ada2df3af8c8b2198d999126e666bc3fade
[DEBUG] Repo rebound: HEAD = 2b407ad
[DEBUG] Comparing 2b407ad to 2b407ad (row 0)
[DEBUG] Selected row: 0
[DEBUG] Final selected row after update_log(): 0
[DEBUG] status label set: ℹ️ Detached snapshot — not on an active version line
[DEBUG] Initializing Git...
[DEBUG] Found DAW files: [PosixPath('/private/var/folders/yx/c_cp834d18v7ptq75l5x7twm0000gn/T/pytest-of-niccavendish/pytest-0/test_git_stash_created_on_retu0/StashTest/demo.als')]
[DEBUG] Found existing Git repo at /private/var/folders/yx/c_cp834d18v7ptq75l5x7twm0000gn/T/pytest-of-niccavendish/pytest-0/test_git_stash_created_on_retu0/StashTest
🎯 Repo is in detached HEAD state — skipping bind_repo() to preserve HEAD.
[DEBUG] Comparing 2b407ad to 2b407ad (row 0)
[DEBUG] Selected row: 0
[DEBUG] Final selected row after update_log(): 0
[DEBUG] Full status --porcelain output:
[DEBUG] Raw Git status --porcelain:
[DEBUG] Recently modified .als detected: track.als
[DEBUG] Full status --porcelain output:
  →  M temp.als
[DEBUG] Raw Git status --porcelain:
[DEBUG] Checking cleaned file path: temp.als
[DEBUG] Unsaved change detected: temp.als
[DEBUG] Full status --porcelain output:
[DEBUG] Raw Git status --porcelain:
[DEBUG] Recently modified .als detected: music.als
[DEBUG] Full status --porcelain output:
[DEBUG] Raw Git status --porcelain:
[DEBUG] Recently modified .als detected: demo.als
[32mPASSED[0m[DEBUG] Full status --porcelain output:
[DEBUG] Raw Git status --porcelain:
[DEBUG] Recently modified .als detected: music.als

tests_dawgit/test_checkout_safety.py::test_switch_branch_with_uncommitted_changes_warns_or_stashes Saved working directory and index state On main: DAWGitApp auto-stash
[DEBUG] Skipping QTimer.singleShot — parent not visible.
📌 No version locked in — staying on current HEAD
[WARN] Could not load take label for branch main: 'NoneType' object has no attribute 'head'
[WARN] Could not load take label for branch experiment: 'NoneType' object has no attribute 'head'
[WARN] Could not load take label for branch alt_mix: 'NoneType' object has no attribute 'head'
DEBUG COLUMN 3: None
[DEBUG] Skipping QTimer.singleShot — parent not visible.
[WARNING] Stylesheet not loaded: [Errno 2] No such file or directory: 'styles/dawgit_styles.qss'
[DEBUG] Loaded project path: /var/folders/yx/c_cp834d18v7ptq75l5x7twm0000gn/T/tmpznm31bb8
[DEBUG] Initializing Git...
[DEBUG] Found DAW files: [PosixPath('/var/folders/yx/c_cp834d18v7ptq75l5x7twm0000gn/T/tmpznm31bb8/track.als')]
[DEBUG] Found existing Git repo at /var/folders/yx/c_cp834d18v7ptq75l5x7twm0000gn/T/tmpznm31bb8
[DEBUG] Repo rebound: HEAD = 01b6e01
[DEBUG] Comparing 01b6e01 to daacedd (row 0)
[DEBUG] Comparing 01b6e01 to 01b6e01 (row 1)
[DEBUG] Selected row: 1
[DEBUG] Final selected row after update_log(): 1
[DEBUG] status label set: ✅ 🎧 On version line — 🎵 Session branch: <span style="color:#00BCD4;">main</span> — Current take: <span style="color:#00BCD4;">version 2</span>
[DEBUG] status label set: ✅ 🎧 On version line — 🎵 Session branch: <span style="color:#00BCD4;">main</span> — Current take: <span style="color:#00BCD4;">version 2</span>
ℹ️ Existing Git repo found — checking status...
[DEBUG] status label set: ✅ 🎧 On version line — 🎵 Session branch: <span style="color:#00BCD4;">main</span> — Current take: <span style="color:#00BCD4;">version 2</span>
[DEBUG] self.current_commit_id before update_log: 01b6e014a8ab4e9eb250f99e083cf719fda4a3e5
[DEBUG] Comparing 01b6e01 to daacedd (row 0)
[DEBUG] Comparing 01b6e01 to 01b6e01 (row 1)
[DEBUG] Selected row: 1
[DEBUG] Final selected row after update_log(): 1
[DEBUG] Tooltip set for row 0: 01b6e014a8ab4e9eb250f99e083cf719fda4a3e5
[DEBUG] Row 0: commit 01b6e01 → branches: alt_branch, 🎯 main
[DEBUG] Selected current commit row 0
[DEBUG] Tooltip set for row 1: daacedd8d6f5417363bf8602e9935d99032f288b
[DEBUG] Row 1: commit daacedd → branches: alt_branch, 🎯 main
[DEBUG] status label set: ✅ 🎧 On version line — 🎵 Session branch: <span style="color:#00BCD4;">main</span> — Current take: <span style="color:#00BCD4;">version 2</span>
[DEBUG] Full status --porcelain output:
  →  M track.als
[DEBUG] Raw Git status --porcelain:
[DEBUG] Checking cleaned file path: track.als
[DEBUG] Unsaved change detected: track.als
🔒 Unsaved changes backed up to: /var/folders/yx/c_cp834d18v7ptq75l5x7twm0000gn/T/Backup_tmpznm31bb8_20250520_114439
[DEBUG] Initializing Git...
[DEBUG] Found DAW files: [PosixPath('/var/folders/yx/c_cp834d18v7ptq75l5x7twm0000gn/T/tmpznm31bb8/track.als')]
[DEBUG] Found existing Git repo at /var/folders/yx/c_cp834d18v7ptq75l5x7twm0000gn/T/tmpznm31bb8
[DEBUG] Repo rebound: HEAD = 1266924
[DEBUG] Comparing 1266924 to daacedd (row 0)
[DEBUG] Comparing 1266924 to 01b6e01 (row 1)
[DEBUG] Comparing 1266924 to 1266924 (row 2)
[DEBUG] Selected row: 2
[DEBUG] Final selected row after update_log(): 2
[DEBUG] status label set: ✅ 🎧 On version line — 🎵 Session branch: <span style="color:#00BCD4;">alt_branch</span> — Current take: <span style="color:#00BCD4;">version 3</span>
[DEBUG] status label set: ✅ 🎧 On version line — 🎵 Session branch: <span style="color:#00BCD4;">alt_branch</span> — Current take: <span style="color:#00BCD4;">version 3</span>
ℹ️ Existing Git repo found — checking status...
[DEBUG] status label set: ✅ 🎧 On version line — 🎵 Session branch: <span style="color:#00BCD4;">alt_branch</span> — Current take: <span style="color:#00BCD4;">version 3</span>
[DEBUG] self.current_commit_id before update_log: 1266924a974a7d45d48bed30eb7f94fdf0353b96
[DEBUG] Comparing 1266924 to daacedd (row 0)
[DEBUG] Comparing 1266924 to 01b6e01 (row 1)
[DEBUG] Comparing 1266924 to 1266924 (row 2)
[DEBUG] Selected row: 2
[DEBUG] Final selected row after update_log(): 2
[DEBUG] Comparing 1266924 to daacedd (row 0)
[DEBUG] Comparing 1266924 to 01b6e01 (row 1)
[DEBUG] Comparing 1266924 to 1266924 (row 2)
[DEBUG] Selected row: 2
[DEBUG] Final selected row after update_log(): 2
[DEBUG] Full status --porcelain output:
[DEBUG] Raw Git status --porcelain:
[DEBUG] Recently modified .als detected: track.als
[DEBUG] Full status --porcelain output:
[DEBUG] Raw Git status --porcelain:
[DEBUG] Recently modified .als detected: track.als
[32mPASSED[0m[CLEANUP] Removed file: /var/folders/yx/c_cp834d18v7ptq75l5x7twm0000gn/T/tmpznm31bb8/track.als

tests_dawgit/test_commit_cancel_modal.py::test_commit_cancel_does_not_change_repo [DEBUG] Skipping QTimer.singleShot — parent not visible.
📌 No version locked in — staying on current HEAD
[WARN] Could not load take label for branch main: 'NoneType' object has no attribute 'head'
[WARN] Could not load take label for branch experiment: 'NoneType' object has no attribute 'head'
[WARN] Could not load take label for branch alt_mix: 'NoneType' object has no attribute 'head'
DEBUG COLUMN 3: None
[DEBUG] Skipping QTimer.singleShot — parent not visible.
[WARNING] Stylesheet not loaded: [Errno 2] No such file or directory: 'styles/dawgit_styles.qss'
[DEBUG] Loaded project path: /private/var/folders/yx/c_cp834d18v7ptq75l5x7twm0000gn/T/pytest-of-niccavendish/pytest-0/test_commit_cancel_does_not_ch0/CommitCancelTest
[DEBUG] Initializing Git...
[DEBUG] Found DAW files: [PosixPath('/private/var/folders/yx/c_cp834d18v7ptq75l5x7twm0000gn/T/pytest-of-niccavendish/pytest-0/test_commit_cancel_does_not_ch0/CommitCancelTest/dummy.als')]
[DEBUG] No existing repo found. Initializing new repo at /private/var/folders/yx/c_cp834d18v7ptq75l5x7twm0000gn/T/pytest-of-niccavendish/pytest-0/test_commit_cancel_does_not_ch0/CommitCancelTest
✅ New Git repo initialized.
✅ Saved last project path: /private/var/folders/yx/c_cp834d18v7ptq75l5x7twm0000gn/T/pytest-of-niccavendish/pytest-0/test_commit_cancel_does_not_ch0/CommitCancelTest
[DEBUG] status label set: ✅ 🎧 On version line — 🎵 Session branch: <span style="color:#00BCD4;">main</span> — Current take: <span style="color:#00BCD4;">version 1</span>
[DEBUG] self.current_commit_id before update_log: b8b0168cfdd267ec54de51391dc02356ccc2ade8
[DEBUG] Comparing b8b0168 to b8b0168 (row 0)
[DEBUG] Selected row: 0
[DEBUG] Final selected row after update_log(): 0
[DEBUG] Tooltip set for row 0: b8b0168cfdd267ec54de51391dc02356ccc2ade8
[DEBUG] Row 0: commit b8b0168 → branches: 🎯 main
[DEBUG] Selected current commit row 0
[DEBUG] status label set: ✅ 🎧 On version line — 🎵 Session branch: <span style="color:#00BCD4;">main</span> — Current take: <span style="color:#00BCD4;">version 1</span>
[DEBUG] Initializing Git...
[DEBUG] Found DAW files: [PosixPath('/private/var/folders/yx/c_cp834d18v7ptq75l5x7twm0000gn/T/pytest-of-niccavendish/pytest-0/test_commit_cancel_does_not_ch0/CommitCancelTest/dummy.als')]
[DEBUG] Found existing Git repo at /private/var/folders/yx/c_cp834d18v7ptq75l5x7twm0000gn/T/pytest-of-niccavendish/pytest-0/test_commit_cancel_does_not_ch0/CommitCancelTest
[DEBUG] Repo rebound: HEAD = b8b0168
[DEBUG] Comparing b8b0168 to b8b0168 (row 0)
[DEBUG] Selected row: 0
[DEBUG] Final selected row after update_log(): 0
[DEBUG] status label set: ✅ 🎧 On version line — 🎵 Session branch: <span style="color:#00BCD4;">main</span> — Current take: <span style="color:#00BCD4;">version 1</span>
[DEBUG] status label set: ✅ 🎧 On version line — 🎵 Session branch: <span style="color:#00BCD4;">main</span> — Current take: <span style="color:#00BCD4;">version 1</span>
ℹ️ Existing Git repo found — checking status...
[DEBUG] status label set: ✅ 🎧 On version line — 🎵 Session branch: <span style="color:#00BCD4;">main</span> — Current take: <span style="color:#00BCD4;">version 1</span>
[DEBUG] self.current_commit_id before update_log: b8b0168cfdd267ec54de51391dc02356ccc2ade8
[DEBUG] Comparing b8b0168 to b8b0168 (row 0)
[DEBUG] Selected row: 0
[DEBUG] Final selected row after update_log(): 0
[DEBUG] Full status --porcelain output:
[DEBUG] Raw Git status --porcelain:
[DEBUG] Recently modified .als detected: track.als
[DEBUG] Full status --porcelain output:
  →  D track.als
[DEBUG] Raw Git status --porcelain:
[DEBUG] Checking cleaned file path: track.als
[DEBUG] Unsaved change detected: track.als
[32mPASSED[0m
tests_dawgit/test_commit_deletion.py::test_delete_commit [WARNING] Stylesheet not loaded: [Errno 2] No such file or directory: 'styles/dawgit_styles.qss'
[DEBUG] Loaded project path: /private/var/folders/yx/c_cp834d18v7ptq75l5x7twm0000gn/T/pytest-of-niccavendish/pytest-0/test_delete_commit0/DeleteCommitRepo
[DEBUG] Initializing Git...
[DEBUG] Found DAW files: [PosixPath('/private/var/folders/yx/c_cp834d18v7ptq75l5x7twm0000gn/T/pytest-of-niccavendish/pytest-0/test_delete_commit0/DeleteCommitRepo/second.als'), PosixPath('/private/var/folders/yx/c_cp834d18v7ptq75l5x7twm0000gn/T/pytest-of-niccavendish/pytest-0/test_delete_commit0/DeleteCommitRepo/file.als')]
[DEBUG] Found existing Git repo at /private/var/folders/yx/c_cp834d18v7ptq75l5x7twm0000gn/T/pytest-of-niccavendish/pytest-0/test_delete_commit0/DeleteCommitRepo
[DEBUG] Repo rebound: HEAD = e0c0f21
⚠️ Skipping update_log(): no history_table defined yet.
ℹ️ Existing Git repo found — checking status...
⚠️ Skipping update_log(): history_table not initialized yet.
[DEBUG] Full status --porcelain output:
[DEBUG] Raw Git status --porcelain:
[DEBUG] Recently modified .als detected: second.als
🔒 Unsaved changes backed up to: /private/var/folders/yx/c_cp834d18v7ptq75l5x7twm0000gn/T/pytest-of-niccavendish/pytest-0/test_delete_commit0/Backup_DeleteCommitRepo_20250520_114442
[DEBUG] Initializing Git...
[DEBUG] Found DAW files: [PosixPath('/private/var/folders/yx/c_cp834d18v7ptq75l5x7twm0000gn/T/pytest-of-niccavendish/pytest-0/test_delete_commit0/DeleteCommitRepo/second.als'), PosixPath('/private/var/folders/yx/c_cp834d18v7ptq75l5x7twm0000gn/T/pytest-of-niccavendish/pytest-0/test_delete_commit0/DeleteCommitRepo/file.als')]
[DEBUG] Found existing Git repo at /private/var/folders/yx/c_cp834d18v7ptq75l5x7twm0000gn/T/pytest-of-niccavendish/pytest-0/test_delete_commit0/DeleteCommitRepo
[DEBUG] Repo rebound: HEAD = e0c0f21
[DEBUG] Comparing e0c0f21 to 05c17b7 (row 0)
[DEBUG] Comparing e0c0f21 to e0c0f21 (row 1)
[DEBUG] Selected row: 1
[DEBUG] Final selected row after update_log(): 1
ℹ️ Existing Git repo found — checking status...
[DEBUG] self.current_commit_id before update_log: e0c0f2116160348dd690810fa9f1bb8298fe04f0
[DEBUG] Comparing e0c0f21 to 05c17b7 (row 0)
[DEBUG] Comparing e0c0f21 to e0c0f21 (row 1)
[DEBUG] Selected row: 1
[DEBUG] Final selected row after update_log(): 1
[DEBUG] Tooltip set for row 0: e0c0f2116160348dd690810fa9f1bb8298fe04f0
[DEBUG] Row 0: commit e0c0f21 → branches: 🎯 main
[DEBUG] Selected current commit row 0
[DEBUG] Tooltip set for row 1: 05c17b7c29b24ed090b3f3c823f522f77241ae80
[DEBUG] Row 1: commit 05c17b7 → branches: 🎯 main
[STATUS] 🗑️ Snapshot deleted using rebase --onto.
[DEBUG] Skipping test/placeholder file: /private/var/folders/yx/c_cp834d18v7ptq75l5x7twm0000gn/T/pytest-of-niccavendish/pytest-0/test_delete_commit0/DeleteCommitRepo/second.als
[DEBUG] Full status --porcelain output:
[DEBUG] Raw Git status --porcelain:
[DEBUG] Recently modified .als detected: track.als
[DEBUG] Full status --porcelain output:
  →  D track.als
[DEBUG] Raw Git status --porcelain:
[DEBUG] Checking cleaned file path: track.als
[DEBUG] Unsaved change detected: track.als
[32mPASSED[0m
tests_dawgit/test_commit_deletion_effect.py::test_deleted_commit_disappears_from_history [WARNING] Stylesheet not loaded: [Errno 2] No such file or directory: 'styles/dawgit_styles.qss'
[DEBUG] Loaded project path: /private/var/folders/yx/c_cp834d18v7ptq75l5x7twm0000gn/T/pytest-of-niccavendish/pytest-0/test_deleted_commit_disappears0/DeleteCommitTest
[DEBUG] Initializing Git...
[DEBUG] Found DAW files: [PosixPath('/private/var/folders/yx/c_cp834d18v7ptq75l5x7twm0000gn/T/pytest-of-niccavendish/pytest-0/test_deleted_commit_disappears0/DeleteCommitTest/a.als'), PosixPath('/private/var/folders/yx/c_cp834d18v7ptq75l5x7twm0000gn/T/pytest-of-niccavendish/pytest-0/test_deleted_commit_disappears0/DeleteCommitTest/b.als')]
[DEBUG] No existing repo found. Initializing new repo at /private/var/folders/yx/c_cp834d18v7ptq75l5x7twm0000gn/T/pytest-of-niccavendish/pytest-0/test_deleted_commit_disappears0/DeleteCommitTest
✅ New Git repo initialized.
✅ Saved last project path: /private/var/folders/yx/c_cp834d18v7ptq75l5x7twm0000gn/T/pytest-of-niccavendish/pytest-0/test_deleted_commit_disappears0/DeleteCommitTest
⚠️ Skipping update_log(): history_table not initialized yet.
[DEBUG] Initializing Git...
[DEBUG] Found DAW files: [PosixPath('/private/var/folders/yx/c_cp834d18v7ptq75l5x7twm0000gn/T/pytest-of-niccavendish/pytest-0/test_deleted_commit_disappears0/DeleteCommitTest/a.als'), PosixPath('/private/var/folders/yx/c_cp834d18v7ptq75l5x7twm0000gn/T/pytest-of-niccavendish/pytest-0/test_deleted_commit_disappears0/DeleteCommitTest/b.als')]
[DEBUG] Found existing Git repo at /private/var/folders/yx/c_cp834d18v7ptq75l5x7twm0000gn/T/pytest-of-niccavendish/pytest-0/test_deleted_commit_disappears0/DeleteCommitTest
[DEBUG] Repo rebound: HEAD = 394e28e
⚠️ Skipping update_log(): no history_table defined yet.
ℹ️ Existing Git repo found — checking status...
⚠️ Skipping update_log(): history_table not initialized yet.
[DEBUG] Full status --porcelain output:
[DEBUG] Raw Git status --porcelain:
[DEBUG] Recently modified .als detected: a.als
🔒 Unsaved changes backed up to: /private/var/folders/yx/c_cp834d18v7ptq75l5x7twm0000gn/T/pytest-of-niccavendish/pytest-0/test_deleted_commit_disappears0/Backup_DeleteCommitTest_20250520_114443
[DEBUG] Initializing Git...
[DEBUG] Found DAW files: [PosixPath('/private/var/folders/yx/c_cp834d18v7ptq75l5x7twm0000gn/T/pytest-of-niccavendish/pytest-0/test_deleted_commit_disappears0/DeleteCommitTest/a.als'), PosixPath('/private/var/folders/yx/c_cp834d18v7ptq75l5x7twm0000gn/T/pytest-of-niccavendish/pytest-0/test_deleted_commit_disappears0/DeleteCommitTest/b.als')]
[DEBUG] Found existing Git repo at /private/var/folders/yx/c_cp834d18v7ptq75l5x7twm0000gn/T/pytest-of-niccavendish/pytest-0/test_deleted_commit_disappears0/DeleteCommitTest
[DEBUG] Repo rebound: HEAD = a728978
[DEBUG] Comparing a728978 to 394e28e (row 0)
[DEBUG] Comparing a728978 to a728978 (row 1)
[DEBUG] Selected row: 1
[DEBUG] Final selected row after update_log(): 1
ℹ️ Existing Git repo found — checking status...
[DEBUG] self.current_commit_id before update_log: a728978b2cf6fc8d7a9343413b9e8b339abddb25
[DEBUG] Comparing a728978 to 394e28e (row 0)
[DEBUG] Comparing a728978 to a728978 (row 1)
[DEBUG] Selected row: 1
[DEBUG] Final selected row after update_log(): 1
[DEBUG] Tooltip set for row 0: a728978b2cf6fc8d7a9343413b9e8b339abddb25
[DEBUG] Row 0: commit a728978 → branches: 🎯 main
[DEBUG] Selected current commit row 0
[DEBUG] Tooltip set for row 1: 394e28e1e2eac9dd32f8c052d31c088d01198c0b
[DEBUG] Row 1: commit 394e28e → branches: 🎯 main
[STATUS] 🗑️ Snapshot deleted using rebase --onto.
[DEBUG] Skipping test/placeholder file: /private/var/folders/yx/c_cp834d18v7ptq75l5x7twm0000gn/T/pytest-of-niccavendish/pytest-0/test_deleted_commit_disappears0/DeleteCommitTest/b.als
[DEBUG] Full status --porcelain output:
[DEBUG] Raw Git status --porcelain:
[DEBUG] has_unsaved_changes() = False
[DEBUG] Full status --porcelain output:
  →  D track.als
[DEBUG] Raw Git status --porcelain:
[DEBUG] Checking cleaned file path: track.als
[DEBUG] Unsaved change detected: track.als
[32mPASSED[0m
tests_dawgit/test_commit_logic.py::test_commit_requires_daw_file [TEST MODE] Forced project path via env var: /var/folders/yx/c_cp834d18v7ptq75l5x7twm0000gn/T/tmpznm31bb8
[DEBUG] Skipping QTimer.singleShot — parent not visible.
📌 No version locked in — staying on current HEAD
[WARN] Could not load take label for branch main: 'NoneType' object has no attribute 'head'
[WARN] Could not load take label for branch experiment: 'NoneType' object has no attribute 'head'
[WARN] Could not load take label for branch alt_mix: 'NoneType' object has no attribute 'head'
DEBUG COLUMN 3: None
[DEBUG] Skipping QTimer.singleShot — parent not visible.
[WARNING] Stylesheet not loaded: [Errno 2] No such file or directory: 'styles/dawgit_styles.qss'
[DEBUG] Loaded project path: /var/folders/yx/c_cp834d18v7ptq75l5x7twm0000gn/T/tmpznm31bb8
[DEBUG] Initializing Git...
[DEBUG] Found DAW files: []
🧪 [Test Mode] No DAW files found — continuing with empty project.
[DEBUG] Found existing Git repo at /var/folders/yx/c_cp834d18v7ptq75l5x7twm0000gn/T/tmpznm31bb8
[DEBUG] Repo rebound: HEAD = 01b6e01
[DEBUG] Comparing 01b6e01 to daacedd (row 0)
[DEBUG] Comparing 01b6e01 to 01b6e01 (row 1)
[DEBUG] Selected row: 1
[DEBUG] Final selected row after update_log(): 1
[DEBUG] status label set: ✅ 🎧 On version line — 🎵 Session branch: <span style="color:#00BCD4;">main</span> — Current take: <span style="color:#00BCD4;">version 2</span>
[DEBUG] status label set: ✅ 🎧 On version line — 🎵 Session branch: <span style="color:#00BCD4;">main</span> — Current take: <span style="color:#00BCD4;">version 2</span>
ℹ️ Existing Git repo found — checking status...
[DEBUG] status label set: ✅ 🎧 On version line — 🎵 Session branch: <span style="color:#00BCD4;">main</span> — Current take: <span style="color:#00BCD4;">version 2</span>
[DEBUG] self.current_commit_id before update_log: 01b6e014a8ab4e9eb250f99e083cf719fda4a3e5
[DEBUG] Comparing 01b6e01 to daacedd (row 0)
[DEBUG] Comparing 01b6e01 to 01b6e01 (row 1)
[DEBUG] Selected row: 1
[DEBUG] Final selected row after update_log(): 1
[DEBUG] Tooltip set for row 0: 01b6e014a8ab4e9eb250f99e083cf719fda4a3e5
[DEBUG] Row 0: commit 01b6e01 → branches: alt_branch, 🎯 main
[DEBUG] Selected current commit row 0
[DEBUG] Tooltip set for row 1: daacedd8d6f5417363bf8602e9935d99032f288b
[DEBUG] Row 1: commit daacedd → branches: alt_branch, 🎯 main
[DEBUG] status label set: ✅ 🎧 On version line — 🎵 Session branch: <span style="color:#00BCD4;">main</span> — Current take: <span style="color:#00BCD4;">version 2</span>
[32mPASSED[0m
tests_dawgit/test_commit_logic.py::test_commit_with_als_file [TEST MODE] Forced project path via env var: /var/folders/yx/c_cp834d18v7ptq75l5x7twm0000gn/T/tmpznm31bb8
[DEBUG] Skipping QTimer.singleShot — parent not visible.
📌 No version locked in — staying on current HEAD
[WARN] Could not load take label for branch main: 'NoneType' object has no attribute 'head'
[WARN] Could not load take label for branch experiment: 'NoneType' object has no attribute 'head'
[WARN] Could not load take label for branch alt_mix: 'NoneType' object has no attribute 'head'
DEBUG COLUMN 3: None
[DEBUG] Skipping QTimer.singleShot — parent not visible.
[WARNING] Stylesheet not loaded: [Errno 2] No such file or directory: 'styles/dawgit_styles.qss'
[DEBUG] Loaded project path: /var/folders/yx/c_cp834d18v7ptq75l5x7twm0000gn/T/tmpznm31bb8
[DEBUG] Initializing Git...
[DEBUG] Found DAW files: []
🧪 [Test Mode] No DAW files found — continuing with empty project.
[DEBUG] Found existing Git repo at /var/folders/yx/c_cp834d18v7ptq75l5x7twm0000gn/T/tmpznm31bb8
[DEBUG] Repo rebound: HEAD = 01b6e01
[DEBUG] Comparing 01b6e01 to daacedd (row 0)
[DEBUG] Comparing 01b6e01 to 01b6e01 (row 1)
[DEBUG] Selected row: 1
[DEBUG] Final selected row after update_log(): 1
[DEBUG] status label set: ✅ 🎧 On version line — 🎵 Session branch: <span style="color:#00BCD4;">main</span> — Current take: <span style="color:#00BCD4;">version 2</span>
[DEBUG] status label set: ✅ 🎧 On version line — 🎵 Session branch: <span style="color:#00BCD4;">main</span> — Current take: <span style="color:#00BCD4;">version 2</span>
ℹ️ Existing Git repo found — checking status...
[DEBUG] status label set: ✅ 🎧 On version line — 🎵 Session branch: <span style="color:#00BCD4;">main</span> — Current take: <span style="color:#00BCD4;">version 2</span>
[DEBUG] self.current_commit_id before update_log: 01b6e014a8ab4e9eb250f99e083cf719fda4a3e5
[DEBUG] Comparing 01b6e01 to daacedd (row 0)
[DEBUG] Comparing 01b6e01 to 01b6e01 (row 1)
[DEBUG] Selected row: 1
[DEBUG] Final selected row after update_log(): 1
[DEBUG] Tooltip set for row 0: 01b6e014a8ab4e9eb250f99e083cf719fda4a3e5
[DEBUG] Row 0: commit 01b6e01 → branches: alt_branch, 🎯 main
[DEBUG] Selected current commit row 0
[DEBUG] Tooltip set for row 1: daacedd8d6f5417363bf8602e9935d99032f288b
[DEBUG] Row 1: commit daacedd → branches: alt_branch, 🎯 main
[DEBUG] status label set: ✅ 🎧 On version line — 🎵 Session branch: <span style="color:#00BCD4;">main</span> — Current take: <span style="color:#00BCD4;">version 2</span>
[DEBUG] Starting commit with message: 'Updated .als'
[DEBUG] Project path: /private/var/folders/yx/c_cp834d18v7ptq75l5x7twm0000gn/T/pytest-of-niccavendish/pytest-0/test_commit_with_als_file0/WithALS
[DEBUG] Repo is None? False
[DEBUG] DAW files found: [PosixPath('/private/var/folders/yx/c_cp834d18v7ptq75l5x7twm0000gn/T/pytest-of-niccavendish/pytest-0/test_commit_with_als_file0/WithALS/song.als')]
[DEBUG] Comparing ecb9e5c to f5ab175 (row 0)
[DEBUG] Comparing ecb9e5c to ecb9e5c (row 1)
[DEBUG] Selected row: 1
[DEBUG] Final selected row after update_log(): 1
[DEBUG] status label set: ✅ 🎧 On version line — 🎵 Session branch: <span style="color:#00BCD4;">main</span> — Current take: <span style="color:#00BCD4;">version 2</span>
[DEBUG] Commit successful: Updated .als → ecb9e5c
[DEBUG] status label set: ✅ 🎧 On version line — 🎵 Session branch: <span style="color:#00BCD4;">main</span> — Current take: <span style="color:#00BCD4;">version 2</span>
[DEBUG] Full status --porcelain output:
[DEBUG] Raw Git status --porcelain:
[DEBUG] has_unsaved_changes() = False
[DEBUG] Full status --porcelain output:
  →  D track.als
[DEBUG] Raw Git status --porcelain:
[DEBUG] Checking cleaned file path: track.als
[DEBUG] Unsaved change detected: track.als
[32mPASSED[0m
tests_dawgit/test_commit_logic.py::test_commit_with_logicx_file [TEST MODE] Forced project path via env var: /var/folders/yx/c_cp834d18v7ptq75l5x7twm0000gn/T/tmpznm31bb8
[DEBUG] Skipping QTimer.singleShot — parent not visible.
📌 No version locked in — staying on current HEAD
[WARN] Could not load take label for branch main: 'NoneType' object has no attribute 'head'
[WARN] Could not load take label for branch experiment: 'NoneType' object has no attribute 'head'
[WARN] Could not load take label for branch alt_mix: 'NoneType' object has no attribute 'head'
DEBUG COLUMN 3: None
[DEBUG] Skipping QTimer.singleShot — parent not visible.
[WARNING] Stylesheet not loaded: [Errno 2] No such file or directory: 'styles/dawgit_styles.qss'
[DEBUG] Loaded project path: /var/folders/yx/c_cp834d18v7ptq75l5x7twm0000gn/T/tmpznm31bb8
[DEBUG] Initializing Git...
[DEBUG] Found DAW files: []
🧪 [Test Mode] No DAW files found — continuing with empty project.
[DEBUG] Found existing Git repo at /var/folders/yx/c_cp834d18v7ptq75l5x7twm0000gn/T/tmpznm31bb8
[DEBUG] Repo rebound: HEAD = 01b6e01
[DEBUG] Comparing 01b6e01 to daacedd (row 0)
[DEBUG] Comparing 01b6e01 to 01b6e01 (row 1)
[DEBUG] Selected row: 1
[DEBUG] Final selected row after update_log(): 1
[DEBUG] status label set: ✅ 🎧 On version line — 🎵 Session branch: <span style="color:#00BCD4;">main</span> — Current take: <span style="color:#00BCD4;">version 2</span>
[DEBUG] status label set: ✅ 🎧 On version line — 🎵 Session branch: <span style="color:#00BCD4;">main</span> — Current take: <span style="color:#00BCD4;">version 2</span>
ℹ️ Existing Git repo found — checking status...
[DEBUG] status label set: ✅ 🎧 On version line — 🎵 Session branch: <span style="color:#00BCD4;">main</span> — Current take: <span style="color:#00BCD4;">version 2</span>
[DEBUG] self.current_commit_id before update_log: 01b6e014a8ab4e9eb250f99e083cf719fda4a3e5
[DEBUG] Comparing 01b6e01 to daacedd (row 0)
[DEBUG] Comparing 01b6e01 to 01b6e01 (row 1)
[DEBUG] Selected row: 1
[DEBUG] Final selected row after update_log(): 1
[DEBUG] Tooltip set for row 0: 01b6e014a8ab4e9eb250f99e083cf719fda4a3e5
[DEBUG] Row 0: commit 01b6e01 → branches: alt_branch, 🎯 main
[DEBUG] Selected current commit row 0
[DEBUG] Tooltip set for row 1: daacedd8d6f5417363bf8602e9935d99032f288b
[DEBUG] Row 1: commit daacedd → branches: alt_branch, 🎯 main
[DEBUG] status label set: ✅ 🎧 On version line — 🎵 Session branch: <span style="color:#00BCD4;">main</span> — Current take: <span style="color:#00BCD4;">version 2</span>
[DEBUG] Starting commit with message: 'Logic update'
[DEBUG] Project path: /private/var/folders/yx/c_cp834d18v7ptq75l5x7twm0000gn/T/pytest-of-niccavendish/pytest-0/test_commit_with_logicx_file0/WithLogic
[DEBUG] Repo is None? False
[DEBUG] DAW files found: [PosixPath('/private/var/folders/yx/c_cp834d18v7ptq75l5x7twm0000gn/T/pytest-of-niccavendish/pytest-0/test_commit_with_logicx_file0/WithLogic/beat.logicx')]
[DEBUG] Comparing c7084c0 to 801f054 (row 0)
[DEBUG] Comparing c7084c0 to c7084c0 (row 1)
[DEBUG] Selected row: 1
[DEBUG] Final selected row after update_log(): 1
[DEBUG] status label set: ✅ 🎧 On version line — 🎵 Session branch: <span style="color:#00BCD4;">main</span> — Current take: <span style="color:#00BCD4;">version 2</span>
[DEBUG] Commit successful: Logic update → c7084c0
[DEBUG] status label set: ✅ 🎧 On version line — 🎵 Session branch: <span style="color:#00BCD4;">main</span> — Current take: <span style="color:#00BCD4;">version 2</span>
[DEBUG] Full status --porcelain output:
[DEBUG] Raw Git status --porcelain:
[DEBUG] Recently modified .als detected: song.als
[DEBUG] Full status --porcelain output:
[DEBUG] Raw Git status --porcelain:
[DEBUG] has_unsaved_changes() = False
[DEBUG] Full status --porcelain output:
  →  D track.als
[DEBUG] Raw Git status --porcelain:
[DEBUG] Checking cleaned file path: track.als
[DEBUG] Unsaved change detected: track.als
[32mPASSED[0m
tests_dawgit/test_commit_logic.py::test_placeholder_file_created_if_none_exist [TEST MODE] Forced project path via env var: /var/folders/yx/c_cp834d18v7ptq75l5x7twm0000gn/T/tmpznm31bb8
[DEBUG] Skipping QTimer.singleShot — parent not visible.
📌 No version locked in — staying on current HEAD
[WARN] Could not load take label for branch main: 'NoneType' object has no attribute 'head'
[WARN] Could not load take label for branch experiment: 'NoneType' object has no attribute 'head'
[WARN] Could not load take label for branch alt_mix: 'NoneType' object has no attribute 'head'
DEBUG COLUMN 3: None
[DEBUG] Skipping QTimer.singleShot — parent not visible.
[WARNING] Stylesheet not loaded: [Errno 2] No such file or directory: 'styles/dawgit_styles.qss'
[DEBUG] Loaded project path: /var/folders/yx/c_cp834d18v7ptq75l5x7twm0000gn/T/tmpznm31bb8
[DEBUG] Initializing Git...
[DEBUG] Found DAW files: []
🧪 [Test Mode] No DAW files found — continuing with empty project.
[DEBUG] Found existing Git repo at /var/folders/yx/c_cp834d18v7ptq75l5x7twm0000gn/T/tmpznm31bb8
[DEBUG] Repo rebound: HEAD = 01b6e01
[DEBUG] Comparing 01b6e01 to daacedd (row 0)
[DEBUG] Comparing 01b6e01 to 01b6e01 (row 1)
[DEBUG] Selected row: 1
[DEBUG] Final selected row after update_log(): 1
[DEBUG] status label set: ✅ 🎧 On version line — 🎵 Session branch: <span style="color:#00BCD4;">main</span> — Current take: <span style="color:#00BCD4;">version 2</span>
[DEBUG] status label set: ✅ 🎧 On version line — 🎵 Session branch: <span style="color:#00BCD4;">main</span> — Current take: <span style="color:#00BCD4;">version 2</span>
ℹ️ Existing Git repo found — checking status...
[DEBUG] status label set: ✅ 🎧 On version line — 🎵 Session branch: <span style="color:#00BCD4;">main</span> — Current take: <span style="color:#00BCD4;">version 2</span>
[DEBUG] self.current_commit_id before update_log: 01b6e014a8ab4e9eb250f99e083cf719fda4a3e5
[DEBUG] Comparing 01b6e01 to daacedd (row 0)
[DEBUG] Comparing 01b6e01 to 01b6e01 (row 1)
[DEBUG] Selected row: 1
[DEBUG] Final selected row after update_log(): 1
[DEBUG] Tooltip set for row 0: 01b6e014a8ab4e9eb250f99e083cf719fda4a3e5
[DEBUG] Row 0: commit 01b6e01 → branches: alt_branch, 🎯 main
[DEBUG] Selected current commit row 0
[DEBUG] Tooltip set for row 1: daacedd8d6f5417363bf8602e9935d99032f288b
[DEBUG] Row 1: commit daacedd → branches: alt_branch, 🎯 main
[DEBUG] status label set: ✅ 🎧 On version line — 🎵 Session branch: <span style="color:#00BCD4;">main</span> — Current take: <span style="color:#00BCD4;">version 2</span>
🎛️ Created auto_placeholder.als file
[DEBUG] Version line commit: 🎼 Start New Version Line: v1-experiment
[DEBUG] Comparing 01b6e01 to 25bf910 (row 0)
[DEBUG] Comparing 01b6e01 to f59ca47 (row 1)
[DEBUG] Selected row: -1
[DEBUG] Final selected row after update_log(): -1
[DEBUG] Full status --porcelain output:
[DEBUG] Raw Git status --porcelain:
[DEBUG] has_unsaved_changes() = False
[DEBUG] Full status --porcelain output:
  →  D track.als
[DEBUG] Raw Git status --porcelain:
[DEBUG] Checking cleaned file path: track.als
[DEBUG] Unsaved change detected: track.als
[32mPASSED[0m
tests_dawgit/test_commit_role_persistence.py::test_tag_role_persists_across_restart [DEBUG] Skipping QTimer.singleShot — parent not visible.
📌 No version locked in — staying on current HEAD
[WARN] Could not load take label for branch main: 'NoneType' object has no attribute 'head'
[WARN] Could not load take label for branch experiment: 'NoneType' object has no attribute 'head'
[WARN] Could not load take label for branch alt_mix: 'NoneType' object has no attribute 'head'
DEBUG COLUMN 3: None
[DEBUG] Skipping QTimer.singleShot — parent not visible.
[WARNING] Stylesheet not loaded: [Errno 2] No such file or directory: 'styles/dawgit_styles.qss'
[DEBUG] Loaded project path: /private/var/folders/yx/c_cp834d18v7ptq75l5x7twm0000gn/T/pytest-of-niccavendish/pytest-0/test_tag_role_persists_across_0/TestProject
[DEBUG] Initializing Git...
[DEBUG] Found DAW files: []
🧪 [Test Mode] No DAW files found — continuing with empty project.
[DEBUG] No existing repo found. Initializing new repo at /private/var/folders/yx/c_cp834d18v7ptq75l5x7twm0000gn/T/pytest-of-niccavendish/pytest-0/test_tag_role_persists_across_0/TestProject
✅ New Git repo initialized.
✅ Saved last project path: /private/var/folders/yx/c_cp834d18v7ptq75l5x7twm0000gn/T/pytest-of-niccavendish/pytest-0/test_tag_role_persists_across_0/TestProject
[DEBUG] status label set: ✅ 🎧 On version line — 🎵 Session branch: <span style="color:#00BCD4;">main</span> — Current take: <span style="color:#00BCD4;">version 1</span>
[DEBUG] self.current_commit_id before update_log: e04c70366e5426aa148c458907b976b1f0109ac1
[DEBUG] Comparing e04c703 to e04c703 (row 0)
[DEBUG] Selected row: 0
[DEBUG] Final selected row after update_log(): 0
[DEBUG] Tooltip set for row 0: e04c70366e5426aa148c458907b976b1f0109ac1
[DEBUG] Row 0: commit e04c703 → branches: 🎯 main
[DEBUG] Selected current commit row 0
[DEBUG] status label set: ✅ 🎧 On version line — 🎵 Session branch: <span style="color:#00BCD4;">main</span> — Current take: <span style="color:#00BCD4;">version 1</span>
[DEBUG] Comparing e04c703 to e04c703 (row 0)
[DEBUG] Comparing e04c703 to 9e7d410 (row 1)
[DEBUG] Selected row: 0
[DEBUG] Final selected row after update_log(): 0
[DEBUG] Starting commit with message: 'Initial test commit'
[DEBUG] Project path: /private/var/folders/yx/c_cp834d18v7ptq75l5x7twm0000gn/T/pytest-of-niccavendish/pytest-0/test_tag_role_persists_across_0/TestProject
[DEBUG] Repo is None? False
[DEBUG] DAW files found: [PosixPath('/private/var/folders/yx/c_cp834d18v7ptq75l5x7twm0000gn/T/pytest-of-niccavendish/pytest-0/test_tag_role_persists_across_0/TestProject/dummy.als')]
[DEBUG] Comparing 08348ee to e04c703 (row 0)
[DEBUG] Comparing 08348ee to 9e7d410 (row 1)
[DEBUG] Comparing 08348ee to 08348ee (row 2)
[DEBUG] Selected row: 2
[DEBUG] Final selected row after update_log(): 2
[DEBUG] status label set: ✅ 🎧 On version line — 🎵 Session branch: <span style="color:#00BCD4;">main</span> — Current take: <span style="color:#00BCD4;">version 3</span>
[DEBUG] Commit successful: Initial test commit → 08348ee
[...]
[DEBUG] Loaded project path: /private/var/folders/yx/c_cp834d18v7ptq75l5x7twm0000gn/T/pytest-of-niccavendish/pytest-0/test_branch_dropdown_shows_act0/BranchDrop
[DEBUG] Initializing Git...
[DEBUG] Found DAW files: [PosixPath('/private/var/folders/yx/c_cp834d18v7ptq75l5x7twm0000gn/T/pytest-of-niccavendish/pytest-0/test_branch_dropdown_shows_act0/BranchDrop/a.als')]
[DEBUG] Found existing Git repo at /private/var/folders/yx/c_cp834d18v7ptq75l5x7twm0000gn/T/pytest-of-niccavendish/pytest-0/test_branch_dropdown_shows_act0/BranchDrop
[DEBUG] Repo rebound: HEAD = bcaeba5
[DEBUG] Comparing bcaeba5 to bcaeba5 (row 0)
[DEBUG] Selected row: 0
[DEBUG] Final selected row after update_log(): 0
[DEBUG] status label set: ✅ 🎧 On version line — 🎵 Session branch: <span style="color:#00BCD4;">main</span> — Current take: <span style="color:#00BCD4;">version 1</span>
[DEBUG] status label set: ✅ 🎧 On version line — 🎵 Session branch: <span style="color:#00BCD4;">main</span> — Current take: <span style="color:#00BCD4;">version 1</span>
ℹ️ Existing Git repo found — checking status...
[DEBUG] status label set: ✅ 🎧 On version line — 🎵 Session branch: <span style="color:#00BCD4;">main</span> — Current take: <span style="color:#00BCD4;">version 1</span>
[DEBUG] self.current_commit_id before update_log: bcaeba57394878ca785372aa18e1cb15fee072bd
[DEBUG] Comparing bcaeba5 to bcaeba5 (row 0)
[DEBUG] Selected row: 0
[DEBUG] Final selected row after update_log(): 0
[DEBUG] Tooltip set for row 0: bcaeba57394878ca785372aa18e1cb15fee072bd
[DEBUG] Row 0: commit bcaeba5 → branches: 🎯 main
[DEBUG] Selected current commit row 0
[DEBUG] status label set: ✅ 🎧 On version line — 🎵 Session branch: <span style="color:#00BCD4;">main</span> — Current take: <span style="color:#00BCD4;">version 1</span>
[DEBUG] Initializing Git...
[DEBUG] Found DAW files: [PosixPath('/private/var/folders/yx/c_cp834d18v7ptq75l5x7twm0000gn/T/pytest-of-niccavendish/pytest-0/test_branch_dropdown_shows_act0/BranchDrop/a.als')]
[DEBUG] Found existing Git repo at /private/var/folders/yx/c_cp834d18v7ptq75l5x7twm0000gn/T/pytest-of-niccavendish/pytest-0/test_branch_dropdown_shows_act0/BranchDrop
[DEBUG] Repo rebound: HEAD = bcaeba5
[DEBUG] Comparing bcaeba5 to bcaeba5 (row 0)
[DEBUG] Selected row: 0
[DEBUG] Final selected row after update_log(): 0
[DEBUG] status label set: ✅ 🎧 On version line — 🎵 Session branch: <span style="color:#00BCD4;">main</span> — Current take: <span style="color:#00BCD4;">version 1</span>
[DEBUG] status label set: ✅ 🎧 On version line — 🎵 Session branch: <span style="color:#00BCD4;">main</span> — Current take: <span style="color:#00BCD4;">version 1</span>
ℹ️ Existing Git repo found — checking status...
[DEBUG] status label set: ✅ 🎧 On version line — 🎵 Session branch: <span style="color:#00BCD4;">main</span> — Current take: <span style="color:#00BCD4;">version 1</span>
[DEBUG] self.current_commit_id before update_log: bcaeba57394878ca785372aa18e1cb15fee072bd
[DEBUG] Comparing bcaeba5 to bcaeba5 (row 0)
[DEBUG] Selected row: 0
[DEBUG] Final selected row after update_log(): 0
[DEBUG] Full status --porcelain output:
[DEBUG] Raw Git status --porcelain:
[DEBUG] Recently modified .als detected: a.als
🔒 Unsaved changes backed up to: /private/var/folders/yx/c_cp834d18v7ptq75l5x7twm0000gn/T/pytest-of-niccavendish/pytest-0/test_branch_dropdown_shows_act0/Backup_BranchDrop_20250520_114507
[DEBUG] Initializing Git...
[DEBUG] Found DAW files: [PosixPath('/private/var/folders/yx/c_cp834d18v7ptq75l5x7twm0000gn/T/pytest-of-niccavendish/pytest-0/test_branch_dropdown_shows_act0/BranchDrop/a.als')]
[DEBUG] Found existing Git repo at /private/var/folders/yx/c_cp834d18v7ptq75l5x7twm0000gn/T/pytest-of-niccavendish/pytest-0/test_branch_dropdown_shows_act0/BranchDrop
[DEBUG] Repo rebound: HEAD = bcaeba5
[DEBUG] Comparing bcaeba5 to bcaeba5 (row 0)
[DEBUG] Selected row: 0
[DEBUG] Final selected row after update_log(): 0
[DEBUG] status label set: ✅ 🎧 On version line — 🎵 Session branch: <span style="color:#00BCD4;">main</span> — Current take: <span style="color:#00BCD4;">version 1</span>
[DEBUG] status label set: ✅ 🎧 On version line — 🎵 Session branch: <span style="color:#00BCD4;">main</span> — Current take: <span style="color:#00BCD4;">version 1</span>
ℹ️ Existing Git repo found — checking status...
[DEBUG] status label set: ✅ 🎧 On version line — 🎵 Session branch: <span style="color:#00BCD4;">main</span> — Current take: <span style="color:#00BCD4;">version 1</span>
[DEBUG] self.current_commit_id before update_log: bcaeba57394878ca785372aa18e1cb15fee072bd
[DEBUG] Comparing bcaeba5 to bcaeba5 (row 0)
[DEBUG] Selected row: 0
[DEBUG] Final selected row after update_log(): 0
[DEBUG] Comparing bcaeba5 to bcaeba5 (row 0)
[DEBUG] Selected row: 0
[DEBUG] Final selected row after update_log(): 0
[DEBUG] Full status --porcelain output:
[DEBUG] Raw Git status --porcelain:
[DEBUG] has_unsaved_changes() = False
[DEBUG] Full status --porcelain output:
[DEBUG] Raw Git status --porcelain:
[DEBUG] Recently modified .als detected: a.als
[32mPASSED[0m
tests_dawgit/test_startup_state.py::test_startup_in_detached_head_warns_user [DEBUG] Skipping QTimer.singleShot — parent not visible.
📌 No version locked in — staying on current HEAD
[WARN] Could not load take label for branch main: 'NoneType' object has no attribute 'head'
[WARN] Could not load take label for branch experiment: 'NoneType' object has no attribute 'head'
[WARN] Could not load take label for branch alt_mix: 'NoneType' object has no attribute 'head'
DEBUG COLUMN 3: None
[DEBUG] Skipping QTimer.singleShot — parent not visible.
[WARNING] Stylesheet not loaded: [Errno 2] No such file or directory: 'styles/dawgit_styles.qss'
[DEBUG] Loaded project path: /private/var/folders/yx/c_cp834d18v7ptq75l5x7twm0000gn/T/pytest-of-niccavendish/pytest-0/test_startup_in_detached_head_0/DetachedStartup
[DEBUG] Initializing Git...
[DEBUG] Found DAW files: [PosixPath('/private/var/folders/yx/c_cp834d18v7ptq75l5x7twm0000gn/T/pytest-of-niccavendish/pytest-0/test_startup_in_detached_head_0/DetachedStartup/clip.als')]
[DEBUG] Found existing Git repo at /private/var/folders/yx/c_cp834d18v7ptq75l5x7twm0000gn/T/pytest-of-niccavendish/pytest-0/test_startup_in_detached_head_0/DetachedStartup
🎯 Repo is in detached HEAD state — skipping bind_repo() to preserve HEAD.
[DEBUG] Repo is in detached HEAD state
[DEBUG] Tooltip set for row 0: 251befe1a31103a5409ffbba2c6200c0e0a77ece
[DEBUG] Row 0: commit 251befe → branches: (HEAD detached at 251befe), main
[DEBUG] Selected current commit row 0
[DEBUG] status label set: ℹ️ Detached snapshot — not on an active version line
[DEBUG] Initializing Git...
[DEBUG] Found DAW files: [PosixPath('/private/var/folders/yx/c_cp834d18v7ptq75l5x7twm0000gn/T/pytest-of-niccavendish/pytest-0/test_startup_in_detached_head_0/DetachedStartup/clip.als')]
[DEBUG] Found existing Git repo at /private/var/folders/yx/c_cp834d18v7ptq75l5x7twm0000gn/T/pytest-of-niccavendish/pytest-0/test_startup_in_detached_head_0/DetachedStartup
🎯 Repo is in detached HEAD state — skipping bind_repo() to preserve HEAD.
[32mPASSED[0m
tests_dawgit/test_status_label_logic.py::test_status_label_shows_clean_on_fresh_start [DEBUG] Skipping QTimer.singleShot — parent not visible.
📌 No version locked in — staying on current HEAD
[WARN] Could not load take label for branch main: 'NoneType' object has no attribute 'head'
[WARN] Could not load take label for branch experiment: 'NoneType' object has no attribute 'head'
[WARN] Could not load take label for branch alt_mix: 'NoneType' object has no attribute 'head'
DEBUG COLUMN 3: None
[DEBUG] Skipping QTimer.singleShot — parent not visible.
[WARNING] Stylesheet not loaded: [Errno 2] No such file or directory: 'styles/dawgit_styles.qss'
[DEBUG] Loaded project path: /private/var/folders/yx/c_cp834d18v7ptq75l5x7twm0000gn/T/pytest-of-niccavendish/pytest-0/test_status_label_shows_clean_0/TestProject
[DEBUG] Initializing Git...
[DEBUG] Found DAW files: [PosixPath('/private/var/folders/yx/c_cp834d18v7ptq75l5x7twm0000gn/T/pytest-of-niccavendish/pytest-0/test_status_label_shows_clean_0/TestProject/dummy.als')]
[DEBUG] No existing repo found. Initializing new repo at /private/var/folders/yx/c_cp834d18v7ptq75l5x7twm0000gn/T/pytest-of-niccavendish/pytest-0/test_status_label_shows_clean_0/TestProject
✅ New Git repo initialized.
✅ Saved last project path: /private/var/folders/yx/c_cp834d18v7ptq75l5x7twm0000gn/T/pytest-of-niccavendish/pytest-0/test_status_label_shows_clean_0/TestProject
[DEBUG] status label set: ✅ 🎧 On version line — 🎵 Session branch: <span style="color:#00BCD4;">main</span> — Current take: <span style="color:#00BCD4;">version 1</span>
[DEBUG] self.current_commit_id before update_log: aedfe68dbabe154912a3233b61dd29d26b2a7360
[DEBUG] Comparing aedfe68 to aedfe68 (row 0)
[DEBUG] Selected row: 0
[DEBUG] Final selected row after update_log(): 0
[DEBUG] Tooltip set for row 0: aedfe68dbabe154912a3233b61dd29d26b2a7360
[DEBUG] Row 0: commit aedfe68 → branches: 🎯 main
[DEBUG] Selected current commit row 0
[DEBUG] status label set: ✅ 🎧 On version line — 🎵 Session branch: <span style="color:#00BCD4;">main</span> — Current take: <span style="color:#00BCD4;">version 1</span>
[DEBUG] Full status --porcelain output:
[DEBUG] Raw Git status --porcelain:
[DEBUG] Recently modified .als detected: a.als
[DEBUG] Full status --porcelain output:
[DEBUG] Raw Git status --porcelain:
[DEBUG] has_unsaved_changes() = False
[32mPASSED[0m
tests_dawgit/test_status_label_logic.py::test_status_label_ignores_non_daw_files [DEBUG] Skipping QTimer.singleShot — parent not visible.
📌 No version locked in — staying on current HEAD
[WARN] Could not load take label for branch main: 'NoneType' object has no attribute 'head'
[WARN] Could not load take label for branch experiment: 'NoneType' object has no attribute 'head'
[WARN] Could not load take label for branch alt_mix: 'NoneType' object has no attribute 'head'
DEBUG COLUMN 3: None
[DEBUG] Skipping QTimer.singleShot — parent not visible.
[WARNING] Stylesheet not loaded: [Errno 2] No such file or directory: 'styles/dawgit_styles.qss'
[DEBUG] Loaded project path: /private/var/folders/yx/c_cp834d18v7ptq75l5x7twm0000gn/T/pytest-of-niccavendish/pytest-0/test_status_label_ignores_non_0/TestProject
[DEBUG] Initializing Git...
[DEBUG] Found DAW files: [PosixPath('/private/var/folders/yx/c_cp834d18v7ptq75l5x7twm0000gn/T/pytest-of-niccavendish/pytest-0/test_status_label_ignores_non_0/TestProject/dummy.als')]
[DEBUG] No existing repo found. Initializing new repo at /private/var/folders/yx/c_cp834d18v7ptq75l5x7twm0000gn/T/pytest-of-niccavendish/pytest-0/test_status_label_ignores_non_0/TestProject
✅ New Git repo initialized.
✅ Saved last project path: /private/var/folders/yx/c_cp834d18v7ptq75l5x7twm0000gn/T/pytest-of-niccavendish/pytest-0/test_status_label_ignores_non_0/TestProject
[DEBUG] status label set: ✅ 🎧 On version line — 🎵 Session branch: <span style="color:#00BCD4;">main</span> — Current take: <span style="color:#00BCD4;">version 1</span>
[DEBUG] self.current_commit_id before update_log: fdcbeaf588671fb69199a5e553a96fcf76abb443
[DEBUG] Comparing fdcbeaf to fdcbeaf (row 0)
[DEBUG] Selected row: 0
[DEBUG] Final selected row after update_log(): 0
[DEBUG] Tooltip set for row 0: fdcbeaf588671fb69199a5e553a96fcf76abb443
[DEBUG] Row 0: commit fdcbeaf → branches: 🎯 main
[DEBUG] Selected current commit row 0
[DEBUG] status label set: ✅ 🎧 On version line — 🎵 Session branch: <span style="color:#00BCD4;">main</span> — Current take: <span style="color:#00BCD4;">version 1</span>
[DEBUG] Full status --porcelain output:
[DEBUG] Raw Git status --porcelain:
[DEBUG] has_unsaved_changes() = False
[DEBUG] Full status --porcelain output:
[DEBUG] Raw Git status --porcelain:
[DEBUG] Recently modified .als detected: a.als
[DEBUG] Full status --porcelain output:
[DEBUG] Raw Git status --porcelain:
[DEBUG] has_unsaved_changes() = False
[32mPASSED[0m
tests_dawgit/test_status_label_logic.py::test_status_label_detects_modified_als [DEBUG] Skipping QTimer.singleShot — parent not visible.
📌 No version locked in — staying on current HEAD
[WARN] Could not load take label for branch main: 'NoneType' object has no attribute 'head'
[WARN] Could not load take label for branch experiment: 'NoneType' object has no attribute 'head'
[WARN] Could not load take label for branch alt_mix: 'NoneType' object has no attribute 'head'
DEBUG COLUMN 3: None
[DEBUG] Skipping QTimer.singleShot — parent not visible.
[WARNING] Stylesheet not loaded: [Errno 2] No such file or directory: 'styles/dawgit_styles.qss'
[DEBUG] Loaded project path: /private/var/folders/yx/c_cp834d18v7ptq75l5x7twm0000gn/T/pytest-of-niccavendish/pytest-0/test_status_label_detects_modi0/TestProject
[DEBUG] Initializing Git...
[DEBUG] Found DAW files: [PosixPath('/private/var/folders/yx/c_cp834d18v7ptq75l5x7twm0000gn/T/pytest-of-niccavendish/pytest-0/test_status_label_detects_modi0/TestProject/dummy.als')]
[DEBUG] No existing repo found. Initializing new repo at /private/var/folders/yx/c_cp834d18v7ptq75l5x7twm0000gn/T/pytest-of-niccavendish/pytest-0/test_status_label_detects_modi0/TestProject
✅ New Git repo initialized.
✅ Saved last project path: /private/var/folders/yx/c_cp834d18v7ptq75l5x7twm0000gn/T/pytest-of-niccavendish/pytest-0/test_status_label_detects_modi0/TestProject
[DEBUG] status label set: ✅ 🎧 On version line — 🎵 Session branch: <span style="color:#00BCD4;">main</span> — Current take: <span style="color:#00BCD4;">version 1</span>
[DEBUG] self.current_commit_id before update_log: ecf8f1ec57dca993cd957376724ca17485020cf9
[DEBUG] Comparing ecf8f1e to ecf8f1e (row 0)
[DEBUG] Selected row: 0
[DEBUG] Final selected row after update_log(): 0
[DEBUG] Tooltip set for row 0: ecf8f1ec57dca993cd957376724ca17485020cf9
[DEBUG] Row 0: commit ecf8f1e → branches: 🎯 main
[DEBUG] Selected current commit row 0
[DEBUG] status label set: ✅ 🎧 On version line — 🎵 Session branch: <span style="color:#00BCD4;">main</span> — Current take: <span style="color:#00BCD4;">version 1</span>
[DEBUG] Full status --porcelain output:
[DEBUG] Raw Git status --porcelain:
[DEBUG] has_unsaved_changes() = False
[DEBUG] Comparing ecf8f1e to ecf8f1e (row 0)
[DEBUG] Selected row: 0
[DEBUG] Final selected row after update_log(): 0
[DEBUG] status label set: ✅ 🎧 On version line — 🎵 Session branch: <span style="color:#00BCD4;">main</span> — Current take: <span style="color:#00BCD4;">version 1</span>
[DEBUG] Full status --porcelain output:
  →  M dummy.als
[DEBUG] Raw Git status --porcelain:
[DEBUG] Checking cleaned file path: dummy.als
[DEBUG] Unsaved change detected: dummy.als
[32mPASSED[0m
tests_dawgit/test_ui_logic.py::test_project_display_label [TEST MODE] Forced project path via env var: /private/var/folders/yx/c_cp834d18v7ptq75l5x7twm0000gn/T/pytest-of-niccavendish/pytest-0/test_placeholder_file_committe0/PlaceholderTest
[DEBUG] Skipping QTimer.singleShot — parent not visible.
📌 No version locked in — staying on current HEAD
[WARN] Could not load take label for branch main: 'NoneType' object has no attribute 'head'
[WARN] Could not load take label for branch experiment: 'NoneType' object has no attribute 'head'
[WARN] Could not load take label for branch alt_mix: 'NoneType' object has no attribute 'head'
DEBUG COLUMN 3: None
[DEBUG] Skipping QTimer.singleShot — parent not visible.
[WARNING] Stylesheet not loaded: [Errno 2] No such file or directory: 'styles/dawgit_styles.qss'
[DEBUG] Loaded project path: /private/var/folders/yx/c_cp834d18v7ptq75l5x7twm0000gn/T/pytest-of-niccavendish/pytest-0/test_placeholder_file_committe0/PlaceholderTest
[DEBUG] Initializing Git...
[DEBUG] Found DAW files: [PosixPath('/private/var/folders/yx/c_cp834d18v7ptq75l5x7twm0000gn/T/pytest-of-niccavendish/pytest-0/test_placeholder_file_committe0/PlaceholderTest/auto_placeholder.als')]
[DEBUG] Found existing Git repo at /private/var/folders/yx/c_cp834d18v7ptq75l5x7twm0000gn/T/pytest-of-niccavendish/pytest-0/test_placeholder_file_committe0/PlaceholderTest
[DEBUG] Repo rebound: HEAD = 852192b
[DEBUG] Comparing 852192b to b8f7b6c (row 0)
[DEBUG] Comparing 852192b to 852192b (row 1)
[DEBUG] Selected row: 1
[DEBUG] Final selected row after update_log(): 1
[DEBUG] status label set: ✅ 🎧 On version line — 🎵 Session branch: <span style="color:#00BCD4;">with-placeholder</span> — Current take: <span style="color:#00BCD4;">version 2</span>
[DEBUG] status label set: ✅ 🎧 On version line — 🎵 Session branch: <span style="color:#00BCD4;">with-placeholder</span> — Current take: <span style="color:#00BCD4;">version 2</span>
ℹ️ Existing Git repo found — checking status...
[DEBUG] status label set: ✅ 🎧 On version line — 🎵 Session branch: <span style="color:#00BCD4;">with-placeholder</span> — Current take: <span style="color:#00BCD4;">version 2</span>
[DEBUG] self.current_commit_id before update_log: 852192b3eb9639d5d88d6604fac077c9fc397ee3
[DEBUG] Comparing 852192b to b8f7b6c (row 0)
[DEBUG] Comparing 852192b to 852192b (row 1)
[DEBUG] Selected row: 1
[DEBUG] Final selected row after update_log(): 1
[DEBUG] Tooltip set for row 0: 852192b3eb9639d5d88d6604fac077c9fc397ee3
[DEBUG] Row 0: commit 852192b → branches: 🎯 with-placeholder
[DEBUG] Selected current commit row 0
[DEBUG] Tooltip set for row 1: b8f7b6c2e9be9b71429a3149b21a9145d7e95e7c
[DEBUG] Row 1: commit b8f7b6c → branches: main, 🎯 with-placeholder
[DEBUG] status label set: ✅ 🎧 On version line — 🎵 Session branch: <span style="color:#00BCD4;">with-placeholder</span> — Current take: <span style="color:#00BCD4;">version 2</span>
[DEBUG] Full status --porcelain output:
[DEBUG] Raw Git status --porcelain:
[DEBUG] has_unsaved_changes() = False
[DEBUG] Full status --porcelain output:
[DEBUG] Raw Git status --porcelain:
[DEBUG] Recently modified .als detected: a.als
[DEBUG] Full status --porcelain output:
[DEBUG] Raw Git status --porcelain:
[DEBUG] has_unsaved_changes() = False
[DEBUG] Full status --porcelain output:
  →  M dummy.als
[DEBUG] Raw Git status --porcelain:
[DEBUG] Checking cleaned file path: dummy.als
[DEBUG] Unsaved change detected: dummy.als
[32mPASSED[0m
tests_dawgit/test_version_marker_commits.py::test_version_marker_commit_creates_file_and_commit [WARNING] Stylesheet not loaded: [Errno 2] No such file or directory: 'styles/dawgit_styles.qss'
[DEBUG] Loaded project path: /private/var/folders/yx/c_cp834d18v7ptq75l5x7twm0000gn/T/pytest-of-niccavendish/pytest-0/test_version_marker_commit_cre0/VersionMarkerTest
[DEBUG] Initializing Git...
[DEBUG] Found DAW files: [PosixPath('/private/var/folders/yx/c_cp834d18v7ptq75l5x7twm0000gn/T/pytest-of-niccavendish/pytest-0/test_version_marker_commit_cre0/VersionMarkerTest/dummy.als')]
[DEBUG] No existing repo found. Initializing new repo at /private/var/folders/yx/c_cp834d18v7ptq75l5x7twm0000gn/T/pytest-of-niccavendish/pytest-0/test_version_marker_commit_cre0/VersionMarkerTest
✅ New Git repo initialized.
✅ Saved last project path: /private/var/folders/yx/c_cp834d18v7ptq75l5x7twm0000gn/T/pytest-of-niccavendish/pytest-0/test_version_marker_commit_cre0/VersionMarkerTest
⚠️ Skipping update_log(): history_table not initialized yet.
[DEBUG] Initializing Git...
[DEBUG] Found DAW files: [PosixPath('/private/var/folders/yx/c_cp834d18v7ptq75l5x7twm0000gn/T/pytest-of-niccavendish/pytest-0/test_version_marker_commit_cre0/VersionMarkerTest/dummy.als')]
[DEBUG] Found existing Git repo at /private/var/folders/yx/c_cp834d18v7ptq75l5x7twm0000gn/T/pytest-of-niccavendish/pytest-0/test_version_marker_commit_cre0/VersionMarkerTest
[DEBUG] Repo rebound: HEAD = b2d58e5
⚠️ Skipping update_log(): no history_table defined yet.
ℹ️ Existing Git repo found — checking status...
⚠️ Skipping update_log(): history_table not initialized yet.
[DEBUG] Version line commit: 🎼 Start New Version Line: version_marker_test
⚠️ Skipping update_log(): no history_table defined yet.
[32mPASSED[0m

[32m============================= [32m[1m60 passed[0m[32m in 52.52s[0m[32m ==============================[0m
