[1m============================= test session starts ==============================[0m
platform darwin -- Python 3.12.3, pytest-8.3.5, pluggy-1.5.0 -- /Users/niccavendish/.pyenv/versions/3.12.3/bin/python3.12
cachedir: .pytest_cache
PyQt6 6.9.0 -- Qt runtime 6.9.0 -- Qt compiled 6.9.0
rootdir: /Users/niccavendish/Projects/DAWGitApp
configfile: pytest.ini
plugins: qt-4.4.0, rich-0.2.0
[1mcollecting ... [0mcollected 61 items

tests_dawgit/test_branch_info.py::test_create_new_branch_from_commit [DEBUG] Skipping QTimer.singleShot — parent not visible.
[WARN] Could not load take label for branch main: 'NoneType' object has no attribute 'head'
[WARN] Could not load take label for branch experiment: 'NoneType' object has no attribute 'head'
[WARN] Could not load take label for branch alt_mix: 'NoneType' object has no attribute 'head'
[DEBUG] Skipping QTimer.singleShot — parent not visible.
[DEBUG] Loaded project path: /var/folders/yx/c_cp834d18v7ptq75l5x7twm0000gn/T/tmpz4g0rgls
[DEBUG] Initializing Git...
[DEBUG] Found DAW files: [PosixPath('/var/folders/yx/c_cp834d18v7ptq75l5x7twm0000gn/T/tmpz4g0rgls/project.als')]
[DEBUG] Found existing Git repo at /var/folders/yx/c_cp834d18v7ptq75l5x7twm0000gn/T/tmpz4g0rgls
🎯 Repo is in detached HEAD state — skipping bind_repo() to preserve HEAD.
[DEBUG] Repo is in detached HEAD state
[DEBUG] ✅ Matched HEAD SHA: e0671a3 → row 1
[DEBUG] Selected row = 1, SHA = e0671a345109631406fef6cce91474da45a613f0
[DEBUG] ✅ SHA set from selected row: e0671a345109631406fef6cce91474da45a613f0
[DEBUG] status label set: ℹ️ Detached snapshot — not on an active version line
[DEBUG] ✅ Final scroll to HEAD row 1
[DEBUG] status label set: ℹ️ Detached snapshot — not on an active version line
[DEBUG] ✅ Matched HEAD SHA: 9221621 → row 2
[DEBUG] Selected row = 2, SHA = 922162164e60cf8622d5d342be43ded6b5405b54
[DEBUG] ✅ SHA set from selected row: 922162164e60cf8622d5d342be43ded6b5405b54
[DEBUG] status label set: ✅ 🎧 On version line — 🎵 Session branch: <span style="color:#00BCD4;">test_branch</span> — Current take: <span style="color:#00BCD4;">version 3</span>
[DEBUG] ✅ Final scroll to HEAD row 2
[DEBUG] status label set: ✅ 🎧 On version line — 🎵 Session branch: <span style="color:#00BCD4;">test_branch</span> — Current take: <span style="color:#00BCD4;">version 3</span>
🧹 Removing test branch...
[DEBUG] Full status --porcelain output:
[DEBUG] Raw Git status --porcelain:
[DEBUG] Recently modified .als detected: project.als
[32mPASSED[0m[CLEANUP] Removed file: /var/folders/yx/c_cp834d18v7ptq75l5x7twm0000gn/T/tmpz4g0rgls/project.als

tests_dawgit/test_branch_info.py::test_branch_creation_in_detached_head_creates_version_line [DEBUG] Skipping QTimer.singleShot — parent not visible.
[WARN] Could not load take label for branch main: 'NoneType' object has no attribute 'head'
[WARN] Could not load take label for branch experiment: 'NoneType' object has no attribute 'head'
[WARN] Could not load take label for branch alt_mix: 'NoneType' object has no attribute 'head'
[DEBUG] Skipping QTimer.singleShot — parent not visible.
[WARNING] Stylesheet not loaded: [Errno 2] No such file or directory: 'styles/dawgit_styles.qss'
[DEBUG] Loaded project path: /var/folders/yx/c_cp834d18v7ptq75l5x7twm0000gn/T/tmpyng_tx4a
[DEBUG] Initializing Git...
[DEBUG] Found DAW files: [PosixPath('/var/folders/yx/c_cp834d18v7ptq75l5x7twm0000gn/T/tmpyng_tx4a/init_project.als')]
[DEBUG] Found existing Git repo at /var/folders/yx/c_cp834d18v7ptq75l5x7twm0000gn/T/tmpyng_tx4a
🎯 Repo is in detached HEAD state — skipping bind_repo() to preserve HEAD.
[DEBUG] Repo is in detached HEAD state
[DEBUG] ✅ Matched HEAD SHA: f20def2 → row 1
[DEBUG] Selected row = 1, SHA = f20def29bf7063f53167c1fab442e9ba891fcc0e
[DEBUG] ✅ SHA set from selected row: f20def29bf7063f53167c1fab442e9ba891fcc0e
[DEBUG] status label set: ℹ️ Detached snapshot — not on an active version line
[DEBUG] ✅ Final scroll to HEAD row 1
[DEBUG] status label set: ℹ️ Detached snapshot — not on an active version line
[DEBUG] ✅ Matched HEAD SHA: b864e57 → row 2
[DEBUG] Selected row = 2, SHA = b864e57344b791915f91a066d140a85c8c604a25
[DEBUG] ✅ SHA set from selected row: b864e57344b791915f91a066d140a85c8c604a25
[DEBUG] status label set: ✅ 🎧 On version line — 🎵 Session branch: <span style="color:#00BCD4;">version_line_test</span> — Current take: <span style="color:#00BCD4;">version 3</span>
[DEBUG] ✅ Final scroll to HEAD row 2
[DEBUG] status label set: ✅ 🎧 On version line — 🎵 Session branch: <span style="color:#00BCD4;">version_line_test</span> — Current take: <span style="color:#00BCD4;">version 3</span>
[DEBUG] Full status --porcelain output:
  →  D project.als
[DEBUG] Raw Git status --porcelain:
[DEBUG] Checking cleaned file path: project.als
[DEBUG] Unsaved change detected: project.als
[DEBUG] Full status --porcelain output:
[DEBUG] Raw Git status --porcelain:
[DEBUG] Recently modified .als detected: init_project.als
[32mPASSED[0m[CLEANUP] Removed file: /var/folders/yx/c_cp834d18v7ptq75l5x7twm0000gn/T/tmpyng_tx4a/init_project.als

tests_dawgit/test_branch_switching_behavior.py::test_switching_to_same_branch_does_nothing [WARNING] Stylesheet not loaded: [Errno 2] No such file or directory: 'styles/dawgit_styles.qss'
[DEBUG] Loaded project path: /private/var/folders/yx/c_cp834d18v7ptq75l5x7twm0000gn/T/pytest-of-niccavendish/pytest-0/test_switching_to_same_branch_0/BranchSwitchTest
[DEBUG] Initializing Git...
[DEBUG] Found DAW files: [PosixPath('/private/var/folders/yx/c_cp834d18v7ptq75l5x7twm0000gn/T/pytest-of-niccavendish/pytest-0/test_switching_to_same_branch_0/BranchSwitchTest/test.als')]
[DEBUG] No existing repo found. Initializing new repo at /private/var/folders/yx/c_cp834d18v7ptq75l5x7twm0000gn/T/pytest-of-niccavendish/pytest-0/test_switching_to_same_branch_0/BranchSwitchTest
✅ New Git repo initialized.
✅ Saved last project path: /private/var/folders/yx/c_cp834d18v7ptq75l5x7twm0000gn/T/pytest-of-niccavendish/pytest-0/test_switching_to_same_branch_0/BranchSwitchTest
⚠️ Skipping update_log(): history_table not initialized yet.
[DEBUG] Initializing Git...
[DEBUG] Found DAW files: [PosixPath('/private/var/folders/yx/c_cp834d18v7ptq75l5x7twm0000gn/T/pytest-of-niccavendish/pytest-0/test_switching_to_same_branch_0/BranchSwitchTest/test.als')]
[DEBUG] Found existing Git repo at /private/var/folders/yx/c_cp834d18v7ptq75l5x7twm0000gn/T/pytest-of-niccavendish/pytest-0/test_switching_to_same_branch_0/BranchSwitchTest
[DEBUG] Repo rebound: HEAD = e0ac24c
ℹ️ Existing Git repo found — checking status...
⚠️ Skipping update_log(): history_table not initialized yet.
[DEBUG] Already on selected branch — no switch needed.
[32mPASSED[0m
tests_dawgit/test_branching_logic.py::test_create_version_line_from_detached_head [DEBUG] Skipping QTimer.singleShot — parent not visible.
[WARN] Could not load take label for branch main: 'NoneType' object has no attribute 'head'
[WARN] Could not load take label for branch experiment: 'NoneType' object has no attribute 'head'
[WARN] Could not load take label for branch alt_mix: 'NoneType' object has no attribute 'head'
[DEBUG] Skipping QTimer.singleShot — parent not visible.
[WARNING] Stylesheet not loaded: [Errno 2] No such file or directory: 'styles/dawgit_styles.qss'
[DEBUG] Loaded project path: /private/var/folders/yx/c_cp834d18v7ptq75l5x7twm0000gn/T/pytest-of-niccavendish/pytest-0/test_create_version_line_from_0/TestProject
[DEBUG] Initializing Git...
[DEBUG] Found DAW files: []
🧪 [Test Mode] No DAW files found — continuing with empty project.
[DEBUG] No existing repo found. Initializing new repo at /private/var/folders/yx/c_cp834d18v7ptq75l5x7twm0000gn/T/pytest-of-niccavendish/pytest-0/test_create_version_line_from_0/TestProject
✅ New Git repo initialized.
✅ Saved last project path: /private/var/folders/yx/c_cp834d18v7ptq75l5x7twm0000gn/T/pytest-of-niccavendish/pytest-0/test_create_version_line_from_0/TestProject
[DEBUG] status label set: ✅ 🎧 On version line — 🎵 Session branch: <span style="color:#00BCD4;">main</span> — Current take: <span style="color:#00BCD4;">version 1</span>
[DEBUG] self.current_commit_id before update_log: 428d318ed19a10054a29ed43baf7a1ef88b82423
[DEBUG] ✅ Matched HEAD SHA: 428d318 → row 0
[DEBUG] Selected row = 0, SHA = 428d318ed19a10054a29ed43baf7a1ef88b82423
[DEBUG] ✅ SHA set from selected row: 428d318ed19a10054a29ed43baf7a1ef88b82423
[DEBUG] status label set: ✅ 🎧 On version line — 🎵 Session branch: <span style="color:#00BCD4;">main</span> — Current take: <span style="color:#00BCD4;">version 1</span>
[DEBUG] ✅ Final scroll to HEAD row 0
[DEBUG] ✅ Matched HEAD SHA: 428d318 → row 0
[DEBUG] Selected row = 0, SHA = 428d318ed19a10054a29ed43baf7a1ef88b82423
[DEBUG] ✅ SHA set from selected row: 428d318ed19a10054a29ed43baf7a1ef88b82423
[DEBUG] status label set: ✅ 🎧 On version line — 🎵 Session branch: <span style="color:#00BCD4;">main</span> — Current take: <span style="color:#00BCD4;">version 1</span>
[DEBUG] ✅ Final scroll to HEAD row 0
[DEBUG] status label set: ✅ 🎧 On version line — 🎵 Session branch: <span style="color:#00BCD4;">main</span> — Current take: <span style="color:#00BCD4;">version 1</span>
[DEBUG] Full status --porcelain output:
  →  D project.als
[DEBUG] Raw Git status --porcelain:
[DEBUG] Checking cleaned file path: project.als
[DEBUG] Unsaved change detected: project.als
[DEBUG] ✅ Matched HEAD SHA: b1546bb → row 2
[DEBUG] Selected row = 2, SHA = b1546bbc1d4c8cf9c923f9bb0767d134b23203fc
[DEBUG] ✅ SHA set from selected row: b1546bbc1d4c8cf9c923f9bb0767d134b23203fc
[DEBUG] status label set: ✅ 🎧 On version line — 🎵 Session branch: <span style="color:#00BCD4;">new_take</span> — Current take: <span style="color:#00BCD4;">version 3</span>
[DEBUG] ✅ Final scroll to HEAD row 2
[DEBUG] status label set: ✅ 🎧 On version line — 🎵 Session branch: <span style="color:#00BCD4;">new_take</span> — Current take: <span style="color:#00BCD4;">version 3</span>
[DEBUG] Full status --porcelain output:
[DEBUG] Raw Git status --porcelain:
[DEBUG] Recently modified .als detected: dummy.als
[32mPASSED[0m
tests_dawgit/test_branching_logic.py::test_safe_switch_branch_creates_if_missing [DEBUG] Skipping QTimer.singleShot — parent not visible.
[WARN] Could not load take label for branch main: 'NoneType' object has no attribute 'head'
[WARN] Could not load take label for branch experiment: 'NoneType' object has no attribute 'head'
[WARN] Could not load take label for branch alt_mix: 'NoneType' object has no attribute 'head'
[DEBUG] Skipping QTimer.singleShot — parent not visible.
[WARNING] Stylesheet not loaded: [Errno 2] No such file or directory: 'styles/dawgit_styles.qss'
[DEBUG] Loaded project path: /private/var/folders/yx/c_cp834d18v7ptq75l5x7twm0000gn/T/pytest-of-niccavendish/pytest-0/test_safe_switch_branch_create0/TestProject
[DEBUG] Initializing Git...
[DEBUG] Found DAW files: []
🧪 [Test Mode] No DAW files found — continuing with empty project.
[DEBUG] No existing repo found. Initializing new repo at /private/var/folders/yx/c_cp834d18v7ptq75l5x7twm0000gn/T/pytest-of-niccavendish/pytest-0/test_safe_switch_branch_create0/TestProject
✅ New Git repo initialized.
✅ Saved last project path: /private/var/folders/yx/c_cp834d18v7ptq75l5x7twm0000gn/T/pytest-of-niccavendish/pytest-0/test_safe_switch_branch_create0/TestProject
[DEBUG] status label set: ✅ 🎧 On version line — 🎵 Session branch: <span style="color:#00BCD4;">main</span> — Current take: <span style="color:#00BCD4;">version 1</span>
[DEBUG] self.current_commit_id before update_log: fb5cb6199e1a969f220a21f3e858317201de69f0
[DEBUG] ✅ Matched HEAD SHA: fb5cb61 → row 0
[DEBUG] Selected row = 0, SHA = fb5cb6199e1a969f220a21f3e858317201de69f0
[DEBUG] ✅ SHA set from selected row: fb5cb6199e1a969f220a21f3e858317201de69f0
[DEBUG] status label set: ✅ 🎧 On version line — 🎵 Session branch: <span style="color:#00BCD4;">main</span> — Current take: <span style="color:#00BCD4;">version 1</span>
[DEBUG] ✅ Final scroll to HEAD row 0
[DEBUG] ✅ Matched HEAD SHA: fb5cb61 → row 0
[DEBUG] Selected row = 0, SHA = fb5cb6199e1a969f220a21f3e858317201de69f0
[DEBUG] ✅ SHA set from selected row: fb5cb6199e1a969f220a21f3e858317201de69f0
[DEBUG] status label set: ✅ 🎧 On version line — 🎵 Session branch: <span style="color:#00BCD4;">main</span> — Current take: <span style="color:#00BCD4;">version 1</span>
[DEBUG] ✅ Final scroll to HEAD row 0
[DEBUG] status label set: ✅ 🎧 On version line — 🎵 Session branch: <span style="color:#00BCD4;">main</span> — Current take: <span style="color:#00BCD4;">version 1</span>
[DEBUG] Full status --porcelain output:
  →  D project.als
[DEBUG] Raw Git status --porcelain:
[DEBUG] Checking cleaned file path: project.als
[DEBUG] Unsaved change detected: project.als
[DEBUG] ✅ Matched HEAD SHA: 576c32b → row 3
[DEBUG] Selected row = 3, SHA = 576c32bfde061289379b1a74cbdd4368f05da07d
[DEBUG] ✅ SHA set from selected row: 576c32bfde061289379b1a74cbdd4368f05da07d
[DEBUG] status label set: ✅ 🎧 On version line — 🎵 Session branch: <span style="color:#00BCD4;">fresh_mix</span> — Current take: <span style="color:#00BCD4;">version 4</span>
[DEBUG] ✅ Final scroll to HEAD row 3
[DEBUG] status label set: ✅ 🎧 On version line — 🎵 Session branch: <span style="color:#00BCD4;">fresh_mix</span> — Current take: <span style="color:#00BCD4;">version 4</span>
[TEST DEBUG] Branch switch result: {'status': 'ok', 'message': "Created and switched to new branch 'fresh_mix'."}
[DEBUG] Full status --porcelain output:
[DEBUG] Raw Git status --porcelain:
[DEBUG] Recently modified .als detected: dummy.als
[DEBUG] Full status --porcelain output:
[DEBUG] Raw Git status --porcelain:
[DEBUG] Recently modified .als detected: dummy.als
[DEBUG] Full status --porcelain output:
  →  D project.als
[DEBUG] Raw Git status --porcelain:
[DEBUG] Checking cleaned file path: project.als
[DEBUG] Unsaved change detected: project.als
[32mPASSED[0m
tests_dawgit/test_branching_logic.py::test_update_session_branch_display_reflects_branch_and_commit [DEBUG] Skipping QTimer.singleShot — parent not visible.
[WARN] Could not load take label for branch main: 'NoneType' object has no attribute 'head'
[WARN] Could not load take label for branch experiment: 'NoneType' object has no attribute 'head'
[WARN] Could not load take label for branch alt_mix: 'NoneType' object has no attribute 'head'
[DEBUG] Skipping QTimer.singleShot — parent not visible.
[WARNING] Stylesheet not loaded: [Errno 2] No such file or directory: 'styles/dawgit_styles.qss'
[DEBUG] Loaded project path: /private/var/folders/yx/c_cp834d18v7ptq75l5x7twm0000gn/T/pytest-of-niccavendish/pytest-0/test_update_session_branch_dis0/TestProject
[DEBUG] Initializing Git...
[DEBUG] Found DAW files: []
🧪 [Test Mode] No DAW files found — continuing with empty project.
[DEBUG] No existing repo found. Initializing new repo at /private/var/folders/yx/c_cp834d18v7ptq75l5x7twm0000gn/T/pytest-of-niccavendish/pytest-0/test_update_session_branch_dis0/TestProject
✅ New Git repo initialized.
✅ Saved last project path: /private/var/folders/yx/c_cp834d18v7ptq75l5x7twm0000gn/T/pytest-of-niccavendish/pytest-0/test_update_session_branch_dis0/TestProject
[DEBUG] status label set: ✅ 🎧 On version line — 🎵 Session branch: <span style="color:#00BCD4;">main</span> — Current take: <span style="color:#00BCD4;">version 1</span>
[DEBUG] self.current_commit_id before update_log: f470e655bedfc72b5690ab879db0f6f7eaf6fbea
[DEBUG] ✅ Matched HEAD SHA: f470e65 → row 0
[DEBUG] Selected row = 0, SHA = f470e655bedfc72b5690ab879db0f6f7eaf6fbea
[DEBUG] ✅ SHA set from selected row: f470e655bedfc72b5690ab879db0f6f7eaf6fbea
[DEBUG] status label set: ✅ 🎧 On version line — 🎵 Session branch: <span style="color:#00BCD4;">main</span> — Current take: <span style="color:#00BCD4;">version 1</span>
[DEBUG] ✅ Final scroll to HEAD row 0
[DEBUG] ✅ Matched HEAD SHA: f470e65 → row 0
[DEBUG] Selected row = 0, SHA = f470e655bedfc72b5690ab879db0f6f7eaf6fbea
[DEBUG] ✅ SHA set from selected row: f470e655bedfc72b5690ab879db0f6f7eaf6fbea
[DEBUG] status label set: ✅ 🎧 On version line — 🎵 Session branch: <span style="color:#00BCD4;">main</span> — Current take: <span style="color:#00BCD4;">version 1</span>
[DEBUG] ✅ Final scroll to HEAD row 0
[DEBUG] status label set: ✅ 🎧 On version line — 🎵 Session branch: <span style="color:#00BCD4;">main</span> — Current take: <span style="color:#00BCD4;">version 1</span>
[DEBUG] Full status --porcelain output:
[DEBUG] Raw Git status --porcelain:
[DEBUG] Recently modified .als detected: dummy.als
[DEBUG] Full status --porcelain output:
[DEBUG] Raw Git status --porcelain:
[DEBUG] Recently modified .als detected: dummy.als
[TEST DEBUG] Branch Label: 🎵 Branch: main
[TEST DEBUG] Commit Label: 🎶 Commit: fac0d81
[32mPASSED[0m
tests_dawgit/test_branching_logic.py::test_switch_branch_with_unsaved_changes_prompts_backup [DEBUG] Skipping QTimer.singleShot — parent not visible.
[WARN] Could not load take label for branch main: 'NoneType' object has no attribute 'head'
[WARN] Could not load take label for branch experiment: 'NoneType' object has no attribute 'head'
[WARN] Could not load take label for branch alt_mix: 'NoneType' object has no attribute 'head'
[DEBUG] Skipping QTimer.singleShot — parent not visible.
[WARNING] Stylesheet not loaded: [Errno 2] No such file or directory: 'styles/dawgit_styles.qss'
[DEBUG] Loaded project path: /private/var/folders/yx/c_cp834d18v7ptq75l5x7twm0000gn/T/pytest-of-niccavendish/pytest-0/test_switch_branch_with_unsave0/TestProject
[DEBUG] Initializing Git...
[DEBUG] Found DAW files: []
🧪 [Test Mode] No DAW files found — continuing with empty project.
[DEBUG] No existing repo found. Initializing new repo at /private/var/folders/yx/c_cp834d18v7ptq75l5x7twm0000gn/T/pytest-of-niccavendish/pytest-0/test_switch_branch_with_unsave0/TestProject
✅ New Git repo initialized.
✅ Saved last project path: /private/var/folders/yx/c_cp834d18v7ptq75l5x7twm0000gn/T/pytest-of-niccavendish/pytest-0/test_switch_branch_with_unsave0/TestProject
[DEBUG] status label set: ✅ 🎧 On version line — 🎵 Session branch: <span style="color:#00BCD4;">main</span> — Current take: <span style="color:#00BCD4;">version 1</span>
[DEBUG] self.current_commit_id before update_log: f470e655bedfc72b5690ab879db0f6f7eaf6fbea
[DEBUG] ✅ Matched HEAD SHA: f470e65 → row 0
[DEBUG] Selected row = 0, SHA = f470e655bedfc72b5690ab879db0f6f7eaf6fbea
[DEBUG] ✅ SHA set from selected row: f470e655bedfc72b5690ab879db0f6f7eaf6fbea
[DEBUG] status label set: ✅ 🎧 On version line — 🎵 Session branch: <span style="color:#00BCD4;">main</span> — Current take: <span style="color:#00BCD4;">version 1</span>
[DEBUG] ✅ Final scroll to HEAD row 0
[DEBUG] ✅ Matched HEAD SHA: f470e65 → row 0
[DEBUG] Selected row = 0, SHA = f470e655bedfc72b5690ab879db0f6f7eaf6fbea
[DEBUG] ✅ SHA set from selected row: f470e655bedfc72b5690ab879db0f6f7eaf6fbea
[DEBUG] status label set: ✅ 🎧 On version line — 🎵 Session branch: <span style="color:#00BCD4;">main</span> — Current take: <span style="color:#00BCD4;">version 1</span>
[DEBUG] ✅ Final scroll to HEAD row 0
[DEBUG] status label set: ✅ 🎧 On version line — 🎵 Session branch: <span style="color:#00BCD4;">main</span> — Current take: <span style="color:#00BCD4;">version 1</span>
[DEBUG] Full status --porcelain output:
  →  D project.als
[DEBUG] Raw Git status --porcelain:
[DEBUG] Checking cleaned file path: project.als
[DEBUG] Unsaved change detected: project.als
[DEBUG] Full status --porcelain output:
[DEBUG] Raw Git status --porcelain:
[DEBUG] Recently modified .als detected: dummy.als
[SAFE SWITCH] Uncommitted changes detected — triggering backup.
[TEST DEBUG] Backup called: True
[TEST DEBUG] Branch switch result: {'status': 'warning', 'message': 'Uncommitted changes present — backed up.'}
[DEBUG] Full status --porcelain output:
[DEBUG] Raw Git status --porcelain:
[DEBUG] Recently modified .als detected: dummy.als
[DEBUG] Full status --porcelain output:
[DEBUG] Raw Git status --porcelain:
[DEBUG] Recently modified .als detected: dummy.als
[32mPASSED[0m
tests_dawgit/test_branching_logic.py::test_create_new_version_line_commits_version_marker_and_placeholder [DEBUG] Skipping QTimer.singleShot — parent not visible.
[WARN] Could not load take label for branch main: 'NoneType' object has no attribute 'head'
[WARN] Could not load take label for branch experiment: 'NoneType' object has no attribute 'head'
[WARN] Could not load take label for branch alt_mix: 'NoneType' object has no attribute 'head'
[DEBUG] Skipping QTimer.singleShot — parent not visible.
[WARNING] Stylesheet not loaded: [Errno 2] No such file or directory: 'styles/dawgit_styles.qss'
[DEBUG] Loaded project path: /private/var/folders/yx/c_cp834d18v7ptq75l5x7twm0000gn/T/pytest-of-niccavendish/pytest-0/test_create_new_version_line_c0/TestProject
[DEBUG] Initializing Git...
[DEBUG] Found DAW files: []
🧪 [Test Mode] No DAW files found — continuing with empty project.
[DEBUG] No existing repo found. Initializing new repo at /private/var/folders/yx/c_cp834d18v7ptq75l5x7twm0000gn/T/pytest-of-niccavendish/pytest-0/test_create_new_version_line_c0/TestProject
✅ New Git repo initialized.
✅ Saved last project path: /private/var/folders/yx/c_cp834d18v7ptq75l5x7twm0000gn/T/pytest-of-niccavendish/pytest-0/test_create_new_version_line_c0/TestProject
[DEBUG] status label set: ✅ 🎧 On version line — 🎵 Session branch: <span style="color:#00BCD4;">main</span> — Current take: <span style="color:#00BCD4;">version 1</span>
[DEBUG] self.current_commit_id before update_log: 4b3a81893fd5fddc268c4348eea7c4e09beb6227
[DEBUG] ✅ Matched HEAD SHA: 4b3a818 → row 0
[DEBUG] Selected row = 0, SHA = 4b3a81893fd5fddc268c4348eea7c4e09beb6227
[DEBUG] ✅ SHA set from selected row: 4b3a81893fd5fddc268c4348eea7c4e09beb6227
[DEBUG] status label set: ✅ 🎧 On version line — 🎵 Session branch: <span style="color:#00BCD4;">main</span> — Current take: <span style="color:#00BCD4;">version 1</span>
[DEBUG] ✅ Final scroll to HEAD row 0
[DEBUG] ✅ Matched HEAD SHA: 4b3a818 → row 0
[DEBUG] Selected row = 0, SHA = 4b3a81893fd5fddc268c4348eea7c4e09beb6227
[DEBUG] ✅ SHA set from selected row: 4b3a81893fd5fddc268c4348eea7c4e09beb6227
[DEBUG] status label set: ✅ 🎧 On version line — 🎵 Session branch: <span style="color:#00BCD4;">main</span> — Current take: <span style="color:#00BCD4;">version 1</span>
[DEBUG] ✅ Final scroll to HEAD row 0
[DEBUG] status label set: ✅ 🎧 On version line — 🎵 Session branch: <span style="color:#00BCD4;">main</span> — Current take: <span style="color:#00BCD4;">version 1</span>
[DEBUG] Full status --porcelain output:
  →  M dummy.als
[DEBUG] Raw Git status --porcelain:
[DEBUG] Checking cleaned file path: dummy.als
[DEBUG] Unsaved change detected: dummy.als
[DEBUG] Full status --porcelain output:
  →  D project.als
[DEBUG] Raw Git status --porcelain:
[DEBUG] Checking cleaned file path: project.als
[DEBUG] Unsaved change detected: project.als
[DEBUG] Full status --porcelain output:
[DEBUG] Raw Git status --porcelain:
[DEBUG] Recently modified .als detected: dummy.als
[DEBUG] ✅ Matched HEAD SHA: 4f04996 → row 3
[DEBUG] Selected row = 3, SHA = 4f049964d556f978015d2adf315b6745f235d3c8
[DEBUG] ✅ SHA set from selected row: 4f049964d556f978015d2adf315b6745f235d3c8
[DEBUG] status label set: ✅ 🎧 On version line — 🎵 Session branch: <span style="color:#00BCD4;">autotest_branch</span> — Current take: <span style="color:#00BCD4;">version 4</span>
[DEBUG] ✅ Final scroll to HEAD row 3
[DEBUG] status label set: ✅ 🎧 On version line — 🎵 Session branch: <span style="color:#00BCD4;">autotest_branch</span> — Current take: <span style="color:#00BCD4;">version 4</span>
[TEST DEBUG] Create version line result: {'status': 'success', 'branch': 'autotest_branch', 'commit_message': '🎼 Start New Version Line: autotest_branch'}
[TEST DEBUG] Files in commit: ['.version_marker', 'dummy.als']
[DEBUG] Full status --porcelain output:
[DEBUG] Raw Git status --porcelain:
[DEBUG] Recently modified .als detected: dummy.als
[DEBUG] Full status --porcelain output:
[DEBUG] Raw Git status --porcelain:
[DEBUG] Recently modified .als detected: dummy.als
[DEBUG] Full status --porcelain output:
[DEBUG] Raw Git status --porcelain:
[DEBUG] Recently modified .als detected: dummy.als
[DEBUG] Full status --porcelain output:
  →  M dummy.als
[DEBUG] Raw Git status --porcelain:
[DEBUG] Checking cleaned file path: dummy.als
[DEBUG] Unsaved change detected: dummy.als
[DEBUG] Full status --porcelain output:
  →  D project.als
[DEBUG] Raw Git status --porcelain:
[DEBUG] Checking cleaned file path: project.als
[DEBUG] Unsaved change detected: project.als
[32mPASSED[0m[DEBUG] Full status --porcelain output:
[DEBUG] Raw Git status --porcelain:
[DEBUG] Recently modified .als detected: dummy.als

tests_dawgit/test_branching_logic.py::test_load_alternate_session_switches_branch [31mFAILED[0m
tests_dawgit/test_checkout_safety.py::test_checkout_commit_from_other_branch[True] [DEBUG] Skipping QTimer.singleShot — parent not visible.
[WARN] Could not load take label for branch main: 'NoneType' object has no attribute 'head'
[WARN] Could not load take label for branch experiment: 'NoneType' object has no attribute 'head'
[WARN] Could not load take label for branch alt_mix: 'NoneType' object has no attribute 'head'
[DEBUG] Skipping QTimer.singleShot — parent not visible.
[WARNING] Stylesheet not loaded: [Errno 2] No such file or directory: 'styles/dawgit_styles.qss'
[DEBUG] Loaded project path: /var/folders/yx/c_cp834d18v7ptq75l5x7twm0000gn/T/tmpqw1druy9
[DEBUG] Initializing Git...
[DEBUG] Found DAW files: [PosixPath('/var/folders/yx/c_cp834d18v7ptq75l5x7twm0000gn/T/tmpqw1druy9/track.als')]
[DEBUG] Found existing Git repo at /var/folders/yx/c_cp834d18v7ptq75l5x7twm0000gn/T/tmpqw1druy9
🎯 Repo is in detached HEAD state — skipping bind_repo() to preserve HEAD.
[DEBUG] Repo is in detached HEAD state
[DEBUG] ✅ Matched HEAD SHA: c395527 → row 1
[DEBUG] Selected row = 1, SHA = c39552777d30de69e467b253926a4ec43ec8663f
[DEBUG] ✅ SHA set from selected row: c39552777d30de69e467b253926a4ec43ec8663f
[DEBUG] status label set: ℹ️ Detached snapshot — not on an active version line
[DEBUG] ✅ Final scroll to HEAD row 1
[DEBUG] status label set: ℹ️ Detached snapshot — not on an active version line
[DEBUG] Full status --porcelain output:
[DEBUG] Raw Git status --porcelain:
[DEBUG] Recently modified .als detected: track.als
🔒 Unsaved changes backed up to: /var/folders/yx/c_cp834d18v7ptq75l5x7twm0000gn/T/Backup_tmpqw1druy9_20250520_191239
[DEBUG] Already on selected commit — skipping checkout.
[DEBUG] Full status --porcelain output:
[DEBUG] Raw Git status --porcelain:
[DEBUG] Recently modified .als detected: dummy.als
[DEBUG] Full status --porcelain output:
[DEBUG] Raw Git status --porcelain:
[DEBUG] Recently modified .als detected: dummy.als
[DEBUG] Full status --porcelain output:
[DEBUG] Raw Git status --porcelain:
[DEBUG] Recently modified .als detected: dummy.als
[DEBUG] Full status --porcelain output:
  →  M dummy.als
[DEBUG] Raw Git status --porcelain:
[DEBUG] Checking cleaned file path: dummy.als
[DEBUG] Unsaved change detected: dummy.als
[DEBUG] Full status --porcelain output:
  →  D project.als
[DEBUG] Raw Git status --porcelain:
[DEBUG] Checking cleaned file path: project.als
[DEBUG] Unsaved change detected: project.als
[DEBUG] Full status --porcelain output:
[DEBUG] Raw Git status --porcelain:
[DEBUG] Recently modified .als detected: dummy.als
[32mPASSED[0m[CLEANUP] Removed file: /var/folders/yx/c_cp834d18v7ptq75l5x7twm0000gn/T/tmpqw1druy9/track.als
[DEBUG] Full status --porcelain output:
  →  D track.als
[DEBUG] Raw Git status --porcelain:
[DEBUG] Checking cleaned file path: track.als
[DEBUG] Unsaved change detected: track.als

tests_dawgit/test_checkout_safety.py::test_open_latest_daw_project_launches_correct_file[True] [DEBUG] Skipping QTimer.singleShot — parent not visible.
[WARN] Could not load take label for branch main: 'NoneType' object has no attribute 'head'
[WARN] Could not load take label for branch experiment: 'NoneType' object has no attribute 'head'
[WARN] Could not load take label for branch alt_mix: 'NoneType' object has no attribute 'head'
[DEBUG] Skipping QTimer.singleShot — parent not visible.
[WARNING] Stylesheet not loaded: [Errno 2] No such file or directory: 'styles/dawgit_styles.qss'
[DEBUG] Loaded project path: /var/folders/yx/c_cp834d18v7ptq75l5x7twm0000gn/T/tmpklm99z_6
[DEBUG] Initializing Git...
[DEBUG] Found DAW files: [PosixPath('/var/folders/yx/c_cp834d18v7ptq75l5x7twm0000gn/T/tmpklm99z_6/session.als'), PosixPath('/var/folders/yx/c_cp834d18v7ptq75l5x7twm0000gn/T/tmpklm99z_6/dummy.als')]
[DEBUG] Found existing Git repo at /var/folders/yx/c_cp834d18v7ptq75l5x7twm0000gn/T/tmpklm99z_6
🎯 Repo is in detached HEAD state — skipping bind_repo() to preserve HEAD.
[DEBUG] Repo is in detached HEAD state
[ERROR] get_tag_for_commit failed for ecdbbcacb389d97b93cf053a512bcf54aa07a244: not enough values to unpack (expected 2, got 0)
[ERROR] Failed to get branches for ecdbbca: not enough values to unpack (expected 2, got 0)
[ERROR] get_tag_for_commit failed for a34a3430103b24457d5f67828c24b868891ccbc3: not enough values to unpack (expected 2, got 0)
[ERROR] Failed to get branches for a34a343: not enough values to unpack (expected 2, got 0)
[ERROR] get_tag_for_commit failed for 431a7e1a00be0c370d354f2bfe012ad306721eb6: not enough values to unpack (expected 2, got 0)
[ERROR] Failed to get branches for 431a7e1: not enough values to unpack (expected 2, got 0)
[DEBUG] ✅ Matched HEAD SHA: 431a7e1 → row 2
[DEBUG] Selected row = 2, SHA = 431a7e1a00be0c370d354f2bfe012ad306721eb6
[DEBUG] ✅ SHA set from selected row: 431a7e1a00be0c370d354f2bfe012ad306721eb6
[DEBUG] status label set: ℹ️ Detached snapshot — not on an active version line
[DEBUG] ✅ Final scroll to HEAD row 2
[DEBUG] status label set: ℹ️ Detached snapshot — not on an active version line
[DEBUG] Full status --porcelain output:
[DEBUG] Raw Git status --porcelain:
[DEBUG] Recently modified .als detected: session.als
🔒 Unsaved changes backed up to: /var/folders/yx/c_cp834d18v7ptq75l5x7twm0000gn/T/Backup_tmpklm99z_6_20250520_191242
[DEBUG] Already on selected commit — skipping checkout.
✅ [TEST MODE] Skipping Popen check — verifying return instead.
[TEST MODE] Skipping snapshot confirmation.
[TEST MODE] Would open: /var/folders/yx/c_cp834d18v7ptq75l5x7twm0000gn/T/tmpklm99z_6/dummy.als
[32mPASSED[0m[CLEANUP] Removed file: /var/folders/yx/c_cp834d18v7ptq75l5x7twm0000gn/T/tmpklm99z_6/session.als
[CLEANUP] Removed file: /var/folders/yx/c_cp834d18v7ptq75l5x7twm0000gn/T/tmpklm99z_6/dummy.als

tests_dawgit/test_checkout_safety.py::test_checkout_latest_from_old_commit [WARNING] Stylesheet not loaded: [Errno 2] No such file or directory: 'styles/dawgit_styles.qss'
[DEBUG] Loaded project path: /private/var/folders/yx/c_cp834d18v7ptq75l5x7twm0000gn/T/pytest-of-niccavendish/pytest-0/test_checkout_latest_from_old_0/TestProject
[DEBUG] Initializing Git...
[DEBUG] Found DAW files: [PosixPath('/private/var/folders/yx/c_cp834d18v7ptq75l5x7twm0000gn/T/pytest-of-niccavendish/pytest-0/test_checkout_latest_from_old_0/TestProject/track_v2.als'), PosixPath('/private/var/folders/yx/c_cp834d18v7ptq75l5x7twm0000gn/T/pytest-of-niccavendish/pytest-0/test_checkout_latest_from_old_0/TestProject/track_v1.als'), PosixPath('/private/var/folders/yx/c_cp834d18v7ptq75l5x7twm0000gn/T/pytest-of-niccavendish/pytest-0/test_checkout_latest_from_old_0/TestProject/track_v0.als'), PosixPath('/private/var/folders/yx/c_cp834d18v7ptq75l5x7twm0000gn/T/pytest-of-niccavendish/pytest-0/test_checkout_latest_from_old_0/TestProject/dummy.als')]
[DEBUG] Found existing Git repo at /private/var/folders/yx/c_cp834d18v7ptq75l5x7twm0000gn/T/pytest-of-niccavendish/pytest-0/test_checkout_latest_from_old_0/TestProject
🎯 Repo is in detached HEAD state — skipping bind_repo() to preserve HEAD.
[DEBUG] Repo is in detached HEAD state
[DEBUG] Initializing Git...
[DEBUG] Found DAW files: [PosixPath('/private/var/folders/yx/c_cp834d18v7ptq75l5x7twm0000gn/T/pytest-of-niccavendish/pytest-0/test_checkout_latest_from_old_0/TestProject/track_v2.als'), PosixPath('/private/var/folders/yx/c_cp834d18v7ptq75l5x7twm0000gn/T/pytest-of-niccavendish/pytest-0/test_checkout_latest_from_old_0/TestProject/track_v1.als'), PosixPath('/private/var/folders/yx/c_cp834d18v7ptq75l5x7twm0000gn/T/pytest-of-niccavendish/pytest-0/test_checkout_latest_from_old_0/TestProject/track_v0.als'), PosixPath('/private/var/folders/yx/c_cp834d18v7ptq75l5x7twm0000gn/T/pytest-of-niccavendish/pytest-0/test_checkout_latest_from_old_0/TestProject/dummy.als')]
[DEBUG] Found existing Git repo at /private/var/folders/yx/c_cp834d18v7ptq75l5x7twm0000gn/T/pytest-of-niccavendish/pytest-0/test_checkout_latest_from_old_0/TestProject
🎯 Repo is in detached HEAD state — skipping bind_repo() to preserve HEAD.
[DEBUG] Repo is in detached HEAD. Attempting to switch to 'main'
[DEBUG] Repo rebound: HEAD = 1677cd6
[DEBUG] Full status --porcelain output:
  →  D dummy.als
  →  D session.als
[DEBUG] Raw Git status --porcelain:
[DEBUG] Checking cleaned file path: dummy.als
[DEBUG] Unsaved change detected: dummy.als
[32mPASSED[0m
tests_dawgit/test_checkout_safety.py::test_checkout_selected_commit_enters_detached_head [TEST MODE] Forced project path via env var: /private/var/folders/yx/c_cp834d18v7ptq75l5x7twm0000gn/T/pytest-of-niccavendish/pytest-0/test_checkout_selected_commit_0/DetachedCheck
[DEBUG] Skipping QTimer.singleShot — parent not visible.
[WARN] Could not load take label for branch main: 'NoneType' object has no attribute 'head'
[WARN] Could not load take label for branch experiment: 'NoneType' object has no attribute 'head'
[WARN] Could not load take label for branch alt_mix: 'NoneType' object has no attribute 'head'
[DEBUG] Skipping QTimer.singleShot — parent not visible.
[WARNING] Stylesheet not loaded: [Errno 2] No such file or directory: 'styles/dawgit_styles.qss'
[DEBUG] Loaded project path: /private/var/folders/yx/c_cp834d18v7ptq75l5x7twm0000gn/T/pytest-of-niccavendish/pytest-0/test_checkout_selected_commit_0/DetachedCheck
[DEBUG] Initializing Git...
[DEBUG] Found DAW files: [PosixPath('/private/var/folders/yx/c_cp834d18v7ptq75l5x7twm0000gn/T/pytest-of-niccavendish/pytest-0/test_checkout_selected_commit_0/DetachedCheck/track.als')]
[DEBUG] Found existing Git repo at /private/var/folders/yx/c_cp834d18v7ptq75l5x7twm0000gn/T/pytest-of-niccavendish/pytest-0/test_checkout_selected_commit_0/DetachedCheck
[DEBUG] Repo rebound: HEAD = e3159af
[DEBUG] ✅ Matched HEAD SHA: e3159af → row 1
[DEBUG] Selected row = 1, SHA = e3159af8b09741a573fa57cf2f6a6586695cd6b9
[DEBUG] ✅ SHA set from selected row: e3159af8b09741a573fa57cf2f6a6586695cd6b9
[DEBUG] status label set: ✅ 🎧 On version line — 🎵 Session branch: <span style="color:#00BCD4;">main</span> — Current take: <span style="color:#00BCD4;">version 2</span>
[DEBUG] ✅ Final scroll to HEAD row 1
[DEBUG] status label set: ✅ 🎧 On version line — 🎵 Session branch: <span style="color:#00BCD4;">main</span> — Current take: <span style="color:#00BCD4;">version 2</span>
[DEBUG] status label set: ✅ 🎧 On version line — 🎵 Session branch: <span style="color:#00BCD4;">main</span> — Current take: <span style="color:#00BCD4;">version 2</span>
ℹ️ Existing Git repo found — checking status...
[DEBUG] status label set: ✅ 🎧 On version line — 🎵 Session branch: <span style="color:#00BCD4;">main</span> — Current take: <span style="color:#00BCD4;">version 2</span>
[DEBUG] self.current_commit_id before update_log: e3159af8b09741a573fa57cf2f6a6586695cd6b9
[DEBUG] ✅ Matched HEAD SHA: e3159af → row 1
[DEBUG] Selected row = 1, SHA = e3159af8b09741a573fa57cf2f6a6586695cd6b9
[DEBUG] ✅ SHA set from selected row: e3159af8b09741a573fa57cf2f6a6586695cd6b9
[DEBUG] status label set: ✅ 🎧 On version line — 🎵 Session branch: <span style="color:#00BCD4;">main</span> — Current take: <span style="color:#00BCD4;">version 2</span>
[DEBUG] ✅ Final scroll to HEAD row 1
[DEBUG] ✅ Matched HEAD SHA: e3159af → row 1
[DEBUG] Selected row = 1, SHA = e3159af8b09741a573fa57cf2f6a6586695cd6b9
[DEBUG] ✅ SHA set from selected row: e3159af8b09741a573fa57cf2f6a6586695cd6b9
[DEBUG] status label set: ✅ 🎧 On version line — 🎵 Session branch: <span style="color:#00BCD4;">main</span> — Current take: <span style="color:#00BCD4;">version 2</span>
[DEBUG] ✅ Final scroll to HEAD row 1
[DEBUG] status label set: ✅ 🎧 On version line — 🎵 Session branch: <span style="color:#00BCD4;">main</span> — Current take: <span style="color:#00BCD4;">version 2</span>
[DEBUG] Full status --porcelain output:
[DEBUG] Raw Git status --porcelain:
[DEBUG] Recently modified .als detected: track.als
🔒 Unsaved changes backed up to: /private/var/folders/yx/c_cp834d18v7ptq75l5x7twm0000gn/T/pytest-of-niccavendish/pytest-0/test_checkout_selected_commit_0/Backup_DetachedCheck_20250520_191244
[DEBUG] Checking out commit: 63fda3958bb766da6b76ca708292d4568f9f5400
[DEBUG] Repo rebound: HEAD = 63fda39
[DEBUG] ✅ Matched HEAD SHA: 63fda39 → row 0
[DEBUG] Selected row = 0, SHA = 63fda3958bb766da6b76ca708292d4568f9f5400
[DEBUG] ✅ SHA set from selected row: 63fda3958bb766da6b76ca708292d4568f9f5400
[DEBUG] status label set: ℹ️ Detached snapshot — not on an active version line
[DEBUG] ✅ Final scroll to HEAD row 0
[DEBUG] status label set: ℹ️ Detached snapshot — not on an active version line
[DEBUG] Initializing Git...
[DEBUG] Found DAW files: [PosixPath('/private/var/folders/yx/c_cp834d18v7ptq75l5x7twm0000gn/T/pytest-of-niccavendish/pytest-0/test_checkout_selected_commit_0/DetachedCheck/track.als')]
[DEBUG] Found existing Git repo at /private/var/folders/yx/c_cp834d18v7ptq75l5x7twm0000gn/T/pytest-of-niccavendish/pytest-0/test_checkout_selected_commit_0/DetachedCheck
🎯 Repo is in detached HEAD state — skipping bind_repo() to preserve HEAD.
[DEBUG] ✅ Matched HEAD SHA: 63fda39 → row 0
[DEBUG] Selected row = 0, SHA = 63fda3958bb766da6b76ca708292d4568f9f5400
[DEBUG] ✅ SHA set from selected row: 63fda3958bb766da6b76ca708292d4568f9f5400
[DEBUG] status label set: ℹ️ Detached snapshot — not on an active version line
[DEBUG] ✅ Final scroll to HEAD row 0
[DEBUG] Full status --porcelain output:
  →  D dummy.als
  →  D session.als
[DEBUG] Raw Git status --porcelain:
[DEBUG] Checking cleaned file path: dummy.als
[DEBUG] Unsaved change detected: dummy.als
[DEBUG] Full status --porcelain output:
[DEBUG] Raw Git status --porcelain:
[DEBUG] Recently modified .als detected: track.als
[32mPASSED[0m
tests_dawgit/test_checkout_safety.py::test_checkout_latest_from_detached_state [TEST MODE] Forced project path via env var: /private/var/folders/yx/c_cp834d18v7ptq75l5x7twm0000gn/T/pytest-of-niccavendish/pytest-0/test_checkout_latest_from_deta0/ReturnTest
[DEBUG] Skipping QTimer.singleShot — parent not visible.
[WARN] Could not load take label for branch main: 'NoneType' object has no attribute 'head'
[WARN] Could not load take label for branch experiment: 'NoneType' object has no attribute 'head'
[WARN] Could not load take label for branch alt_mix: 'NoneType' object has no attribute 'head'
[DEBUG] Skipping QTimer.singleShot — parent not visible.
[WARNING] Stylesheet not loaded: [Errno 2] No such file or directory: 'styles/dawgit_styles.qss'
[DEBUG] Loaded project path: /private/var/folders/yx/c_cp834d18v7ptq75l5x7twm0000gn/T/pytest-of-niccavendish/pytest-0/test_checkout_latest_from_deta0/ReturnTest
[DEBUG] Initializing Git...
[DEBUG] Found DAW files: [PosixPath('/private/var/folders/yx/c_cp834d18v7ptq75l5x7twm0000gn/T/pytest-of-niccavendish/pytest-0/test_checkout_latest_from_deta0/ReturnTest/music.als')]
[DEBUG] Found existing Git repo at /private/var/folders/yx/c_cp834d18v7ptq75l5x7twm0000gn/T/pytest-of-niccavendish/pytest-0/test_checkout_latest_from_deta0/ReturnTest
[DEBUG] Repo rebound: HEAD = 49811ba
[DEBUG] ✅ Matched HEAD SHA: 49811ba → row 0
[DEBUG] Selected row = 0, SHA = 49811ba33b2eef5d429e2951c131ff4896371159
[DEBUG] ✅ SHA set from selected row: 49811ba33b2eef5d429e2951c131ff4896371159
[DEBUG] status label set: ✅ 🎧 On version line — 🎵 Session branch: <span style="color:#00BCD4;">main</span> — Current take: <span style="color:#00BCD4;">version 1</span>
[DEBUG] ✅ Final scroll to HEAD row 0
[DEBUG] status label set: ✅ 🎧 On version line — 🎵 Session branch: <span style="color:#00BCD4;">main</span> — Current take: <span style="color:#00BCD4;">version 1</span>
[DEBUG] status label set: ✅ 🎧 On version line — 🎵 Session branch: <span style="color:#00BCD4;">main</span> — Current take: <span style="color:#00BCD4;">version 1</span>
ℹ️ Existing Git repo found — checking status...
[DEBUG] status label set: ✅ 🎧 On version line — 🎵 Session branch: <span style="color:#00BCD4;">main</span> — Current take: <span style="color:#00BCD4;">version 1</span>
[DEBUG] self.current_commit_id before update_log: 49811ba33b2eef5d429e2951c131ff4896371159
[DEBUG] ✅ Matched HEAD SHA: 49811ba → row 0
[DEBUG] Selected row = 0, SHA = 49811ba33b2eef5d429e2951c131ff4896371159
[DEBUG] ✅ SHA set from selected row: 49811ba33b2eef5d429e2951c131ff4896371159
[DEBUG] status label set: ✅ 🎧 On version line — 🎵 Session branch: <span style="color:#00BCD4;">main</span> — Current take: <span style="color:#00BCD4;">version 1</span>
[DEBUG] ✅ Final scroll to HEAD row 0
[DEBUG] ✅ Matched HEAD SHA: 49811ba → row 0
[DEBUG] Selected row = 0, SHA = 49811ba33b2eef5d429e2951c131ff4896371159
[DEBUG] ✅ SHA set from selected row: 49811ba33b2eef5d429e2951c131ff4896371159
[DEBUG] status label set: ✅ 🎧 On version line — 🎵 Session branch: <span style="color:#00BCD4;">main</span> — Current take: <span style="color:#00BCD4;">version 1</span>
[DEBUG] ✅ Final scroll to HEAD row 0
[DEBUG] status label set: ✅ 🎧 On version line — 🎵 Session branch: <span style="color:#00BCD4;">main</span> — Current take: <span style="color:#00BCD4;">version 1</span>
[DEBUG] Starting commit with message: 'Updated'
[DEBUG] Project path: /private/var/folders/yx/c_cp834d18v7ptq75l5x7twm0000gn/T/pytest-of-niccavendish/pytest-0/test_checkout_latest_from_deta0/ReturnTest
[DEBUG] Repo is None? False
[DEBUG] DAW files found: [PosixPath('/private/var/folders/yx/c_cp834d18v7ptq75l5x7twm0000gn/T/pytest-of-niccavendish/pytest-0/test_checkout_latest_from_deta0/ReturnTest/music.als')]
[DEBUG] ✅ Matched HEAD SHA: e6a3b98 → row 1
[DEBUG] Selected row = 1, SHA = e6a3b9805167736511fa8a6891dcb8dfad90e014
[DEBUG] ✅ SHA set from selected row: e6a3b9805167736511fa8a6891dcb8dfad90e014
[DEBUG] status label set: ✅ 🎧 On version line — 🎵 Session branch: <span style="color:#00BCD4;">main</span> — Current take: <span style="color:#00BCD4;">version 2</span>
[DEBUG] ✅ Final scroll to HEAD row 1
[DEBUG] status label set: ✅ 🎧 On version line — 🎵 Session branch: <span style="color:#00BCD4;">main</span> — Current take: <span style="color:#00BCD4;">version 2</span>
[DEBUG] Commit successful: Updated → e6a3b98
[DEBUG] status label set: ✅ 🎧 On version line — 🎵 Session branch: <span style="color:#00BCD4;">main</span> — Current take: <span style="color:#00BCD4;">version 2</span>
[DEBUG] Full status --porcelain output:
[DEBUG] Raw Git status --porcelain:
[DEBUG] Recently modified .als detected: music.als
🔒 Unsaved changes backed up to: /private/var/folders/yx/c_cp834d18v7ptq75l5x7twm0000gn/T/pytest-of-niccavendish/pytest-0/test_checkout_latest_from_deta0/Backup_ReturnTest_20250520_191246
[DEBUG] Checking out commit: 49811ba33b2eef5d429e2951c131ff4896371159
[DEBUG] Repo rebound: HEAD = 49811ba
[DEBUG] ✅ Matched HEAD SHA: 49811ba → row 0
[DEBUG] Selected row = 0, SHA = 49811ba33b2eef5d429e2951c131ff4896371159
[DEBUG] ✅ SHA set from selected row: 49811ba33b2eef5d429e2951c131ff4896371159
[DEBUG] status label set: ℹ️ Detached snapshot — not on an active version line
[DEBUG] ✅ Final scroll to HEAD row 0
[DEBUG] status label set: ℹ️ Detached snapshot — not on an active version line
[DEBUG] Initializing Git...
[DEBUG] Found DAW files: [PosixPath('/private/var/folders/yx/c_cp834d18v7ptq75l5x7twm0000gn/T/pytest-of-niccavendish/pytest-0/test_checkout_latest_from_deta0/ReturnTest/music.als')]
[DEBUG] Found existing Git repo at /private/var/folders/yx/c_cp834d18v7ptq75l5x7twm0000gn/T/pytest-of-niccavendish/pytest-0/test_checkout_latest_from_deta0/ReturnTest
🎯 Repo is in detached HEAD state — skipping bind_repo() to preserve HEAD.
[DEBUG] ✅ Matched HEAD SHA: 49811ba → row 0
[DEBUG] Selected row = 0, SHA = 49811ba33b2eef5d429e2951c131ff4896371159
[DEBUG] ✅ SHA set from selected row: 49811ba33b2eef5d429e2951c131ff4896371159
[DEBUG] status label set: ℹ️ Detached snapshot — not on an active version line
[DEBUG] ✅ Final scroll to HEAD row 0
[DEBUG] Repo is in detached HEAD. Attempting to switch to 'main'
[DEBUG] Repo rebound: HEAD = e6a3b98
[DEBUG] ✅ Matched HEAD SHA: e6a3b98 → row 1
[DEBUG] Selected row = 1, SHA = e6a3b9805167736511fa8a6891dcb8dfad90e014
[DEBUG] ✅ SHA set from selected row: e6a3b9805167736511fa8a6891dcb8dfad90e014
[DEBUG] status label set: ✅ 🎧 On version line — 🎵 Session branch: <span style="color:#00BCD4;">main</span> — Current take: <span style="color:#00BCD4;">version 2</span>
[DEBUG] ✅ Final scroll to HEAD row 1
[DEBUG] status label set: ✅ 🎧 On version line — 🎵 Session branch: <span style="color:#00BCD4;">main</span> — Current take: <span style="color:#00BCD4;">version 2</span>
[DEBUG] Seeking to highlight SHA: e6a3b98
[DEBUG] Repo rebound: HEAD = e6a3b98
[DEBUG] ✅ Matched HEAD SHA: e6a3b98 → row 1
[DEBUG] Selected row = 1, SHA = e6a3b9805167736511fa8a6891dcb8dfad90e014
[DEBUG] ✅ SHA set from selected row: e6a3b9805167736511fa8a6891dcb8dfad90e014
[DEBUG] status label set: ✅ 🎧 On version line — 🎵 Session branch: <span style="color:#00BCD4;">main</span> — Current take: <span style="color:#00BCD4;">version 2</span>
[DEBUG] ✅ Final scroll to HEAD row 1
[DEBUG] ✅ Matched HEAD SHA in tooltip — selected row 1
[DEBUG] status label set: ✅ 🎧 On version line — 🎵 Session branch: <span style="color:#00BCD4;">main</span> — Current take: <span style="color:#00BCD4;">version 2</span>
[DEBUG] Full status --porcelain output:
[DEBUG] Raw Git status --porcelain:
[DEBUG] Recently modified .als detected: track.als
[DEBUG] Full status --porcelain output:
  →  D dummy.als
  →  D session.als
[DEBUG] Raw Git status --porcelain:
[DEBUG] Checking cleaned file path: dummy.als
[DEBUG] Unsaved change detected: dummy.als
[DEBUG] Full status --porcelain output:
[DEBUG] Raw Git status --porcelain:
[DEBUG] Recently modified .als detected: music.als
[DEBUG] ✅ Forced scroll to row 1
[32mPASSED[0m
tests_dawgit/test_checkout_safety.py::test_backup_folder_created_on_checkout [TEST MODE] Forced project path via env var: /private/var/folders/yx/c_cp834d18v7ptq75l5x7twm0000gn/T/pytest-of-niccavendish/pytest-0/test_backup_folder_created_on_0/BackupTest
[DEBUG] Skipping QTimer.singleShot — parent not visible.
[WARN] Could not load take label for branch main: 'NoneType' object has no attribute 'head'
[WARN] Could not load take label for branch experiment: 'NoneType' object has no attribute 'head'
[WARN] Could not load take label for branch alt_mix: 'NoneType' object has no attribute 'head'
[DEBUG] Skipping QTimer.singleShot — parent not visible.
[WARNING] Stylesheet not loaded: [Errno 2] No such file or directory: 'styles/dawgit_styles.qss'
[DEBUG] Loaded project path: /private/var/folders/yx/c_cp834d18v7ptq75l5x7twm0000gn/T/pytest-of-niccavendish/pytest-0/test_backup_folder_created_on_0/BackupTest
[DEBUG] Initializing Git...
[DEBUG] Found DAW files: [PosixPath('/private/var/folders/yx/c_cp834d18v7ptq75l5x7twm0000gn/T/pytest-of-niccavendish/pytest-0/test_backup_folder_created_on_0/BackupTest/temp.als')]
[DEBUG] Found existing Git repo at /private/var/folders/yx/c_cp834d18v7ptq75l5x7twm0000gn/T/pytest-of-niccavendish/pytest-0/test_backup_folder_created_on_0/BackupTest
[DEBUG] Repo rebound: HEAD = 658675d
[DEBUG] ✅ Matched HEAD SHA: 658675d → row 1
[DEBUG] Selected row = 1, SHA = 658675d2ac4e41c06bd703fbca3d9267a047f272
[DEBUG] ✅ SHA set from selected row: 658675d2ac4e41c06bd703fbca3d9267a047f272
[DEBUG] status label set: ✅ 🎧 On version line — 🎵 Session branch: <span style="color:#00BCD4;">main</span> — Current take: <span style="color:#00BCD4;">version 2</span>
[DEBUG] ✅ Final scroll to HEAD row 1
[DEBUG] status label set: ✅ 🎧 On version line — 🎵 Session branch: <span style="color:#00BCD4;">main</span> — Current take: <span style="color:#00BCD4;">version 2</span>
[DEBUG] status label set: ✅ 🎧 On version line — 🎵 Session branch: <span style="color:#00BCD4;">main</span> — Current take: <span style="color:#00BCD4;">version 2</span>
ℹ️ Existing Git repo found — checking status...
[DEBUG] status label set: ✅ 🎧 On version line — 🎵 Session branch: <span style="color:#00BCD4;">main</span> — Current take: <span style="color:#00BCD4;">version 2</span>
[DEBUG] self.current_commit_id before update_log: 658675d2ac4e41c06bd703fbca3d9267a047f272
[DEBUG] ✅ Matched HEAD SHA: 658675d → row 1
[DEBUG] Selected row = 1, SHA = 658675d2ac4e41c06bd703fbca3d9267a047f272
[DEBUG] ✅ SHA set from selected row: 658675d2ac4e41c06bd703fbca3d9267a047f272
[DEBUG] status label set: ✅ 🎧 On version line — 🎵 Session branch: <span style="color:#00BCD4;">main</span> — Current take: <span style="color:#00BCD4;">version 2</span>
[DEBUG] ✅ Final scroll to HEAD row 1
[DEBUG] ✅ Matched HEAD SHA: 658675d → row 1
[DEBUG] Selected row = 1, SHA = 658675d2ac4e41c06bd703fbca3d9267a047f272
[DEBUG] ✅ SHA set from selected row: 658675d2ac4e41c06bd703fbca3d9267a047f272
[DEBUG] status label set: ✅ 🎧 On version line — 🎵 Session branch: <span style="color:#00BCD4;">main</span> — Current take: <span style="color:#00BCD4;">version 2</span>
[DEBUG] ✅ Final scroll to HEAD row 1
[DEBUG] status label set: ✅ 🎧 On version line — 🎵 Session branch: <span style="color:#00BCD4;">main</span> — Current take: <span style="color:#00BCD4;">version 2</span>
🔒 Unsaved changes backed up to: /private/var/folders/yx/c_cp834d18v7ptq75l5x7twm0000gn/T/pytest-of-niccavendish/pytest-0/test_backup_folder_created_on_0/Backup_BackupTest_20250520_191248
[DEBUG] Full status --porcelain output:
[DEBUG] Raw Git status --porcelain:
[DEBUG] Recently modified .als detected: track.als
[DEBUG] Full status --porcelain output:
  →  D dummy.als
  →  D session.als
[DEBUG] Raw Git status --porcelain:
[DEBUG] Checking cleaned file path: dummy.als
[DEBUG] Unsaved change detected: dummy.als
[DEBUG] Full status --porcelain output:
[DEBUG] Raw Git status --porcelain:
[DEBUG] Recently modified .als detected: music.als
[DEBUG] Full status --porcelain output:
  →  M temp.als
[DEBUG] Raw Git status --porcelain:
[DEBUG] Checking cleaned file path: temp.als
[DEBUG] Unsaved change detected: temp.als
[32mPASSED[0m
tests_dawgit/test_checkout_safety.py::test_git_stash_created_on_return [TEST MODE] Forced project path via env var: /private/var/folders/yx/c_cp834d18v7ptq75l5x7twm0000gn/T/pytest-of-niccavendish/pytest-0/test_git_stash_created_on_retu0/StashTest
[DEBUG] Skipping QTimer.singleShot — parent not visible.
[WARN] Could not load take label for branch main: 'NoneType' object has no attribute 'head'
[WARN] Could not load take label for branch experiment: 'NoneType' object has no attribute 'head'
[WARN] Could not load take label for branch alt_mix: 'NoneType' object has no attribute 'head'
[DEBUG] Skipping QTimer.singleShot — parent not visible.
[WARNING] Stylesheet not loaded: [Errno 2] No such file or directory: 'styles/dawgit_styles.qss'
[DEBUG] Loaded project path: /private/var/folders/yx/c_cp834d18v7ptq75l5x7twm0000gn/T/pytest-of-niccavendish/pytest-0/test_git_stash_created_on_retu0/StashTest
[DEBUG] Initializing Git...
[DEBUG] Found DAW files: [PosixPath('/private/var/folders/yx/c_cp834d18v7ptq75l5x7twm0000gn/T/pytest-of-niccavendish/pytest-0/test_git_stash_created_on_retu0/StashTest/demo.als')]
[DEBUG] Found existing Git repo at /private/var/folders/yx/c_cp834d18v7ptq75l5x7twm0000gn/T/pytest-of-niccavendish/pytest-0/test_git_stash_created_on_retu0/StashTest
[DEBUG] Repo rebound: HEAD = 3d33b7a
[DEBUG] ✅ Matched HEAD SHA: 3d33b7a → row 0
[DEBUG] Selected row = 0, SHA = 3d33b7ae3fc6b0b65135bad5b93228e568ffb04f
[DEBUG] ✅ SHA set from selected row: 3d33b7ae3fc6b0b65135bad5b93228e568ffb04f
[DEBUG] status label set: ✅ 🎧 On version line — 🎵 Session branch: <span style="color:#00BCD4;">main</span> — Current take: <span style="color:#00BCD4;">version 1</span>
[DEBUG] ✅ Final scroll to HEAD row 0
[DEBUG] status label set: ✅ 🎧 On version line — 🎵 Session branch: <span style="color:#00BCD4;">main</span> — Current take: <span style="color:#00BCD4;">version 1</span>
[DEBUG] status label set: ✅ 🎧 On version line — 🎵 Session branch: <span style="color:#00BCD4;">main</span> — Current take: <span style="color:#00BCD4;">version 1</span>
ℹ️ Existing Git repo found — checking status...
[DEBUG] status label set: ✅ 🎧 On version line — 🎵 Session branch: <span style="color:#00BCD4;">main</span> — Current take: <span style="color:#00BCD4;">version 1</span>
[DEBUG] self.current_commit_id before update_log: 3d33b7ae3fc6b0b65135bad5b93228e568ffb04f
[DEBUG] ✅ Matched HEAD SHA: 3d33b7a → row 0
[DEBUG] Selected row = 0, SHA = 3d33b7ae3fc6b0b65135bad5b93228e568ffb04f
[DEBUG] ✅ SHA set from selected row: 3d33b7ae3fc6b0b65135bad5b93228e568ffb04f
[DEBUG] status label set: ✅ 🎧 On version line — 🎵 Session branch: <span style="color:#00BCD4;">main</span> — Current take: <span style="color:#00BCD4;">version 1</span>
[DEBUG] ✅ Final scroll to HEAD row 0
[DEBUG] ✅ Matched HEAD SHA: 3d33b7a → row 0
[DEBUG] Selected row = 0, SHA = 3d33b7ae3fc6b0b65135bad5b93228e568ffb04f
[DEBUG] ✅ SHA set from selected row: 3d33b7ae3fc6b0b65135bad5b93228e568ffb04f
[DEBUG] status label set: ✅ 🎧 On version line — 🎵 Session branch: <span style="color:#00BCD4;">main</span> — Current take: <span style="color:#00BCD4;">version 1</span>
[DEBUG] ✅ Final scroll to HEAD row 0
[DEBUG] status label set: ✅ 🎧 On version line — 🎵 Session branch: <span style="color:#00BCD4;">main</span> — Current take: <span style="color:#00BCD4;">version 1</span>
[DEBUG] Starting commit with message: 'Second'
[DEBUG] Project path: /private/var/folders/yx/c_cp834d18v7ptq75l5x7twm0000gn/T/pytest-of-niccavendish/pytest-0/test_git_stash_created_on_retu0/StashTest
[DEBUG] Repo is None? False
[DEBUG] DAW files found: [PosixPath('/private/var/folders/yx/c_cp834d18v7ptq75l5x7twm0000gn/T/pytest-of-niccavendish/pytest-0/test_git_stash_created_on_retu0/StashTest/demo.als')]
[DEBUG] ✅ Matched HEAD SHA: 492ecba → row 1
[DEBUG] Selected row = 1, SHA = 492ecba4c27ceecf2556b4369ce5c86ba504602e
[DEBUG] ✅ SHA set from selected row: 492ecba4c27ceecf2556b4369ce5c86ba504602e
[DEBUG] status label set: ✅ 🎧 On version line — 🎵 Session branch: <span style="color:#00BCD4;">main</span> — Current take: <span style="color:#00BCD4;">version 2</span>
[DEBUG] ✅ Final scroll to HEAD row 1
[DEBUG] status label set: ✅ 🎧 On version line — 🎵 Session branch: <span style="color:#00BCD4;">main</span> — Current take: <span style="color:#00BCD4;">version 2</span>
[DEBUG] Commit successful: Second → 492ecba
[DEBUG] status label set: ✅ 🎧 On version line — 🎵 Session branch: <span style="color:#00BCD4;">main</span> — Current take: <span style="color:#00BCD4;">version 2</span>
[DEBUG] Full status --porcelain output:
[DEBUG] Raw Git status --porcelain:
[DEBUG] Recently modified .als detected: demo.als
🔒 Unsaved changes backed up to: /private/var/folders/yx/c_cp834d18v7ptq75l5x7twm0000gn/T/pytest-of-niccavendish/pytest-0/test_git_stash_created_on_retu0/Backup_StashTest_20250520_191249
[DEBUG] Checking out commit: 3d33b7ae3fc6b0b65135bad5b93228e568ffb04f
[DEBUG] Repo rebound: HEAD = 3d33b7a
[DEBUG] ✅ Matched HEAD SHA: 3d33b7a → row 0
[DEBUG] Selected row = 0, SHA = 3d33b7ae3fc6b0b65135bad5b93228e568ffb04f
[DEBUG] ✅ SHA set from selected row: 3d33b7ae3fc6b0b65135bad5b93228e568ffb04f
[DEBUG] status label set: ℹ️ Detached snapshot — not on an active version line
[DEBUG] ✅ Final scroll to HEAD row 0
[DEBUG] status label set: ℹ️ Detached snapshot — not on an active version line
[DEBUG] Initializing Git...
[DEBUG] Found DAW files: [PosixPath('/private/var/folders/yx/c_cp834d18v7ptq75l5x7twm0000gn/T/pytest-of-niccavendish/pytest-0/test_git_stash_created_on_retu0/StashTest/demo.als')]
[DEBUG] Found existing Git repo at /private/var/folders/yx/c_cp834d18v7ptq75l5x7twm0000gn/T/pytest-of-niccavendish/pytest-0/test_git_stash_created_on_retu0/StashTest
🎯 Repo is in detached HEAD state — skipping bind_repo() to preserve HEAD.
[DEBUG] ✅ Matched HEAD SHA: 3d33b7a → row 0
[DEBUG] Selected row = 0, SHA = 3d33b7ae3fc6b0b65135bad5b93228e568ffb04f
[DEBUG] ✅ SHA set from selected row: 3d33b7ae3fc6b0b65135bad5b93228e568ffb04f
[DEBUG] status label set: ℹ️ Detached snapshot — not on an active version line
[DEBUG] ✅ Final scroll to HEAD row 0
[DEBUG] Repo is in detached HEAD. Attempting to switch to 'main'
[DEBUG] Full status --porcelain output:
[DEBUG] Raw Git status --porcelain:
[DEBUG] Recently modified .als detected: track.als
[DEBUG] Full status --porcelain output:
  →  D dummy.als
  →  D session.als
[DEBUG] Raw Git status --porcelain:
[DEBUG] Checking cleaned file path: dummy.als
[DEBUG] Unsaved change detected: dummy.als
[DEBUG] Full status --porcelain output:
[DEBUG] Raw Git status --porcelain:
[DEBUG] Recently modified .als detected: music.als
[DEBUG] Full status --porcelain output:
  →  M temp.als
[DEBUG] Raw Git status --porcelain:
[DEBUG] Checking cleaned file path: temp.als
[DEBUG] Unsaved change detected: temp.als
[DEBUG] Full status --porcelain output:
[DEBUG] Raw Git status --porcelain:
[DEBUG] Recently modified .als detected: demo.als
[32mPASSED[0m
tests_dawgit/test_checkout_safety.py::test_switch_branch_with_uncommitted_changes_warns_or_stashes Saved working directory and index state On main: DAWGitApp auto-stash
[DEBUG] Skipping QTimer.singleShot — parent not visible.
[WARN] Could not load take label for branch main: 'NoneType' object has no attribute 'head'
[WARN] Could not load take label for branch experiment: 'NoneType' object has no attribute 'head'
[WARN] Could not load take label for branch alt_mix: 'NoneType' object has no attribute 'head'
[DEBUG] Skipping QTimer.singleShot — parent not visible.
[WARNING] Stylesheet not loaded: [Errno 2] No such file or directory: 'styles/dawgit_styles.qss'
[DEBUG] Loaded project path: /var/folders/yx/c_cp834d18v7ptq75l5x7twm0000gn/T/tmpke5emaj9
[DEBUG] Initializing Git...
[DEBUG] Found DAW files: [PosixPath('/var/folders/yx/c_cp834d18v7ptq75l5x7twm0000gn/T/tmpke5emaj9/track.als')]
[DEBUG] Found existing Git repo at /var/folders/yx/c_cp834d18v7ptq75l5x7twm0000gn/T/tmpke5emaj9
[DEBUG] Repo rebound: HEAD = 877cd70
[DEBUG] ✅ Matched HEAD SHA: 877cd70 → row 1
[DEBUG] Selected row = 1, SHA = 877cd70cffb8c5b0e7777f3bf3b9d4e7e85e929a
[DEBUG] ✅ SHA set from selected row: 877cd70cffb8c5b0e7777f3bf3b9d4e7e85e929a
[DEBUG] status label set: ✅ 🎧 On version line — 🎵 Session branch: <span style="color:#00BCD4;">main</span> — Current take: <span style="color:#00BCD4;">version 2</span>
[DEBUG] ✅ Final scroll to HEAD row 1
[DEBUG] status label set: ✅ 🎧 On version line — 🎵 Session branch: <span style="color:#00BCD4;">main</span> — Current take: <span style="color:#00BCD4;">version 2</span>
[DEBUG] status label set: ✅ 🎧 On version line — 🎵 Session branch: <span style="color:#00BCD4;">main</span> — Current take: <span style="color:#00BCD4;">version 2</span>
ℹ️ Existing Git repo found — checking status...
[DEBUG] status label set: ✅ 🎧 On version line — 🎵 Session branch: <span style="color:#00BCD4;">main</span> — Current take: <span style="color:#00BCD4;">version 2</span>
[DEBUG] self.current_commit_id before update_log: 877cd70cffb8c5b0e7777f3bf3b9d4e7e85e929a
[DEBUG] ✅ Matched HEAD SHA: 877cd70 → row 1
[DEBUG] Selected row = 1, SHA = 877cd70cffb8c5b0e7777f3bf3b9d4e7e85e929a
[DEBUG] ✅ SHA set from selected row: 877cd70cffb8c5b0e7777f3bf3b9d4e7e85e929a
[DEBUG] status label set: ✅ 🎧 On version line — 🎵 Session branch: <span style="color:#00BCD4;">main</span> — Current take: <span style="color:#00BCD4;">version 2</span>
[DEBUG] ✅ Final scroll to HEAD row 1
[DEBUG] ✅ Matched HEAD SHA: 877cd70 → row 1
[DEBUG] Selected row = 1, SHA = 877cd70cffb8c5b0e7777f3bf3b9d4e7e85e929a
[DEBUG] ✅ SHA set from selected row: 877cd70cffb8c5b0e7777f3bf3b9d4e7e85e929a
[DEBUG] status label set: ✅ 🎧 On version line — 🎵 Session branch: <span style="color:#00BCD4;">main</span> — Current take: <span style="color:#00BCD4;">version 2</span>
[DEBUG] ✅ Final scroll to HEAD row 1
[DEBUG] status label set: ✅ 🎧 On version line — 🎵 Session branch: <span style="color:#00BCD4;">main</span> — Current take: <span style="color:#00BCD4;">version 2</span>
[DEBUG] Full status --porcelain output:
  →  M track.als
[DEBUG] Raw Git status --porcelain:
[DEBUG] Checking cleaned file path: track.als
[DEBUG] Unsaved change detected: track.als
🔒 Unsaved changes backed up to: /var/folders/yx/c_cp834d18v7ptq75l5x7twm0000gn/T/Backup_tmpke5emaj9_20250520_191253
[DEBUG] Initializing Git...
[DEBUG] Found DAW files: [PosixPath('/var/folders/yx/c_cp834d18v7ptq75l5x7twm0000gn/T/tmpke5emaj9/track.als')]
[DEBUG] Found existing Git repo at /var/folders/yx/c_cp834d18v7ptq75l5x7twm0000gn/T/tmpke5emaj9
[DEBUG] Repo rebound: HEAD = 6d45bf6
[DEBUG] ✅ Matched HEAD SHA: 6d45bf6 → row 2
[DEBUG] Selected row = 2, SHA = 6d45bf63416c558ea2656f00d50bc1ef19fa90e4
[DEBUG] ✅ SHA set from selected row: 6d45bf63416c558ea2656f00d50bc1ef19fa90e4
[DEBUG] status label set: ✅ 🎧 On version line — 🎵 Session branch: <span style="color:#00BCD4;">alt_branch</span> — Current take: <span style="color:#00BCD4;">version 3</span>
[DEBUG] ✅ Final scroll to HEAD row 2
[DEBUG] status label set: ✅ 🎧 On version line — 🎵 Session branch: <span style="color:#00BCD4;">alt_branch</span> — Current take: <span style="color:#00BCD4;">version 3</span>
[DEBUG] status label set: ✅ 🎧 On version line — 🎵 Session branch: <span style="color:#00BCD4;">alt_branch</span> — Current take: <span style="color:#00BCD4;">version 3</span>
ℹ️ Existing Git repo found — checking status...
[DEBUG] status label set: ✅ 🎧 On version line — 🎵 Session branch: <span style="color:#00BCD4;">alt_branch</span> — Current take: <span style="color:#00BCD4;">version 3</span>
[DEBUG] self.current_commit_id before update_log: 6d45bf63416c558ea2656f00d50bc1ef19fa90e4
[DEBUG] ✅ Matched HEAD SHA: 6d45bf6 → row 2
[DEBUG] Selected row = 2, SHA = 6d45bf63416c558ea2656f00d50bc1ef19fa90e4
[DEBUG] ✅ SHA set from selected row: 6d45bf63416c558ea2656f00d50bc1ef19fa90e4
[DEBUG] status label set: ✅ 🎧 On version line — 🎵 Session branch: <span style="color:#00BCD4;">alt_branch</span> — Current take: <span style="color:#00BCD4;">version 3</span>
[DEBUG] ✅ Final scroll to HEAD row 2
[DEBUG] ✅ Matched HEAD SHA: 6d45bf6 → row 2
[DEBUG] Selected row = 2, SHA = 6d45bf63416c558ea2656f00d50bc1ef19fa90e4
[DEBUG] ✅ SHA set from selected row: 6d45bf63416c558ea2656f00d50bc1ef19fa90e4
[DEBUG] status label set: ✅ 🎧 On version line — 🎵 Session branch: <span style="color:#00BCD4;">alt_branch</span> — Current take: <span style="color:#00BCD4;">version 3</span>
[DEBUG] ✅ Final scroll to HEAD row 2
[DEBUG] Full status --porcelain output:
  →  D dummy.als
  →  D session.als
[DEBUG] Raw Git status --porcelain:
[DEBUG] Checking cleaned file path: dummy.als
[DEBUG] Unsaved change detected: dummy.als
[DEBUG] Full status --porcelain output:
[DEBUG] Raw Git status --porcelain:
[DEBUG] Recently modified .als detected: track.als
[32mPASSED[0m[CLEANUP] Removed file: /var/folders/yx/c_cp834d18v7ptq75l5x7twm0000gn/T/tmpke5emaj9/track.als

tests_dawgit/test_commit_cancel_modal.py::test_commit_cancel_does_not_change_repo [DEBUG] Skipping QTimer.singleShot — parent not visible.
[WARN] Could not load take label for branch main: 'NoneType' object has no attribute 'head'
[WARN] Could not load take label for branch experiment: 'NoneType' object has no attribute 'head'
[WARN] Could not load take label for branch alt_mix: 'NoneType' object has no attribute 'head'
[DEBUG] Skipping QTimer.singleShot — parent not visible.
[WARNING] Stylesheet not loaded: [Errno 2] No such file or directory: 'styles/dawgit_styles.qss'
[DEBUG] Loaded project path: /private/var/folders/yx/c_cp834d18v7ptq75l5x7twm0000gn/T/pytest-of-niccavendish/pytest-0/test_commit_cancel_does_not_ch0/CommitCancelTest
[DEBUG] Initializing Git...
[DEBUG] Found DAW files: [PosixPath('/private/var/folders/yx/c_cp834d18v7ptq75l5x7twm0000gn/T/pytest-of-niccavendish/pytest-0/test_commit_cancel_does_not_ch0/CommitCancelTest/dummy.als')]
[DEBUG] No existing repo found. Initializing new repo at /private/var/folders/yx/c_cp834d18v7ptq75l5x7twm0000gn/T/pytest-of-niccavendish/pytest-0/test_commit_cancel_does_not_ch0/CommitCancelTest
✅ New Git repo initialized.
✅ Saved last project path: /private/var/folders/yx/c_cp834d18v7ptq75l5x7twm0000gn/T/pytest-of-niccavendish/pytest-0/test_commit_cancel_does_not_ch0/CommitCancelTest
[DEBUG] status label set: ✅ 🎧 On version line — 🎵 Session branch: <span style="color:#00BCD4;">main</span> — Current take: <span style="color:#00BCD4;">version 1</span>
[DEBUG] self.current_commit_id before update_log: 1758cbb48d291c6db6228f87fe55b3a24bdf416c
[DEBUG] ✅ Matched HEAD SHA: 1758cbb → row 0
[DEBUG] Selected row = 0, SHA = 1758cbb48d291c6db6228f87fe55b3a24bdf416c
[DEBUG] ✅ SHA set from selected row: 1758cbb48d291c6db6228f87fe55b3a24bdf416c
[DEBUG] status label set: ✅ 🎧 On version line — 🎵 Session branch: <span style="color:#00BCD4;">main</span> — Current take: <span style="color:#00BCD4;">version 1</span>
[DEBUG] ✅ Final scroll to HEAD row 0
[DEBUG] ✅ Matched HEAD SHA: 1758cbb → row 0
[DEBUG] Selected row = 0, SHA = 1758cbb48d291c6db6228f87fe55b3a24bdf416c
[DEBUG] ✅ SHA set from selected row: 1758cbb48d291c6db6228f87fe55b3a24bdf416c
[DEBUG] status label set: ✅ 🎧 On version line — 🎵 Session branch: <span style="color:#00BCD4;">main</span> — Current take: <span style="color:#00BCD4;">version 1</span>
[DEBUG] ✅ Final scroll to HEAD row 0
[DEBUG] status label set: ✅ 🎧 On version line — 🎵 Session branch: <span style="color:#00BCD4;">main</span> — Current take: <span style="color:#00BCD4;">version 1</span>
[DEBUG] Initializing Git...
[DEBUG] Found DAW files: [PosixPath('/private/var/folders/yx/c_cp834d18v7ptq75l5x7twm0000gn/T/pytest-of-niccavendish/pytest-0/test_commit_cancel_does_not_ch0/CommitCancelTest/dummy.als')]
[DEBUG] Found existing Git repo at /private/var/folders/yx/c_cp834d18v7ptq75l5x7twm0000gn/T/pytest-of-niccavendish/pytest-0/test_commit_cancel_does_not_ch0/CommitCancelTest
[DEBUG] Repo rebound: HEAD = 1758cbb
[DEBUG] ✅ Matched HEAD SHA: 1758cbb → row 0
[DEBUG] Selected row = 0, SHA = 1758cbb48d291c6db6228f87fe55b3a24bdf416c
[DEBUG] ✅ SHA set from selected row: 1758cbb48d291c6db6228f87fe55b3a24bdf416c
[DEBUG] status label set: ✅ 🎧 On version line — 🎵 Session branch: <span style="color:#00BCD4;">main</span> — Current take: <span style="color:#00BCD4;">version 1</span>
[DEBUG] ✅ Final scroll to HEAD row 0
[DEBUG] status label set: ✅ 🎧 On version line — 🎵 Session branch: <span style="color:#00BCD4;">main</span> — Current take: <span style="color:#00BCD4;">version 1</span>
[DEBUG] status label set: ✅ 🎧 On version line — 🎵 Session branch: <span style="color:#00BCD4;">main</span> — Current take: <span style="color:#00BCD4;">version 1</span>
ℹ️ Existing Git repo found — checking status...
[DEBUG] status label set: ✅ 🎧 On version line — 🎵 Session branch: <span style="color:#00BCD4;">main</span> — Current take: <span style="color:#00BCD4;">version 1</span>
[DEBUG] self.current_commit_id before update_log: 1758cbb48d291c6db6228f87fe55b3a24bdf416c
[DEBUG] ✅ Matched HEAD SHA: 1758cbb → row 0
[DEBUG] Selected row = 0, SHA = 1758cbb48d291c6db6228f87fe55b3a24bdf416c
[DEBUG] ✅ SHA set from selected row: 1758cbb48d291c6db6228f87fe55b3a24bdf416c
[DEBUG] status label set: ✅ 🎧 On version line — 🎵 Session branch: <span style="color:#00BCD4;">main</span> — Current take: <span style="color:#00BCD4;">version 1</span>
[DEBUG] ✅ Final scroll to HEAD row 0
[DEBUG] Full status --porcelain output:
  →  D dummy.als
  →  D session.als
[DEBUG] Raw Git status --porcelain:
[DEBUG] Checking cleaned file path: dummy.als
[DEBUG] Unsaved change detected: dummy.als
[DEBUG] Full status --porcelain output:
  →  D track.als
[DEBUG] Raw Git status --porcelain:
[DEBUG] Checking cleaned file path: track.als
[DEBUG] Unsaved change detected: track.als
[DEBUG] Full status --porcelain output:
[DEBUG] Raw Git status --porcelain:
[DEBUG] Recently modified .als detected: dummy.als
[32mPASSED[0m
tests_dawgit/test_commit_deletion.py::test_delete_commit [WARNING] Stylesheet not loaded: [Errno 2] No such file or directory: 'styles/dawgit_styles.qss'
[DEBUG] Loaded project path: /private/var/folders/yx/c_cp834d18v7ptq75l5x7twm0000gn/T/pytest-of-niccavendish/pytest-0/test_delete_commit0/DeleteCommitRepo
[DEBUG] Initializing Git...
[DEBUG] Found DAW files: [PosixPath('/private/var/folders/yx/c_cp834d18v7ptq75l5x7twm0000gn/T/pytest-of-niccavendish/pytest-0/test_delete_commit0/DeleteCommitRepo/second.als'), PosixPath('/private/var/folders/yx/c_cp834d18v7ptq75l5x7twm0000gn/T/pytest-of-niccavendish/pytest-0/test_delete_commit0/DeleteCommitRepo/file.als')]
[DEBUG] Found existing Git repo at /private/var/folders/yx/c_cp834d18v7ptq75l5x7twm0000gn/T/pytest-of-niccavendish/pytest-0/test_delete_commit0/DeleteCommitRepo
[DEBUG] Repo rebound: HEAD = f2f49b5
ℹ️ Existing Git repo found — checking status...
⚠️ Skipping update_log(): history_table not initialized yet.
[DEBUG] Initializing Git...
[DEBUG] Found DAW files: [PosixPath('/private/var/folders/yx/c_cp834d18v7ptq75l5x7twm0000gn/T/pytest-of-niccavendish/pytest-0/test_delete_commit0/DeleteCommitRepo/second.als'), PosixPath('/private/var/folders/yx/c_cp834d18v7ptq75l5x7twm0000gn/T/pytest-of-niccavendish/pytest-0/test_delete_commit0/DeleteCommitRepo/file.als')]
[DEBUG] Found existing Git repo at /private/var/folders/yx/c_cp834d18v7ptq75l5x7twm0000gn/T/pytest-of-niccavendish/pytest-0/test_delete_commit0/DeleteCommitRepo
[DEBUG] Repo rebound: HEAD = f2f49b5
ℹ️ Existing Git repo found — checking status...
⚠️ Skipping update_log(): history_table not initialized yet.
[DEBUG] Full status --porcelain output:
[DEBUG] Raw Git status --porcelain:
[DEBUG] Recently modified .als detected: second.als
🔒 Unsaved changes backed up to: /private/var/folders/yx/c_cp834d18v7ptq75l5x7twm0000gn/T/pytest-of-niccavendish/pytest-0/test_delete_commit0/Backup_DeleteCommitRepo_20250520_191258
[DEBUG] Initializing Git...
[DEBUG] Found DAW files: [PosixPath('/private/var/folders/yx/c_cp834d18v7ptq75l5x7twm0000gn/T/pytest-of-niccavendish/pytest-0/test_delete_commit0/DeleteCommitRepo/second.als'), PosixPath('/private/var/folders/yx/c_cp834d18v7ptq75l5x7twm0000gn/T/pytest-of-niccavendish/pytest-0/test_delete_commit0/DeleteCommitRepo/file.als')]
[DEBUG] Found existing Git repo at /private/var/folders/yx/c_cp834d18v7ptq75l5x7twm0000gn/T/pytest-of-niccavendish/pytest-0/test_delete_commit0/DeleteCommitRepo
[DEBUG] Repo rebound: HEAD = f2f49b5
[DEBUG] ✅ Matched HEAD SHA: f2f49b5 → row 1
[DEBUG] Selected row = 1, SHA = f2f49b5b459fecc244571b6816f6322c8e15e5b9
[DEBUG] ✅ SHA set from selected row: f2f49b5b459fecc244571b6816f6322c8e15e5b9
[DEBUG] ✅ Final scroll to HEAD row 1
ℹ️ Existing Git repo found — checking status...
[DEBUG] self.current_commit_id before update_log: f2f49b5b459fecc244571b6816f6322c8e15e5b9
[DEBUG] ✅ Matched HEAD SHA: f2f49b5 → row 1
[DEBUG] Selected row = 1, SHA = f2f49b5b459fecc244571b6816f6322c8e15e5b9
[DEBUG] ✅ SHA set from selected row: f2f49b5b459fecc244571b6816f6322c8e15e5b9
[DEBUG] ✅ Final scroll to HEAD row 1
[DEBUG] ✅ Matched HEAD SHA: f2f49b5 → row 1
[DEBUG] Selected row = 1, SHA = f2f49b5b459fecc244571b6816f6322c8e15e5b9
[DEBUG] ✅ SHA set from selected row: f2f49b5b459fecc244571b6816f6322c8e15e5b9
[DEBUG] ✅ Final scroll to HEAD row 1
[STATUS] 🗑️ Snapshot deleted using rebase --onto.
[DEBUG] Skipping test/placeholder file: /private/var/folders/yx/c_cp834d18v7ptq75l5x7twm0000gn/T/pytest-of-niccavendish/pytest-0/test_delete_commit0/DeleteCommitRepo/second.als
[DEBUG] Full status --porcelain output:
  →  D dummy.als
  →  D session.als
[DEBUG] Raw Git status --porcelain:
[DEBUG] Checking cleaned file path: dummy.als
[DEBUG] Unsaved change detected: dummy.als
[DEBUG] Full status --porcelain output:
  →  D track.als
[DEBUG] Raw Git status --porcelain:
[DEBUG] Checking cleaned file path: track.als
[DEBUG] Unsaved change detected: track.als
[32mPASSED[0m
tests_dawgit/test_commit_deletion_effect.py::test_deleted_commit_disappears_from_history [WARNING] Stylesheet not loaded: [Errno 2] No such file or directory: 'styles/dawgit_styles.qss'
[DEBUG] Loaded project path: /private/var/folders/yx/c_cp834d18v7ptq75l5x7twm0000gn/T/pytest-of-niccavendish/pytest-0/test_deleted_commit_disappears0/DeleteCommitTest
[DEBUG] Initializing Git...
[DEBUG] Found DAW files: [PosixPath('/private/var/folders/yx/c_cp834d18v7ptq75l5x7twm0000gn/T/pytest-of-niccavendish/pytest-0/test_deleted_commit_disappears0/DeleteCommitTest/a.als'), PosixPath('/private/var/folders/yx/c_cp834d18v7ptq75l5x7twm0000gn/T/pytest-of-niccavendish/pytest-0/test_deleted_commit_disappears0/DeleteCommitTest/b.als')]
[DEBUG] Found existing Git repo at /private/var/folders/yx/c_cp834d18v7ptq75l5x7twm0000gn/T/pytest-of-niccavendish/pytest-0/test_deleted_commit_disappears0/DeleteCommitTest
[DEBUG] Repo rebound: HEAD = f880e78
ℹ️ Existing Git repo found — checking status...
⚠️ Skipping update_log(): history_table not initialized yet.
[DEBUG] Initializing Git...
[DEBUG] Found DAW files: [PosixPath('/private/var/folders/yx/c_cp834d18v7ptq75l5x7twm0000gn/T/pytest-of-niccavendish/pytest-0/test_deleted_commit_disappears0/DeleteCommitTest/a.als'), PosixPath('/private/var/folders/yx/c_cp834d18v7ptq75l5x7twm0000gn/T/pytest-of-niccavendish/pytest-0/test_deleted_commit_disappears0/DeleteCommitTest/b.als')]
[DEBUG] Found existing Git repo at /private/var/folders/yx/c_cp834d18v7ptq75l5x7twm0000gn/T/pytest-of-niccavendish/pytest-0/test_deleted_commit_disappears0/DeleteCommitTest
[DEBUG] Repo rebound: HEAD = f880e78
ℹ️ Existing Git repo found — checking status...
⚠️ Skipping update_log(): history_table not initialized yet.
[WARNING] Stylesheet not loaded: [Errno 2] No such file or directory: 'styles/dawgit_styles.qss'
[DEBUG] Loaded project path: /private/var/folders/yx/c_cp834d18v7ptq75l5x7twm0000gn/T/pytest-of-niccavendish/pytest-0/test_deleted_commit_disappears0/DeleteCommitTest
[DEBUG] Initializing Git...
[DEBUG] Found DAW files: [PosixPath('/private/var/folders/yx/c_cp834d18v7ptq75l5x7twm0000gn/T/pytest-of-niccavendish/pytest-0/test_deleted_commit_disappears0/DeleteCommitTest/a.als'), PosixPath('/private/var/folders/yx/c_cp834d18v7ptq75l5x7twm0000gn/T/pytest-of-niccavendish/pytest-0/test_deleted_commit_disappears0/DeleteCommitTest/b.als')]
[DEBUG] Found existing Git repo at /private/var/folders/yx/c_cp834d18v7ptq75l5x7twm0000gn/T/pytest-of-niccavendish/pytest-0/test_deleted_commit_disappears0/DeleteCommitTest
[DEBUG] Repo rebound: HEAD = 95fb725
ℹ️ Existing Git repo found — checking status...
⚠️ Skipping update_log(): history_table not initialized yet.
[DEBUG] Initializing Git...
[DEBUG] Found DAW files: [PosixPath('/private/var/folders/yx/c_cp834d18v7ptq75l5x7twm0000gn/T/pytest-of-niccavendish/pytest-0/test_deleted_commit_disappears0/DeleteCommitTest/a.als'), PosixPath('/private/var/folders/yx/c_cp834d18v7ptq75l5x7twm0000gn/T/pytest-of-niccavendish/pytest-0/test_deleted_commit_disappears0/DeleteCommitTest/b.als')]
[DEBUG] Found existing Git repo at /private/var/folders/yx/c_cp834d18v7ptq75l5x7twm0000gn/T/pytest-of-niccavendish/pytest-0/test_deleted_commit_disappears0/DeleteCommitTest
[DEBUG] Repo rebound: HEAD = 95fb725
ℹ️ Existing Git repo found — checking status...
⚠️ Skipping update_log(): history_table not initialized yet.
[DEBUG] Full status --porcelain output:
[DEBUG] Raw Git status --porcelain:
[DEBUG] Recently modified .als detected: a.als
🔒 Unsaved changes backed up to: /private/var/folders/yx/c_cp834d18v7ptq75l5x7twm0000gn/T/pytest-of-niccavendish/pytest-0/test_deleted_commit_disappears0/Backup_DeleteCommitTest_20250520_191259
[DEBUG] Initializing Git...
[DEBUG] Found DAW files: [PosixPath('/private/var/folders/yx/c_cp834d18v7ptq75l5x7twm0000gn/T/pytest-of-niccavendish/pytest-0/test_deleted_commit_disappears0/DeleteCommitTest/a.als'), PosixPath('/private/var/folders/yx/c_cp834d18v7ptq75l5x7twm0000gn/T/pytest-of-niccavendish/pytest-0/test_deleted_commit_disappears0/DeleteCommitTest/b.als')]
[DEBUG] Found existing Git repo at /private/var/folders/yx/c_cp834d18v7ptq75l5x7twm0000gn/T/pytest-of-niccavendish/pytest-0/test_deleted_commit_disappears0/DeleteCommitTest
[DEBUG] Repo rebound: HEAD = f880e78
[DEBUG] ✅ Matched HEAD SHA: f880e78 → row 0
[DEBUG] Selected row = 0, SHA = f880e78766566e508f9b2211724408d264ec75c3
[DEBUG] ✅ SHA set from selected row: f880e78766566e508f9b2211724408d264ec75c3
[DEBUG] ✅ Final scroll to HEAD row 0
ℹ️ Existing Git repo found — checking status...
[DEBUG] self.current_commit_id before update_log: f880e78766566e508f9b2211724408d264ec75c3
[DEBUG] ✅ Matched HEAD SHA: f880e78 → row 0
[DEBUG] Selected row = 0, SHA = f880e78766566e508f9b2211724408d264ec75c3
[DEBUG] ✅ SHA set from selected row: f880e78766566e508f9b2211724408d264ec75c3
[DEBUG] ✅ Final scroll to HEAD row 0
[DEBUG] ✅ Matched HEAD SHA: f880e78 → row 0
[DEBUG] Selected row = 0, SHA = f880e78766566e508f9b2211724408d264ec75c3
[DEBUG] ✅ SHA set from selected row: f880e78766566e508f9b2211724408d264ec75c3
[DEBUG] ✅ Final scroll to HEAD row 0
[STATUS] 🗑️ Snapshot deleted using rebase --onto.
[DEBUG] Skipping test/placeholder file: /private/var/folders/yx/c_cp834d18v7ptq75l5x7twm0000gn/T/pytest-of-niccavendish/pytest-0/test_deleted_commit_disappears0/DeleteCommitTest/b.als
[DEBUG] Full status --porcelain output:
  →  D dummy.als
  →  D session.als
[DEBUG] Raw Git status --porcelain:
[DEBUG] Checking cleaned file path: dummy.als
[DEBUG] Unsaved change detected: dummy.als
[DEBUG] Full status --porcelain output:
  →  D track.als
[DEBUG] Raw Git status --porcelain:
[DEBUG] Checking cleaned file path: track.als
[DEBUG] Unsaved change detected: track.als
[32mPASSED[0m
tests_dawgit/test_commit_logic.py::test_commit_requires_daw_file [TEST MODE] Forced project path via env var: /var/folders/yx/c_cp834d18v7ptq75l5x7twm0000gn/T/tmpke5emaj9
[DEBUG] Skipping QTimer.singleShot — parent not visible.
[WARN] Could not load take label for branch main: 'NoneType' object has no attribute 'head'
[WARN] Could not load take label for branch experiment: 'NoneType' object has no attribute 'head'
[WARN] Could not load take label for branch alt_mix: 'NoneType' object has no attribute 'head'
[DEBUG] Skipping QTimer.singleShot — parent not visible.
[WARNING] Stylesheet not loaded: [Errno 2] No such file or directory: 'styles/dawgit_styles.qss'
[DEBUG] Loaded project path: /var/folders/yx/c_cp834d18v7ptq75l5x7twm0000gn/T/tmpke5emaj9
[DEBUG] Initializing Git...
[DEBUG] Found DAW files: []
🧪 [Test Mode] No DAW files found — continuing with empty project.
[DEBUG] Found existing Git repo at /var/folders/yx/c_cp834d18v7ptq75l5x7twm0000gn/T/tmpke5emaj9
[DEBUG] Repo rebound: HEAD = 877cd70
[DEBUG] ✅ Matched HEAD SHA: 877cd70 → row 1
[DEBUG] Selected row = 1, SHA = 877cd70cffb8c5b0e7777f3bf3b9d4e7e85e929a
[DEBUG] ✅ SHA set from selected row: 877cd70cffb8c5b0e7777f3bf3b9d4e7e85e929a
[DEBUG] status label set: ✅ 🎧 On version line — 🎵 Session branch: <span style="color:#00BCD4;">main</span> — Current take: <span style="color:#00BCD4;">version 2</span>
[DEBUG] ✅ Final scroll to HEAD row 1
[DEBUG] status label set: ✅ 🎧 On version line — 🎵 Session branch: <span style="color:#00BCD4;">main</span> — Current take: <span style="color:#00BCD4;">version 2</span>
[DEBUG] status label set: ✅ 🎧 On version line — 🎵 Session branch: <span style="color:#00BCD4;">main</span> — Current take: <span style="color:#00BCD4;">version 2</span>
ℹ️ Existing Git repo found — checking status...
[...]
[DEBUG] Selected row = 0, SHA = 2485a149975643d7b7001db97d1be2f0507e2e04
[DEBUG] ✅ SHA set from selected row: 2485a149975643d7b7001db97d1be2f0507e2e04
[DEBUG] Role 'alt_2' assigned to commit 2485a149975643d7b7001db97d1be2f0507e2e04
[DEBUG] Saved commit roles to /private/var/folders/yx/c_cp834d18v7ptq75l5x7twm0000gn/T/pytest-of-niccavendish/pytest-3/test_tag_custom_label_assigns_0/.dawgit_roles.json
[DEBUG] Assigned role 'alt_2' to commit 2485a149975643d7b7001db97d1be2f0507e2e04
[DEBUG] Saved PROJECT_MARKER.json to /private/var/folders/yx/c_cp834d18v7ptq75l5x7twm0000gn/T/pytest-of-niccavendish/pytest-3/test_tag_custom_label_assigns_0/PROJECT_MARKER.json
[DEBUG] Saved commit roles to /private/var/folders/yx/c_cp834d18v7ptq75l5x7twm0000gn/T/pytest-of-niccavendish/pytest-3/test_tag_custom_label_assigns_0/.dawgit_roles.json
[STATUS] ✏️ Commit tagged as 'alt_2': 2485a14
[DEBUG] DAWGIT_TEST_MODE active — running load_commit_history directly
[DEBUG] Repo valid: True
[DEBUG] HEAD SHA: 2485a149975643d7b7001db97d1be2f0507e2e04
[DEBUG] Total commits: 1
[DEBUG] Loaded commit roles from /private/var/folders/yx/c_cp834d18v7ptq75l5x7twm0000gn/T/pytest-of-niccavendish/pytest-3/test_tag_custom_label_assigns_0/.dawgit_roles.json
[DEBUG] Selected row = 0, SHA = 2485a149975643d7b7001db97d1be2f0507e2e04
[DEBUG] ✅ SHA set from selected row: 2485a149975643d7b7001db97d1be2f0507e2e04
[DEBUG] status label set: Session branch: main — Take: version 1
PASSED

============================== 5 passed in 5.81s ===============================
============================= test session starts ==============================
platform darwin -- Python 3.12.3, pytest-8.3.5, pluggy-1.5.0 -- /Users/niccavendish/.pyenv/versions/3.12.3/bin/python3.12
cachedir: .pytest_cache
PyQt6 6.9.0 -- Qt runtime 6.9.0 -- Qt compiled 6.9.0
rootdir: /Users/niccavendish/Projects/DAWGitApp
configfile: pytest.ini
plugins: qt-4.4.0, env-1.1.5, timeout-2.4.0, rich-0.2.0
timeout: 10.0s
timeout method: signal
timeout func_only: False
collecting ... collected 5 items

tests_dawgit/test_commit_tagging.py::test_assign_commit_role_variants[Main Mix] [DEBUG] No PROJECT_MARKER.json found — using defaults
[DEBUG] No commit role file found at /tmp/test_tagging_a9bc4a8d20034eee90cb19568e7fbd39/.dawgit_roles.json
❌ No Git repo loaded.
[DEBUG] Skipping QTimer.singleShot — parent not visible.
[DEBUG] Loaded project path: /tmp/test_tagging_a9bc4a8d20034eee90cb19568e7fbd39
[DEBUG] Calling GitProjectManager.init_repo()
[DEBUG] Initializing Git...
[DEBUG] Found DAW files: [PosixPath('/tmp/test_tagging_a9bc4a8d20034eee90cb19568e7fbd39/track.als')]
[DEBUG] Found existing Git repo at /tmp/test_tagging_a9bc4a8d20034eee90cb19568e7fbd39
[DEBUG] Initializing Git...
[DEBUG] Found DAW files: [PosixPath('/tmp/test_tagging_a9bc4a8d20034eee90cb19568e7fbd39/track.als')]
[DEBUG] Found existing Git repo at /tmp/test_tagging_a9bc4a8d20034eee90cb19568e7fbd39
✅ Saved last project path: /tmp/test_tagging_a9bc4a8d20034eee90cb19568e7fbd39
[DEBUG] No commit role file found at /tmp/test_tagging_a9bc4a8d20034eee90cb19568e7fbd39/.dawgit_roles.json
[DEBUG] status label set: Session branch: main — Take: version 1
[DEBUG] Repo valid: True
[DEBUG] HEAD SHA: 042537fe668128351449638877a8264f17496033
[DEBUG] Total commits: 1
[DEBUG] No commit role file found at /tmp/test_tagging_a9bc4a8d20034eee90cb19568e7fbd39/.dawgit_roles.json
[DEBUG] Selected row = 0, SHA = 042537fe668128351449638877a8264f17496033
[DEBUG] ✅ SHA set from selected row: 042537fe668128351449638877a8264f17496033
[DEBUG] status label set: Session branch: main — Take: version 1
[DEBUG] No commit role file found at /tmp/test_tagging_a9bc4a8d20034eee90cb19568e7fbd39/.dawgit_roles.json
[DEBUG] Repo valid: True
[DEBUG] HEAD SHA: 042537fe668128351449638877a8264f17496033
[DEBUG] Total commits: 1
[DEBUG] No commit role file found at /tmp/test_tagging_a9bc4a8d20034eee90cb19568e7fbd39/.dawgit_roles.json
[DEBUG] Selected row = 0, SHA = 042537fe668128351449638877a8264f17496033
[DEBUG] ✅ SHA set from selected row: 042537fe668128351449638877a8264f17496033
[DEBUG] status label set: Session branch: main — Take: version 1
[DEBUG] Initializing Git...
[DEBUG] Found DAW files: [PosixPath('/tmp/test_tagging_a9bc4a8d20034eee90cb19568e7fbd39/track.als')]
[DEBUG] Found existing Git repo at /tmp/test_tagging_a9bc4a8d20034eee90cb19568e7fbd39
[DEBUG] Initializing Git...
[DEBUG] Found DAW files: [PosixPath('/tmp/test_tagging_a9bc4a8d20034eee90cb19568e7fbd39/track.als')]
[DEBUG] Found existing Git repo at /tmp/test_tagging_a9bc4a8d20034eee90cb19568e7fbd39
[DEBUG] status label set: Session branch: main — Take: version 1
[DEBUG] Role 'Main Mix' assigned to commit 042537fe668128351449638877a8264f17496033
[DEBUG] Saved commit roles to /tmp/test_tagging_a9bc4a8d20034eee90cb19568e7fbd39/.dawgit_roles.json
[DEBUG] Assigned role 'Main Mix' to commit 042537fe668128351449638877a8264f17496033
[DEBUG] Saved PROJECT_MARKER.json to /tmp/test_tagging_a9bc4a8d20034eee90cb19568e7fbd39/PROJECT_MARKER.json
[DEBUG] Saved commit roles to /tmp/test_tagging_a9bc4a8d20034eee90cb19568e7fbd39/.dawgit_roles.json
PASSED
tests_dawgit/test_commit_tagging.py::test_assign_commit_role_variants[creative_take] [DEBUG] No PROJECT_MARKER.json found — using defaults
[DEBUG] No commit role file found at /tmp/test_tagging_1989accb0db448db8783cc92ce9fff79/.dawgit_roles.json
❌ No Git repo loaded.
[DEBUG] Skipping QTimer.singleShot — parent not visible.
[WARNING] Stylesheet not loaded: [Errno 2] No such file or directory: 'styles/dawgit_styles.qss'
[DEBUG] Loaded project path: /tmp/test_tagging_1989accb0db448db8783cc92ce9fff79
[DEBUG] Calling GitProjectManager.init_repo()
[DEBUG] Initializing Git...
[DEBUG] Found DAW files: [PosixPath('/tmp/test_tagging_1989accb0db448db8783cc92ce9fff79/track.als')]
[DEBUG] Found existing Git repo at /tmp/test_tagging_1989accb0db448db8783cc92ce9fff79
[DEBUG] Initializing Git...
[DEBUG] Found DAW files: [PosixPath('/tmp/test_tagging_1989accb0db448db8783cc92ce9fff79/track.als')]
[DEBUG] Found existing Git repo at /tmp/test_tagging_1989accb0db448db8783cc92ce9fff79
✅ Saved last project path: /tmp/test_tagging_1989accb0db448db8783cc92ce9fff79
[DEBUG] No commit role file found at /tmp/test_tagging_1989accb0db448db8783cc92ce9fff79/.dawgit_roles.json
[DEBUG] status label set: Session branch: main — Take: version 1
[DEBUG] Repo valid: True
[DEBUG] HEAD SHA: f7576a58cd412b38a2658356bc527b171bef568f
[DEBUG] Total commits: 1
[DEBUG] No commit role file found at /tmp/test_tagging_1989accb0db448db8783cc92ce9fff79/.dawgit_roles.json
[DEBUG] Selected row = 0, SHA = f7576a58cd412b38a2658356bc527b171bef568f
[DEBUG] ✅ SHA set from selected row: f7576a58cd412b38a2658356bc527b171bef568f
[DEBUG] status label set: Session branch: main — Take: version 1
[DEBUG] No commit role file found at /tmp/test_tagging_1989accb0db448db8783cc92ce9fff79/.dawgit_roles.json
[DEBUG] Repo valid: True
[DEBUG] HEAD SHA: f7576a58cd412b38a2658356bc527b171bef568f
[DEBUG] Total commits: 1
[DEBUG] No commit role file found at /tmp/test_tagging_1989accb0db448db8783cc92ce9fff79/.dawgit_roles.json
[DEBUG] Selected row = 0, SHA = f7576a58cd412b38a2658356bc527b171bef568f
[DEBUG] ✅ SHA set from selected row: f7576a58cd412b38a2658356bc527b171bef568f
[DEBUG] status label set: Session branch: main — Take: version 1
[DEBUG] Initializing Git...
[DEBUG] Found DAW files: [PosixPath('/tmp/test_tagging_1989accb0db448db8783cc92ce9fff79/track.als')]
[DEBUG] Found existing Git repo at /tmp/test_tagging_1989accb0db448db8783cc92ce9fff79
[DEBUG] Initializing Git...
[DEBUG] Found DAW files: [PosixPath('/tmp/test_tagging_1989accb0db448db8783cc92ce9fff79/track.als')]
[DEBUG] Found existing Git repo at /tmp/test_tagging_1989accb0db448db8783cc92ce9fff79
[DEBUG] status label set: Session branch: main — Take: version 1
[DEBUG] Role 'creative_take' assigned to commit f7576a58cd412b38a2658356bc527b171bef568f
[DEBUG] Saved commit roles to /tmp/test_tagging_1989accb0db448db8783cc92ce9fff79/.dawgit_roles.json
[DEBUG] Assigned role 'creative_take' to commit f7576a58cd412b38a2658356bc527b171bef568f
[DEBUG] Saved PROJECT_MARKER.json to /tmp/test_tagging_1989accb0db448db8783cc92ce9fff79/PROJECT_MARKER.json
[DEBUG] Saved commit roles to /tmp/test_tagging_1989accb0db448db8783cc92ce9fff79/.dawgit_roles.json
PASSED
tests_dawgit/test_commit_tagging.py::test_assign_commit_role_variants[alt_mixdown] [DEBUG] No PROJECT_MARKER.json found — using defaults
[DEBUG] No commit role file found at /tmp/test_tagging_ad983522cc77477e807b312e672ab4c5/.dawgit_roles.json
❌ No Git repo loaded.
[DEBUG] Skipping QTimer.singleShot — parent not visible.
[WARNING] Stylesheet not loaded: [Errno 2] No such file or directory: 'styles/dawgit_styles.qss'
[DEBUG] Loaded project path: /tmp/test_tagging_ad983522cc77477e807b312e672ab4c5
[DEBUG] Calling GitProjectManager.init_repo()
[DEBUG] Initializing Git...
[DEBUG] Found DAW files: [PosixPath('/tmp/test_tagging_ad983522cc77477e807b312e672ab4c5/track.als')]
[DEBUG] Found existing Git repo at /tmp/test_tagging_ad983522cc77477e807b312e672ab4c5
[DEBUG] Initializing Git...
[DEBUG] Found DAW files: [PosixPath('/tmp/test_tagging_ad983522cc77477e807b312e672ab4c5/track.als')]
[DEBUG] Found existing Git repo at /tmp/test_tagging_ad983522cc77477e807b312e672ab4c5
✅ Saved last project path: /tmp/test_tagging_ad983522cc77477e807b312e672ab4c5
[DEBUG] No commit role file found at /tmp/test_tagging_ad983522cc77477e807b312e672ab4c5/.dawgit_roles.json
[DEBUG] status label set: Session branch: main — Take: version 1
[DEBUG] Repo valid: True
[DEBUG] HEAD SHA: 9f306b309eb044c37c5dc5636a6a2103f81fa082
[DEBUG] Total commits: 1
[DEBUG] No commit role file found at /tmp/test_tagging_ad983522cc77477e807b312e672ab4c5/.dawgit_roles.json
[DEBUG] Selected row = 0, SHA = 9f306b309eb044c37c5dc5636a6a2103f81fa082
[DEBUG] ✅ SHA set from selected row: 9f306b309eb044c37c5dc5636a6a2103f81fa082
[DEBUG] status label set: Session branch: main — Take: version 1
[DEBUG] No commit role file found at /tmp/test_tagging_ad983522cc77477e807b312e672ab4c5/.dawgit_roles.json
[DEBUG] Repo valid: True
[DEBUG] HEAD SHA: 9f306b309eb044c37c5dc5636a6a2103f81fa082
[DEBUG] Total commits: 1
[DEBUG] No commit role file found at /tmp/test_tagging_ad983522cc77477e807b312e672ab4c5/.dawgit_roles.json
[DEBUG] Selected row = 0, SHA = 9f306b309eb044c37c5dc5636a6a2103f81fa082
[DEBUG] ✅ SHA set from selected row: 9f306b309eb044c37c5dc5636a6a2103f81fa082
[DEBUG] status label set: Session branch: main — Take: version 1
[DEBUG] Initializing Git...
[DEBUG] Found DAW files: [PosixPath('/tmp/test_tagging_ad983522cc77477e807b312e672ab4c5/track.als')]
[DEBUG] Found existing Git repo at /tmp/test_tagging_ad983522cc77477e807b312e672ab4c5
[DEBUG] Initializing Git...
[DEBUG] Found DAW files: [PosixPath('/tmp/test_tagging_ad983522cc77477e807b312e672ab4c5/track.als')]
[DEBUG] Found existing Git repo at /tmp/test_tagging_ad983522cc77477e807b312e672ab4c5
[DEBUG] status label set: Session branch: main — Take: version 1
[DEBUG] Role 'alt_mixdown' assigned to commit 9f306b309eb044c37c5dc5636a6a2103f81fa082
[DEBUG] Saved commit roles to /tmp/test_tagging_ad983522cc77477e807b312e672ab4c5/.dawgit_roles.json
[DEBUG] Assigned role 'alt_mixdown' to commit 9f306b309eb044c37c5dc5636a6a2103f81fa082
[DEBUG] Saved PROJECT_MARKER.json to /tmp/test_tagging_ad983522cc77477e807b312e672ab4c5/PROJECT_MARKER.json
[DEBUG] Saved commit roles to /tmp/test_tagging_ad983522cc77477e807b312e672ab4c5/.dawgit_roles.json
PASSED
tests_dawgit/test_commit_tagging.py::test_assign_commit_role_variants[my_custom_tag] [DEBUG] No PROJECT_MARKER.json found — using defaults
[DEBUG] No commit role file found at /tmp/test_tagging_960b6a0abc144e0ebff9a302e0efb642/.dawgit_roles.json
❌ No Git repo loaded.
[DEBUG] Skipping QTimer.singleShot — parent not visible.
[WARNING] Stylesheet not loaded: [Errno 2] No such file or directory: 'styles/dawgit_styles.qss'
[DEBUG] Loaded project path: /tmp/test_tagging_960b6a0abc144e0ebff9a302e0efb642
[DEBUG] Calling GitProjectManager.init_repo()
[DEBUG] Initializing Git...
[DEBUG] Found DAW files: [PosixPath('/tmp/test_tagging_960b6a0abc144e0ebff9a302e0efb642/track.als')]
[DEBUG] Found existing Git repo at /tmp/test_tagging_960b6a0abc144e0ebff9a302e0efb642
[DEBUG] Initializing Git...
[DEBUG] Found DAW files: [PosixPath('/tmp/test_tagging_960b6a0abc144e0ebff9a302e0efb642/track.als')]
[DEBUG] Found existing Git repo at /tmp/test_tagging_960b6a0abc144e0ebff9a302e0efb642
✅ Saved last project path: /tmp/test_tagging_960b6a0abc144e0ebff9a302e0efb642
[DEBUG] No commit role file found at /tmp/test_tagging_960b6a0abc144e0ebff9a302e0efb642/.dawgit_roles.json
[DEBUG] status label set: Session branch: main — Take: version 1
[DEBUG] Repo valid: True
[DEBUG] HEAD SHA: 80278375bce9086ddcd59350316c8b0092f43625
[DEBUG] Total commits: 1
[DEBUG] No commit role file found at /tmp/test_tagging_960b6a0abc144e0ebff9a302e0efb642/.dawgit_roles.json
[DEBUG] Selected row = 0, SHA = 80278375bce9086ddcd59350316c8b0092f43625
[DEBUG] ✅ SHA set from selected row: 80278375bce9086ddcd59350316c8b0092f43625
[DEBUG] status label set: Session branch: main — Take: version 1
[DEBUG] No commit role file found at /tmp/test_tagging_960b6a0abc144e0ebff9a302e0efb642/.dawgit_roles.json
[DEBUG] Repo valid: True
[DEBUG] HEAD SHA: 80278375bce9086ddcd59350316c8b0092f43625
[DEBUG] Total commits: 1
[DEBUG] No commit role file found at /tmp/test_tagging_960b6a0abc144e0ebff9a302e0efb642/.dawgit_roles.json
[DEBUG] Selected row = 0, SHA = 80278375bce9086ddcd59350316c8b0092f43625
[DEBUG] ✅ SHA set from selected row: 80278375bce9086ddcd59350316c8b0092f43625
[DEBUG] status label set: Session branch: main — Take: version 1
[DEBUG] Initializing Git...
[DEBUG] Found DAW files: [PosixPath('/tmp/test_tagging_960b6a0abc144e0ebff9a302e0efb642/track.als')]
[DEBUG] Found existing Git repo at /tmp/test_tagging_960b6a0abc144e0ebff9a302e0efb642
[DEBUG] Initializing Git...
[DEBUG] Found DAW files: [PosixPath('/tmp/test_tagging_960b6a0abc144e0ebff9a302e0efb642/track.als')]
[DEBUG] Found existing Git repo at /tmp/test_tagging_960b6a0abc144e0ebff9a302e0efb642
[DEBUG] status label set: Session branch: main — Take: version 1
[DEBUG] Role 'my_custom_tag' assigned to commit 80278375bce9086ddcd59350316c8b0092f43625
[DEBUG] Saved commit roles to /tmp/test_tagging_960b6a0abc144e0ebff9a302e0efb642/.dawgit_roles.json
[DEBUG] Assigned role 'my_custom_tag' to commit 80278375bce9086ddcd59350316c8b0092f43625
[DEBUG] Saved PROJECT_MARKER.json to /tmp/test_tagging_960b6a0abc144e0ebff9a302e0efb642/PROJECT_MARKER.json
[DEBUG] Saved commit roles to /tmp/test_tagging_960b6a0abc144e0ebff9a302e0efb642/.dawgit_roles.json
PASSED
tests_dawgit/test_commit_tagging.py::test_tag_custom_label_assigns_alt2 [DEBUG] No PROJECT_MARKER.json found — using defaults
[DEBUG] No commit role file found at /private/var/folders/yx/c_cp834d18v7ptq75l5x7twm0000gn/T/pytest-of-niccavendish/pytest-2/test_tag_custom_label_assigns_0/.dawgit_roles.json
❌ No Git repo loaded.
[DEBUG] Skipping QTimer.singleShot — parent not visible.
[WARNING] Stylesheet not loaded: [Errno 2] No such file or directory: 'styles/dawgit_styles.qss'
[DEBUG] Loaded project path: /private/var/folders/yx/c_cp834d18v7ptq75l5x7twm0000gn/T/pytest-of-niccavendish/pytest-2/test_tag_custom_label_assigns_0
[DEBUG] Calling GitProjectManager.init_repo()
[DEBUG] Initializing Git...
[DEBUG] Found DAW files: [PosixPath('/private/var/folders/yx/c_cp834d18v7ptq75l5x7twm0000gn/T/pytest-of-niccavendish/pytest-2/test_tag_custom_label_assigns_0/track.als')]
[DEBUG] Found existing Git repo at /private/var/folders/yx/c_cp834d18v7ptq75l5x7twm0000gn/T/pytest-of-niccavendish/pytest-2/test_tag_custom_label_assigns_0
[DEBUG] Initializing Git...
[DEBUG] Found DAW files: [PosixPath('/private/var/folders/yx/c_cp834d18v7ptq75l5x7twm0000gn/T/pytest-of-niccavendish/pytest-2/test_tag_custom_label_assigns_0/track.als')]
[DEBUG] Found existing Git repo at /private/var/folders/yx/c_cp834d18v7ptq75l5x7twm0000gn/T/pytest-of-niccavendish/pytest-2/test_tag_custom_label_assigns_0
✅ Saved last project path: /private/var/folders/yx/c_cp834d18v7ptq75l5x7twm0000gn/T/pytest-of-niccavendish/pytest-2/test_tag_custom_label_assigns_0
[DEBUG] No commit role file found at /private/var/folders/yx/c_cp834d18v7ptq75l5x7twm0000gn/T/pytest-of-niccavendish/pytest-2/test_tag_custom_label_assigns_0/.dawgit_roles.json
[DEBUG] status label set: Session branch: main — Take: version 1
[DEBUG] Repo valid: True
[DEBUG] HEAD SHA: 274f0418edd07bb4c28656f090b8679784b11d65
[DEBUG] Total commits: 1
[DEBUG] No commit role file found at /private/var/folders/yx/c_cp834d18v7ptq75l5x7twm0000gn/T/pytest-of-niccavendish/pytest-2/test_tag_custom_label_assigns_0/.dawgit_roles.json
[DEBUG] Selected row = 0, SHA = 274f0418edd07bb4c28656f090b8679784b11d65
[DEBUG] ✅ SHA set from selected row: 274f0418edd07bb4c28656f090b8679784b11d65
[DEBUG] status label set: Session branch: main — Take: version 1
[DEBUG] No commit role file found at /private/var/folders/yx/c_cp834d18v7ptq75l5x7twm0000gn/T/pytest-of-niccavendish/pytest-2/test_tag_custom_label_assigns_0/.dawgit_roles.json
[DEBUG] Repo valid: True
[DEBUG] HEAD SHA: 274f0418edd07bb4c28656f090b8679784b11d65
[DEBUG] Total commits: 1
[DEBUG] No commit role file found at /private/var/folders/yx/c_cp834d18v7ptq75l5x7twm0000gn/T/pytest-of-niccavendish/pytest-2/test_tag_custom_label_assigns_0/.dawgit_roles.json
[DEBUG] Selected row = 0, SHA = 274f0418edd07bb4c28656f090b8679784b11d65
[DEBUG] ✅ SHA set from selected row: 274f0418edd07bb4c28656f090b8679784b11d65
[DEBUG] status label set: Session branch: main — Take: version 1
[DEBUG] Initializing Git...
[DEBUG] Found DAW files: [PosixPath('/private/var/folders/yx/c_cp834d18v7ptq75l5x7twm0000gn/T/pytest-of-niccavendish/pytest-2/test_tag_custom_label_assigns_0/track.als')]
[DEBUG] Found existing Git repo at /private/var/folders/yx/c_cp834d18v7ptq75l5x7twm0000gn/T/pytest-of-niccavendish/pytest-2/test_tag_custom_label_assigns_0
[DEBUG] Initializing Git...
[DEBUG] Found DAW files: [PosixPath('/private/var/folders/yx/c_cp834d18v7ptq75l5x7twm0000gn/T/pytest-of-niccavendish/pytest-2/test_tag_custom_label_assigns_0/track.als')]
[DEBUG] Found existing Git repo at /private/var/folders/yx/c_cp834d18v7ptq75l5x7twm0000gn/T/pytest-of-niccavendish/pytest-2/test_tag_custom_label_assigns_0
[DEBUG] status label set: Session branch: main — Take: version 1
[DEBUG] Selected row = 0, SHA = 274f0418edd07bb4c28656f090b8679784b11d65
[DEBUG] ✅ SHA set from selected row: 274f0418edd07bb4c28656f090b8679784b11d65
[DEBUG] Role 'alt_2' assigned to commit 274f0418edd07bb4c28656f090b8679784b11d65
[DEBUG] Saved commit roles to /private/var/folders/yx/c_cp834d18v7ptq75l5x7twm0000gn/T/pytest-of-niccavendish/pytest-2/test_tag_custom_label_assigns_0/.dawgit_roles.json
[DEBUG] Assigned role 'alt_2' to commit 274f0418edd07bb4c28656f090b8679784b11d65
[DEBUG] Saved PROJECT_MARKER.json to /private/var/folders/yx/c_cp834d18v7ptq75l5x7twm0000gn/T/pytest-of-niccavendish/pytest-2/test_tag_custom_label_assigns_0/PROJECT_MARKER.json
[DEBUG] Saved commit roles to /private/var/folders/yx/c_cp834d18v7ptq75l5x7twm0000gn/T/pytest-of-niccavendish/pytest-2/test_tag_custom_label_assigns_0/.dawgit_roles.json
[STATUS] ✏️ Commit tagged as 'alt_2': 274f041
[DEBUG] DAWGIT_TEST_MODE active — running load_commit_history directly
[DEBUG] Repo valid: True
[DEBUG] HEAD SHA: 274f0418edd07bb4c28656f090b8679784b11d65
[DEBUG] Total commits: 1
[DEBUG] Loaded commit roles from /private/var/folders/yx/c_cp834d18v7ptq75l5x7twm0000gn/T/pytest-of-niccavendish/pytest-2/test_tag_custom_label_assigns_0/.dawgit_roles.json
[DEBUG] Selected row = 0, SHA = 274f0418edd07bb4c28656f090b8679784b11d65
[DEBUG] ✅ SHA set from selected row: 274f0418edd07bb4c28656f090b8679784b11d65
[DEBUG] status label set: Session branch: main — Take: version 1
PASSED

============================== 5 passed in 6.41s ===============================
